<?xml version="1.0" encoding="UTF-8"?>
<testsuites name="Patient Management" time="185.012" tests="4" failures="1" errors="0">
   <testsuite name="Patient Management" tests="4" failures="1" errors="0" time="185.012" skipped="0" timestamp="08-05-2024T14:23:45" hostname="safaamarir - 192.168.1.4" id="Test Suites/IS iPhone/Patient Management">
      <properties>
         <property name="deviceName" value="Safa’s iPhone"/>
         <property name="devicePlatform" value=""/>
         <property name="logFolder" value="/Users/safaamarir/git/Android_Automation/Reports/20240508_142341/IS iPhone/Patient Management/20240508_142342"/>
         <property name="logFiles" value="/Users/safaamarir/git/Android_Automation/Reports/20240508_142341/IS iPhone/Patient Management/20240508_142342/execution0.log, /Users/safaamarir/git/Android_Automation/Reports/20240508_142341/IS iPhone/Patient Management/20240508_142342/appium_error.log, /Users/safaamarir/git/Android_Automation/Reports/20240508_142341/IS iPhone/Patient Management/20240508_142342/appium.log, /Users/safaamarir/git/Android_Automation/Reports/20240508_142341/IS iPhone/Patient Management/20240508_142342/appium-proxy-server.log"/>
         <property name="attachments" value="/Users/safaamarir/git/Android_Automation/Reports/20240508_142341/IS iPhone/Patient Management/20240508_142342/1715174798444.png, /Users/safaamarir/git/Android_Automation/Reports/20240508_142341/IS iPhone/Patient Management/20240508_142342/1715174798802.png"/>
         <property name="hostName" value="safaamarir - 192.168.1.4"/>
         <property name="os" value="Mac OS X 64bit"/>
         <property name="appiumServerStatus" value="{&quot;value&quot;:{&quot;ready&quot;:true,&quot;message&quot;:&quot;The server is ready to accept new connections&quot;,&quot;build&quot;:{&quot;version&quot;:&quot;2.4.1&quot;,&quot;git-sha&quot;:&quot;82c2e743a5bcea725f9ca1429e3e21c3088ff904&quot;,&quot;built&quot;:&quot;2024-05-06 08:46:28 +0100&quot;}}}"/>
         <property name="katalonVersion" value="9.2.0.212"/>
         <property name="deviceOS" value="iOS"/>
         <property name="appiumVersion" value="2.4.1"/>
         <property name="deviceModel" value="iPhone14,5"/>
         <property name="hostAddress" value="192.168.1.4"/>
         <property name="deviceManufacturer" value="Apple"/>
         <property name="deviceId" value="00008110-00112D590CD0201E"/>
         <property name="deviceName" value="Safa’s iPhone"/>
         <property name="deviceOSVersion" value="17.4.1"/>
      </properties>
      <testcase name="Test Cases/IOS/User Management/EK-8491 IS iPhone - Sign in" time="64.728" classname="Test Cases/IOS/User Management/EK-8491 IS iPhone - Sign in" status="PASSED">
         <system-out><![CDATA[08-05-2024T14:23:45 - [TEST_CASE][PASSED] - Test Cases/IOS/User Management/EK-8491 IS iPhone - Sign in: Test Cases/IOS/User Management/EK-8491 IS iPhone - Sign in

08-05-2024T14:23:45 - [TEST_STEP][PASSED] - Start listener action : beforeTestCase: null

08-05-2024T14:23:45 - [TEST_STEP][PASSED] - addDefaultPackages(): null

08-05-2024T14:23:46 - [TEST_STEP][PASSED] - runFeatureFile("Include/features/EK-8491 IS iPhone - Sign in.feature"): Feature file: 'Include/features/EK-8491 IS iPhone - Sign in.feature' was passed

08-05-2024T14:23:46 - [MESSAGE][INFO] - Starting run keyword runFeatureFile: 'Include/features/EK-8491 IS iPhone - Sign in.feature' and extract report to folder: '/Users/safaamarir/git/Android_Automation/Reports/20240508_142341/IS iPhone/Patient Management/20240508_142342/cucumber_report/1715174626038'...

08-05-2024T14:23:46 - [MESSAGE][PASSED] - Feature file: 'Include/features/EK-8491 IS iPhone - Sign in.feature' was passed

08-05-2024T14:23:46 - [TEST_STEP][PASSED] - startApplication(IPA, true): Started app at: '/Users/safaamarir/APK/IOS/IS/IS_Preprod_2.2.1_290.ipa'

08-05-2024T14:23:46 - [MESSAGE][INFO] - User set preference: ['automationName', 'XCUITest']

08-05-2024T14:23:46 - [MESSAGE][INFO] - User set preference: ['deviceId', '00008110-00112D590CD0201E']

08-05-2024T14:23:56 - [MESSAGE][WARNING] - Failed to start ios_webkit_debug_proxy on default port 27753

08-05-2024T14:23:56 - [MESSAGE][INFO] - Detected NodeJS location: "/opt/homebrew/Cellar/node/21.7.1/bin/node"

08-05-2024T14:23:56 - [MESSAGE][INFO] - PATH: /opt/homebrew/Cellar/node/21.7.1/bin:/opt/homebrew/bin:/usr/bin:/bin:/usr/sbin:/sbin:/usr/local/bin

08-05-2024T14:23:56 - [MESSAGE][INFO] - APPIUM_HOME: /Users/safaamarir/.appium

08-05-2024T14:23:56 - [MESSAGE][INFO] - appium outlog: /Users/safaamarir/git/Android_Automation/Reports/20240508_142341/IS iPhone/Patient Management/20240508_142342/appium.log

08-05-2024T14:23:56 - [MESSAGE][INFO] - appium errlog: /Users/safaamarir/git/Android_Automation/Reports/20240508_142341/IS iPhone/Patient Management/20240508_142342/appium_error.log

08-05-2024T14:23:58 - [MESSAGE][INFO] - Appium server started on port 56,775

08-05-2024T14:24:30 - [MESSAGE][PASSED] - Started app at: '/Users/safaamarir/APK/IOS/IS/IS_Preprod_2.2.1_290.ipa'

08-05-2024T14:24:30 - [TEST_STEP][PASSED] - tap(findTestObject("Object Repository/IOS/User Management/Sign In/XCUIElementTypeButton - Allow"), 30): Tapped on element 'Object Repository/IOS/User Management/Sign In/XCUIElementTypeButton - Allow'

08-05-2024T14:24:32 - [MESSAGE][PASSED] - Tapped on element 'Object Repository/IOS/User Management/Sign In/XCUIElementTypeButton - Allow'

08-05-2024T14:24:32 - [TEST_STEP][PASSED] - setText(findTestObject("Object Repository/IOS/User Management/Sign In/XCUIElementTypeTextField - username"), LoginCreds.get("username"), 30): Text 'katalon' has been set to element 'Object Repository/IOS/User Management/Sign In/XCUIElementTypeTextField - username'

08-05-2024T14:24:34 - [MESSAGE][PASSED] - Text 'katalon' has been set to element 'Object Repository/IOS/User Management/Sign In/XCUIElementTypeTextField - username'

08-05-2024T14:24:34 - [TEST_STEP][PASSED] - setText(findTestObject("Object Repository/IOS/User Management/Sign In/XCUIElementTypeSecureTextField - Passcode"), LoginCreds.get("password"), 30): Text 'eKare123@' has been set to element 'Object Repository/IOS/User Management/Sign In/XCUIElementTypeSecureTextField - Passcode'

08-05-2024T14:24:36 - [MESSAGE][PASSED] - Text 'eKare123@' has been set to element 'Object Repository/IOS/User Management/Sign In/XCUIElementTypeSecureTextField - Passcode'

08-05-2024T14:24:36 - [TEST_STEP][PASSED] - tap(findTestObject("Object Repository/IOS/User Management/Sign In/XCUIElementTypeOther - SIGN IN"), 30): Tapped on element 'Object Repository/IOS/User Management/Sign In/XCUIElementTypeOther - SIGN IN'

08-05-2024T14:24:37 - [MESSAGE][PASSED] - Tapped on element 'Object Repository/IOS/User Management/Sign In/XCUIElementTypeOther - SIGN IN'

08-05-2024T14:24:37 - [TEST_STEP][PASSED] - tap(findTestObject("IOS/User Management/Sign In/XCUIElementTypeOther - Katalon"), 30): Tapped on element 'Object Repository/IOS/User Management/Sign In/XCUIElementTypeOther - Katalon'

08-05-2024T14:24:38 - [MESSAGE][PASSED] - Tapped on element 'Object Repository/IOS/User Management/Sign In/XCUIElementTypeOther - Katalon'

08-05-2024T14:24:38 - [TEST_STEP][PASSED] - delay(10): Delayed 10 second(s)

08-05-2024T14:24:48 - [MESSAGE][PASSED] - Delayed 10 second(s)

08-05-2024T14:24:50 - [TEST_STEP][PASSED] - Video: Video recording for test case 'Test Cases/IOS/User Management/EK-8491 IS iPhone - Sign in' .

08-05-2024T14:24:50 - [MESSAGE][INFO] - Video recording for test case 'Test Cases/IOS/User Management/EK-8491 IS iPhone - Sign in' .]]></system-out>
         <system-err><![CDATA[]]></system-err>
      </testcase>
      <testcase name="Test Cases/IOS/Patient Management/EK-8773 IS iPhone - Filter Patient" time="8.382" classname="Test Cases/IOS/Patient Management/EK-8773 IS iPhone - Filter Patient" status="PASSED">
         <system-out><![CDATA[08-05-2024T14:24:50 - [TEST_CASE][PASSED] - Test Cases/IOS/Patient Management/EK-8773 IS iPhone - Filter Patient: Test Cases/IOS/Patient Management/EK-8773 IS iPhone - Filter Patient

08-05-2024T14:24:50 - [TEST_STEP][PASSED] - Start listener action : beforeTestCase: null

08-05-2024T14:24:50 - [TEST_STEP][PASSED] - addDefaultPackages(): null

08-05-2024T14:24:50 - [TEST_STEP][PASSED] - runFeatureFile("Include/features/EK-8773 IS iPhone - Filter Patient.feature"): Feature file: 'Include/features/EK-8773 IS iPhone - Filter Patient.feature' was passed

08-05-2024T14:24:50 - [MESSAGE][INFO] - Starting run keyword runFeatureFile: 'Include/features/EK-8773 IS iPhone - Filter Patient.feature' and extract report to folder: '/Users/safaamarir/git/Android_Automation/Reports/20240508_142341/IS iPhone/Patient Management/20240508_142342/cucumber_report/1715174690505'...

08-05-2024T14:24:50 - [MESSAGE][PASSED] - Feature file: 'Include/features/EK-8773 IS iPhone - Filter Patient.feature' was passed

08-05-2024T14:24:50 - [TEST_STEP][PASSED] - tap(findTestObject("Object Repository/IOS/Patient Management/Filter Patient/XCUIElementTypeOther - Filter icon"), 30): Tapped on element 'Object Repository/IOS/Patient Management/Filter Patient/XCUIElementTypeOther - Filter icon'

08-05-2024T14:24:51 - [MESSAGE][PASSED] - Tapped on element 'Object Repository/IOS/Patient Management/Filter Patient/XCUIElementTypeOther - Filter icon'

08-05-2024T14:24:51 - [TEST_STEP][PASSED] - tap(findTestObject("Object Repository/IOS/Patient Management/Filter Patient/XCUIElementTypeSwitch - 1"), 30): Tapped on element 'Object Repository/IOS/Patient Management/Filter Patient/XCUIElementTypeSwitch - 1'

08-05-2024T14:24:52 - [MESSAGE][PASSED] - Tapped on element 'Object Repository/IOS/Patient Management/Filter Patient/XCUIElementTypeSwitch - 1'

08-05-2024T14:24:52 - [TEST_STEP][PASSED] - tap(findTestObject("Object Repository/IOS/Patient Management/Filter Patient/XCUIElementTypeOther - Apply"), 30): Tapped on element 'Object Repository/IOS/Patient Management/Filter Patient/XCUIElementTypeOther - Apply'

08-05-2024T14:24:54 - [MESSAGE][PASSED] - Tapped on element 'Object Repository/IOS/Patient Management/Filter Patient/XCUIElementTypeOther - Apply'

08-05-2024T14:24:54 - [TEST_STEP][PASSED] - verifyElementText(findTestObject("Object Repository/IOS/Patient Management/Filter Patient/XCUIElementTypeStaticText - All Patients"), "All Patients"): Actual text and expected text of test object 'Object Repository/IOS/Patient Management/Filter Patient/XCUIElementTypeStaticText - All Patients' are matched.

08-05-2024T14:24:56 - [MESSAGE][PASSED] - Actual text and expected text of test object 'Object Repository/IOS/Patient Management/Filter Patient/XCUIElementTypeStaticText - All Patients' are matched.

08-05-2024T14:24:58 - [TEST_STEP][PASSED] - Video: Video recording for test case 'Test Cases/IOS/Patient Management/EK-8773 IS iPhone - Filter Patient' .

08-05-2024T14:24:58 - [MESSAGE][INFO] - Video recording for test case 'Test Cases/IOS/Patient Management/EK-8773 IS iPhone - Filter Patient' .]]></system-out>
         <system-err><![CDATA[]]></system-err>
      </testcase>
      <testcase name="Test Cases/IOS/Patient Management/EK-8772 IS iPhone - Unfreeze Patient" time="20.203" classname="Test Cases/IOS/Patient Management/EK-8772 IS iPhone - Unfreeze Patient" status="PASSED">
         <system-out><![CDATA[08-05-2024T14:24:58 - [TEST_CASE][PASSED] - Test Cases/IOS/Patient Management/EK-8772 IS iPhone - Unfreeze Patient: Test Cases/IOS/Patient Management/EK-8772 IS iPhone - Unfreeze Patient

08-05-2024T14:24:58 - [TEST_STEP][PASSED] - Start listener action : beforeTestCase: null

08-05-2024T14:24:58 - [TEST_STEP][PASSED] - addDefaultPackages(): null

08-05-2024T14:24:58 - [TEST_STEP][PASSED] - runFeatureFile("Include/features/EK-8772 IS iPhone - Unfreeze Patient.feature"): Feature file: 'Include/features/EK-8772 IS iPhone - Unfreeze Patient.feature' was passed

08-05-2024T14:24:58 - [MESSAGE][INFO] - Starting run keyword runFeatureFile: 'Include/features/EK-8772 IS iPhone - Unfreeze Patient.feature' and extract report to folder: '/Users/safaamarir/git/Android_Automation/Reports/20240508_142341/IS iPhone/Patient Management/20240508_142342/cucumber_report/1715174698893'...

08-05-2024T14:24:58 - [MESSAGE][PASSED] - Feature file: 'Include/features/EK-8772 IS iPhone - Unfreeze Patient.feature' was passed

08-05-2024T14:24:58 - [TEST_STEP][PASSED] - setText(findTestObject("IOS/Patient Management/Freeze Patient/XCUIElementTypeTextField - Search Bar"), "6768", 30): Text '6768' has been set to element 'Object Repository/IOS/Patient Management/Freeze Patient/XCUIElementTypeTextField - Search Bar'

08-05-2024T14:25:02 - [MESSAGE][PASSED] - Text '6768' has been set to element 'Object Repository/IOS/Patient Management/Freeze Patient/XCUIElementTypeTextField - Search Bar'

08-05-2024T14:25:02 - [TEST_STEP][PASSED] - delay(3, STOP_ON_FAILURE): Delayed 3 second(s)

08-05-2024T14:25:05 - [MESSAGE][PASSED] - Delayed 3 second(s)

08-05-2024T14:25:05 - [TEST_STEP][PASSED] - tap(findTestObject("IOS/Patient Management/Unfreeze Pateint/XCUIElementTypeOther - Unfreeze, Patient 06052024 26M  MRN 6768 Patient Inactive (1)"), 30): Tapped on element 'Object Repository/IOS/Patient Management/Unfreeze Pateint/XCUIElementTypeOther - Unfreeze, Patient 06052024 26M  MRN 6768 Patient Inactive (1)'

08-05-2024T14:25:06 - [MESSAGE][PASSED] - Tapped on element 'Object Repository/IOS/Patient Management/Unfreeze Pateint/XCUIElementTypeOther - Unfreeze, Patient 06052024 26M  MRN 6768 Patient Inactive (1)'

08-05-2024T14:25:06 - [TEST_STEP][PASSED] - tap(findTestObject("IOS/Patient Management/Unfreeze Pateint/XCUIElementTypeOther - Unfreeze, Patient 06052024 26M  MRN 6768 Patient Inactive (1)"), 30): Tapped on element 'Object Repository/IOS/Patient Management/Unfreeze Pateint/XCUIElementTypeOther - Unfreeze, Patient 06052024 26M  MRN 6768 Patient Inactive (1)'

08-05-2024T14:25:07 - [MESSAGE][PASSED] - Tapped on element 'Object Repository/IOS/Patient Management/Unfreeze Pateint/XCUIElementTypeOther - Unfreeze, Patient 06052024 26M  MRN 6768 Patient Inactive (1)'

08-05-2024T14:25:07 - [TEST_STEP][PASSED] - tap(findTestObject("Object Repository/IOS/Patient Management/Unfreeze Pateint/XCUIElementTypeOther - Menu"), 30): Tapped on element 'Object Repository/IOS/Patient Management/Unfreeze Pateint/XCUIElementTypeOther - Menu'

08-05-2024T14:25:09 - [MESSAGE][PASSED] - Tapped on element 'Object Repository/IOS/Patient Management/Unfreeze Pateint/XCUIElementTypeOther - Menu'

08-05-2024T14:25:09 - [TEST_STEP][PASSED] - tap(findTestObject("Object Repository/IOS/Patient Management/Unfreeze Pateint/XCUIElementTypeOther - UnFreeze patient"), 30): Tapped on element 'Object Repository/IOS/Patient Management/Unfreeze Pateint/XCUIElementTypeOther - UnFreeze patient'

08-05-2024T14:25:10 - [MESSAGE][PASSED] - Tapped on element 'Object Repository/IOS/Patient Management/Unfreeze Pateint/XCUIElementTypeOther - UnFreeze patient'

08-05-2024T14:25:10 - [TEST_STEP][PASSED] - verifyElementText(findTestObject("Object Repository/IOS/Patient Management/Unfreeze Pateint/XCUIElementTypeOther - Change patient status to Active"), "Change patient status to Active ?"): Actual text and expected text of test object 'Object Repository/IOS/Patient Management/Unfreeze Pateint/XCUIElementTypeOther - Change patient status to Active' are matched.

08-05-2024T14:25:11 - [MESSAGE][PASSED] - Actual text and expected text of test object 'Object Repository/IOS/Patient Management/Unfreeze Pateint/XCUIElementTypeOther - Change patient status to Active' are matched.

08-05-2024T14:25:11 - [TEST_STEP][PASSED] - verifyElementText(findTestObject("Object Repository/IOS/Patient Management/Freeze Patient/XCUIElementTypeOther - Confirm"), "Confirm"): Actual text and expected text of test object 'Object Repository/IOS/Patient Management/Freeze Patient/XCUIElementTypeOther - Confirm' are matched.

08-05-2024T14:25:12 - [MESSAGE][PASSED] - Actual text and expected text of test object 'Object Repository/IOS/Patient Management/Freeze Patient/XCUIElementTypeOther - Confirm' are matched.

08-05-2024T14:25:12 - [TEST_STEP][PASSED] - verifyElementText(findTestObject("Object Repository/IOS/Patient Management/Freeze Patient/XCUIElementTypeOther - Cancel"), "Cancel"): Actual text and expected text of test object 'Object Repository/IOS/Patient Management/Freeze Patient/XCUIElementTypeOther - Cancel' are matched.

08-05-2024T14:25:13 - [MESSAGE][PASSED] - Actual text and expected text of test object 'Object Repository/IOS/Patient Management/Freeze Patient/XCUIElementTypeOther - Cancel' are matched.

08-05-2024T14:25:13 - [TEST_STEP][PASSED] - tap(findTestObject("Object Repository/IOS/Patient Management/Freeze Patient/XCUIElementTypeOther - Confirm"), 30): Tapped on element 'Object Repository/IOS/Patient Management/Freeze Patient/XCUIElementTypeOther - Confirm'

08-05-2024T14:25:15 - [MESSAGE][PASSED] - Tapped on element 'Object Repository/IOS/Patient Management/Freeze Patient/XCUIElementTypeOther - Confirm'

08-05-2024T14:25:15 - [TEST_STEP][PASSED] - tap(findTestObject("IOS/Patient Management/Search Patient/XCUIElementTypeOther - x"), 30): Tapped on element 'Object Repository/IOS/Patient Management/Search Patient/XCUIElementTypeOther - x'

08-05-2024T14:25:17 - [MESSAGE][PASSED] - Tapped on element 'Object Repository/IOS/Patient Management/Search Patient/XCUIElementTypeOther - x'

08-05-2024T14:25:19 - [TEST_STEP][PASSED] - Video: Video recording for test case 'Test Cases/IOS/Patient Management/EK-8772 IS iPhone - Unfreeze Patient' .

08-05-2024T14:25:19 - [MESSAGE][INFO] - Video recording for test case 'Test Cases/IOS/Patient Management/EK-8772 IS iPhone - Unfreeze Patient' .]]></system-out>
         <system-err><![CDATA[]]></system-err>
      </testcase>
      <testcase name="Test Cases/IOS/Patient Management/EK-8774 IS iPhone - Delete Patient" time="91.634" classname="Test Cases/IOS/Patient Management/EK-8774 IS iPhone - Delete Patient" status="FAILED">
         <failure type="FAILED" message="Test Cases/IOS/Patient Management/EK-8774 IS iPhone - Delete Patient FAILED.&#xa;Reason:&#xa;com.kms.katalon.core.exception.StepFailedException: Failed to tap on element 'Object Repository/IOS/Patient Management/Delete Patient/XCUIElementTypeOther - Lite, Test 08052024 22M    MRN 6766 No Consent'&#xa;	at com.kms.katalon.core.mobile.keyword.internal.MobileKeywordMain.stepFailed(MobileKeywordMain.groovy:38)&#xa;	at com.kms.katalon.core.mobile.keyword.internal.MobileKeywordMain.runKeyword(MobileKeywordMain.groovy:21)&#xa;	at com.kms.katalon.core.mobile.keyword.builtin.TapKeyword.tap(TapKeyword.groovy:51)&#xa;	at com.kms.katalon.core.mobile.keyword.builtin.TapKeyword.execute(TapKeyword.groovy:35)&#xa;	at com.kms.katalon.core.keyword.internal.KeywordExecutor.executeKeywordForPlatform(KeywordExecutor.groovy:74)&#xa;	at com.kms.katalon.core.mobile.keyword.MobileBuiltInKeywords.tap(MobileBuiltInKeywords.groovy:1490)&#xa;	at EK-8774 IS iPhone - Delete Patient.run(EK-8774 IS iPhone - Delete Patient:28)&#xa;	at com.kms.katalon.core.main.ScriptEngine.run(ScriptEngine.java:194)&#xa;	at com.kms.katalon.core.main.ScriptEngine.runScriptAsRawText(ScriptEngine.java:119)&#xa;	at com.kms.katalon.core.main.TestCaseExecutor.runScript(TestCaseExecutor.java:448)&#xa;	at com.kms.katalon.core.main.TestCaseExecutor.doExecute(TestCaseExecutor.java:439)&#xa;	at com.kms.katalon.core.main.TestCaseExecutor.processExecutionPhase(TestCaseExecutor.java:418)&#xa;	at com.kms.katalon.core.main.TestCaseExecutor.accessMainPhase(TestCaseExecutor.java:410)&#xa;	at com.kms.katalon.core.main.TestCaseExecutor.execute(TestCaseExecutor.java:285)&#xa;	at com.kms.katalon.core.common.CommonExecutor.accessTestCaseMainPhase(CommonExecutor.java:65)&#xa;	at com.kms.katalon.core.main.TestSuiteExecutor.accessTestSuiteMainPhase(TestSuiteExecutor.java:148)&#xa;	at com.kms.katalon.core.main.TestSuiteExecutor.execute(TestSuiteExecutor.java:106)&#xa;	at com.kms.katalon.core.main.TestCaseMain.startTestSuite(TestCaseMain.java:180)&#xa;	at TempTestSuite1715174622965.run(TempTestSuite1715174622965.groovy:36)&#xa;	at java.base/jdk.internal.reflect.NativeMethodAccessorImpl.invoke0(Native Method)&#xa;	at java.base/jdk.internal.reflect.NativeMethodAccessorImpl.invoke(NativeMethodAccessorImpl.java:77)&#xa;	at java.base/jdk.internal.reflect.DelegatingMethodAccessorImpl.invoke(DelegatingMethodAccessorImpl.java:43)&#xa;Caused by: com.kms.katalon.core.exception.StepFailedException: Object Object Repository/IOS/Patient Management/Delete Patient/XCUIElementTypeOther - Lite, Test 08052024 22M    MRN 6766 No Consent not found&#xa;	at com.kms.katalon.core.mobile.keyword.internal.MobileKeywordMain.stepFailed(MobileKeywordMain.groovy:38)&#xa;	at com.kms.katalon.core.mobile.keyword.builtin.TapKeyword$_tap_closure1.doCall(TapKeyword.groovy:46)&#xa;	at com.kms.katalon.core.mobile.keyword.builtin.TapKeyword$_tap_closure1.call(TapKeyword.groovy)&#xa;	at com.kms.katalon.core.mobile.keyword.internal.MobileKeywordMain.runKeyword(MobileKeywordMain.groovy:19)&#xa;	... 20 more&#xa;"/>
         <system-out><![CDATA[08-05-2024T14:25:19 - [TEST_CASE][FAILED] - Test Cases/IOS/Patient Management/EK-8774 IS iPhone - Delete Patient: Test Cases/IOS/Patient Management/EK-8774 IS iPhone - Delete Patient FAILED.
Reason:
com.kms.katalon.core.exception.StepFailedException: Failed to tap on element 'Object Repository/IOS/Patient Management/Delete Patient/XCUIElementTypeOther - Lite, Test 08052024 22M    MRN 6766 No Consent'
	at com.kms.katalon.core.mobile.keyword.internal.MobileKeywordMain.stepFailed(MobileKeywordMain.groovy:38)
	at com.kms.katalon.core.mobile.keyword.internal.MobileKeywordMain.runKeyword(MobileKeywordMain.groovy:21)
	at com.kms.katalon.core.mobile.keyword.builtin.TapKeyword.tap(TapKeyword.groovy:51)
	at com.kms.katalon.core.mobile.keyword.builtin.TapKeyword.execute(TapKeyword.groovy:35)
	at com.kms.katalon.core.keyword.internal.KeywordExecutor.executeKeywordForPlatform(KeywordExecutor.groovy:74)
	at com.kms.katalon.core.mobile.keyword.MobileBuiltInKeywords.tap(MobileBuiltInKeywords.groovy:1490)
	at EK-8774 IS iPhone - Delete Patient.run(EK-8774 IS iPhone - Delete Patient:28)
	at com.kms.katalon.core.main.ScriptEngine.run(ScriptEngine.java:194)
	at com.kms.katalon.core.main.ScriptEngine.runScriptAsRawText(ScriptEngine.java:119)
	at com.kms.katalon.core.main.TestCaseExecutor.runScript(TestCaseExecutor.java:448)
	at com.kms.katalon.core.main.TestCaseExecutor.doExecute(TestCaseExecutor.java:439)
	at com.kms.katalon.core.main.TestCaseExecutor.processExecutionPhase(TestCaseExecutor.java:418)
	at com.kms.katalon.core.main.TestCaseExecutor.accessMainPhase(TestCaseExecutor.java:410)
	at com.kms.katalon.core.main.TestCaseExecutor.execute(TestCaseExecutor.java:285)
	at com.kms.katalon.core.common.CommonExecutor.accessTestCaseMainPhase(CommonExecutor.java:65)
	at com.kms.katalon.core.main.TestSuiteExecutor.accessTestSuiteMainPhase(TestSuiteExecutor.java:148)
	at com.kms.katalon.core.main.TestSuiteExecutor.execute(TestSuiteExecutor.java:106)
	at com.kms.katalon.core.main.TestCaseMain.startTestSuite(TestCaseMain.java:180)
	at TempTestSuite1715174622965.run(TempTestSuite1715174622965.groovy:36)
	at java.base/jdk.internal.reflect.NativeMethodAccessorImpl.invoke0(Native Method)
	at java.base/jdk.internal.reflect.NativeMethodAccessorImpl.invoke(NativeMethodAccessorImpl.java:77)
	at java.base/jdk.internal.reflect.DelegatingMethodAccessorImpl.invoke(DelegatingMethodAccessorImpl.java:43)
Caused by: com.kms.katalon.core.exception.StepFailedException: Object Object Repository/IOS/Patient Management/Delete Patient/XCUIElementTypeOther - Lite, Test 08052024 22M    MRN 6766 No Consent not found
	at com.kms.katalon.core.mobile.keyword.internal.MobileKeywordMain.stepFailed(MobileKeywordMain.groovy:38)
	at com.kms.katalon.core.mobile.keyword.builtin.TapKeyword$_tap_closure1.doCall(TapKeyword.groovy:46)
	at com.kms.katalon.core.mobile.keyword.builtin.TapKeyword$_tap_closure1.call(TapKeyword.groovy)
	at com.kms.katalon.core.mobile.keyword.internal.MobileKeywordMain.runKeyword(MobileKeywordMain.groovy:19)
	... 20 more


08-05-2024T14:25:19 - [TEST_STEP][PASSED] - Start listener action : beforeTestCase: null

08-05-2024T14:25:19 - [TEST_STEP][PASSED] - addDefaultPackages(): null

08-05-2024T14:25:19 - [TEST_STEP][PASSED] - runFeatureFile("Include/features/EK-8774 IS iPhone - Delete Patient.feature"): Feature file: 'Include/features/EK-8774 IS iPhone - Delete Patient.feature' was passed

08-05-2024T14:25:19 - [MESSAGE][INFO] - Starting run keyword runFeatureFile: 'Include/features/EK-8774 IS iPhone - Delete Patient.feature' and extract report to folder: '/Users/safaamarir/git/Android_Automation/Reports/20240508_142341/IS iPhone/Patient Management/20240508_142342/cucumber_report/1715174719105'...

08-05-2024T14:25:19 - [MESSAGE][PASSED] - Feature file: 'Include/features/EK-8774 IS iPhone - Delete Patient.feature' was passed

08-05-2024T14:25:19 - [TEST_STEP][PASSED] - setText(findTestObject("IOS/Patient Management/Freeze Patient/XCUIElementTypeTextField - Search Bar"), "6766", 30): Text '6766' has been set to element 'Object Repository/IOS/Patient Management/Freeze Patient/XCUIElementTypeTextField - Search Bar'

08-05-2024T14:25:22 - [MESSAGE][PASSED] - Text '6766' has been set to element 'Object Repository/IOS/Patient Management/Freeze Patient/XCUIElementTypeTextField - Search Bar'

08-05-2024T14:25:22 - [TEST_STEP][PASSED] - delay(3, STOP_ON_FAILURE): Delayed 3 second(s)

08-05-2024T14:25:25 - [MESSAGE][PASSED] - Delayed 3 second(s)

08-05-2024T14:25:25 - [TEST_STEP][PASSED] - startApplication("/Users/safaamarir/APK/IOS/IS/IS_Preprod_2.2.1_290.ipa", true): Started app at: '/Users/safaamarir/APK/IOS/IS/IS_Preprod_2.2.1_290.ipa'

08-05-2024T14:25:25 - [MESSAGE][INFO] - User set preference: ['automationName', 'XCUITest']

08-05-2024T14:25:25 - [MESSAGE][INFO] - User set preference: ['deviceId', '00008110-00112D590CD0201E']

08-05-2024T14:25:35 - [MESSAGE][WARNING] - Failed to start ios_webkit_debug_proxy on default port 27753

08-05-2024T14:26:08 - [MESSAGE][PASSED] - Started app at: '/Users/safaamarir/APK/IOS/IS/IS_Preprod_2.2.1_290.ipa'

08-05-2024T14:26:08 - [TEST_STEP][FAILED] - tap(findTestObject("Object Repository/IOS/Patient Management/Delete Patient/XCUIElementTypeOther - Lite, Test 08052024 22M    MRN 6766 No Consent"), 30): Failed to tap on element 'Object Repository/IOS/Patient Management/Delete Patient/XCUIElementTypeOther - Lite, Test 08052024 22M    MRN 6766 No Consent' (Root cause: com.kms.katalon.core.exception.StepFailedException: Failed to tap on element 'Object Repository/IOS/Patient Management/Delete Patient/XCUIElementTypeOther - Lite, Test 08052024 22M    MRN 6766 No Consent'
	at com.kms.katalon.core.mobile.keyword.internal.MobileKeywordMain.stepFailed(MobileKeywordMain.groovy:38)
	at com.kms.katalon.core.mobile.keyword.internal.MobileKeywordMain.runKeyword(MobileKeywordMain.groovy:21)
	at com.kms.katalon.core.mobile.keyword.builtin.TapKeyword.tap(TapKeyword.groovy:51)
	at com.kms.katalon.core.mobile.keyword.builtin.TapKeyword.execute(TapKeyword.groovy:35)
	at com.kms.katalon.core.keyword.internal.KeywordExecutor.executeKeywordForPlatform(KeywordExecutor.groovy:74)
	at com.kms.katalon.core.mobile.keyword.MobileBuiltInKeywords.tap(MobileBuiltInKeywords.groovy:1490)
	at EK-8774 IS iPhone - Delete Patient.run(EK-8774 IS iPhone - Delete Patient:28)
	at com.kms.katalon.core.main.ScriptEngine.run(ScriptEngine.java:194)
	at com.kms.katalon.core.main.ScriptEngine.runScriptAsRawText(ScriptEngine.java:119)
	at com.kms.katalon.core.main.TestCaseExecutor.runScript(TestCaseExecutor.java:448)
	at com.kms.katalon.core.main.TestCaseExecutor.doExecute(TestCaseExecutor.java:439)
	at com.kms.katalon.core.main.TestCaseExecutor.processExecutionPhase(TestCaseExecutor.java:418)
	at com.kms.katalon.core.main.TestCaseExecutor.accessMainPhase(TestCaseExecutor.java:410)
	at com.kms.katalon.core.main.TestCaseExecutor.execute(TestCaseExecutor.java:285)
	at com.kms.katalon.core.common.CommonExecutor.accessTestCaseMainPhase(CommonExecutor.java:65)
	at com.kms.katalon.core.main.TestSuiteExecutor.accessTestSuiteMainPhase(TestSuiteExecutor.java:148)
	at com.kms.katalon.core.main.TestSuiteExecutor.execute(TestSuiteExecutor.java:106)
	at com.kms.katalon.core.main.TestCaseMain.startTestSuite(TestCaseMain.java:180)
	at TempTestSuite1715174622965.run(TempTestSuite1715174622965.groovy:36)
	at java.base/jdk.internal.reflect.NativeMethodAccessorImpl.invoke0(Native Method)
	at java.base/jdk.internal.reflect.NativeMethodAccessorImpl.invoke(NativeMethodAccessorImpl.java:77)
	at java.base/jdk.internal.reflect.DelegatingMethodAccessorImpl.invoke(DelegatingMethodAccessorImpl.java:43)
Caused by: com.kms.katalon.core.exception.StepFailedException: Object Object Repository/IOS/Patient Management/Delete Patient/XCUIElementTypeOther - Lite, Test 08052024 22M    MRN 6766 No Consent not found
	at com.kms.katalon.core.mobile.keyword.internal.MobileKeywordMain.stepFailed(MobileKeywordMain.groovy:38)
	at com.kms.katalon.core.mobile.keyword.builtin.TapKeyword$_tap_closure1.doCall(TapKeyword.groovy:46)
	at com.kms.katalon.core.mobile.keyword.builtin.TapKeyword$_tap_closure1.call(TapKeyword.groovy)
	at com.kms.katalon.core.mobile.keyword.internal.MobileKeywordMain.runKeyword(MobileKeywordMain.groovy:19)
	... 20 more
)

08-05-2024T14:26:38 - [MESSAGE][FAILED] - Object Object Repository/IOS/Patient Management/Delete Patient/XCUIElementTypeOther - Lite, Test 08052024 22M    MRN 6766 No Consent not found (Root cause: com.kms.katalon.core.exception.StepFailedException: Object Object Repository/IOS/Patient Management/Delete Patient/XCUIElementTypeOther - Lite, Test 08052024 22M    MRN 6766 No Consent not found
	at com.kms.katalon.core.mobile.keyword.internal.MobileKeywordMain.stepFailed(MobileKeywordMain.groovy:38)
	at com.kms.katalon.core.mobile.keyword.builtin.TapKeyword$_tap_closure1.doCall(TapKeyword.groovy:46)
	at com.kms.katalon.core.mobile.keyword.builtin.TapKeyword$_tap_closure1.call(TapKeyword.groovy)
	at com.kms.katalon.core.mobile.keyword.internal.MobileKeywordMain.runKeyword(MobileKeywordMain.groovy:19)
	at com.kms.katalon.core.mobile.keyword.builtin.TapKeyword.tap(TapKeyword.groovy:51)
	at com.kms.katalon.core.mobile.keyword.builtin.TapKeyword.execute(TapKeyword.groovy:35)
	at com.kms.katalon.core.keyword.internal.KeywordExecutor.executeKeywordForPlatform(KeywordExecutor.groovy:74)
	at com.kms.katalon.core.mobile.keyword.MobileBuiltInKeywords.tap(MobileBuiltInKeywords.groovy:1490)
	at EK-8774 IS iPhone - Delete Patient.run(EK-8774 IS iPhone - Delete Patient:28)
	at com.kms.katalon.core.main.ScriptEngine.run(ScriptEngine.java:194)
	at com.kms.katalon.core.main.ScriptEngine.runScriptAsRawText(ScriptEngine.java:119)
	at com.kms.katalon.core.main.TestCaseExecutor.runScript(TestCaseExecutor.java:448)
	at com.kms.katalon.core.main.TestCaseExecutor.doExecute(TestCaseExecutor.java:439)
	at com.kms.katalon.core.main.TestCaseExecutor.processExecutionPhase(TestCaseExecutor.java:418)
	at com.kms.katalon.core.main.TestCaseExecutor.accessMainPhase(TestCaseExecutor.java:410)
	at com.kms.katalon.core.main.TestCaseExecutor.execute(TestCaseExecutor.java:285)
	at com.kms.katalon.core.common.CommonExecutor.accessTestCaseMainPhase(CommonExecutor.java:65)
	at com.kms.katalon.core.main.TestSuiteExecutor.accessTestSuiteMainPhase(TestSuiteExecutor.java:148)
	at com.kms.katalon.core.main.TestSuiteExecutor.execute(TestSuiteExecutor.java:106)
	at com.kms.katalon.core.main.TestCaseMain.startTestSuite(TestCaseMain.java:180)
	at TempTestSuite1715174622965.run(TempTestSuite1715174622965.groovy:36)
	at java.base/jdk.internal.reflect.NativeMethodAccessorImpl.invoke0(Native Method)
	at java.base/jdk.internal.reflect.NativeMethodAccessorImpl.invoke(NativeMethodAccessorImpl.java:77)
	at java.base/jdk.internal.reflect.DelegatingMethodAccessorImpl.invoke(DelegatingMethodAccessorImpl.java:43)
)
[[ATTACHMENT|/Users/safaamarir/git/Android_Automation/Reports/20240508_142341/IS iPhone/Patient Management/20240508_142342/1715174798444.png]]

08-05-2024T14:26:48 - [MESSAGE][FAILED] - Failed to tap on element 'Object Repository/IOS/Patient Management/Delete Patient/XCUIElementTypeOther - Lite, Test 08052024 22M    MRN 6766 No Consent' (Root cause: com.kms.katalon.core.exception.StepFailedException: Failed to tap on element 'Object Repository/IOS/Patient Management/Delete Patient/XCUIElementTypeOther - Lite, Test 08052024 22M    MRN 6766 No Consent'
	at com.kms.katalon.core.mobile.keyword.internal.MobileKeywordMain.stepFailed(MobileKeywordMain.groovy:38)
	at com.kms.katalon.core.mobile.keyword.internal.MobileKeywordMain.runKeyword(MobileKeywordMain.groovy:21)
	at com.kms.katalon.core.mobile.keyword.builtin.TapKeyword.tap(TapKeyword.groovy:51)
	at com.kms.katalon.core.mobile.keyword.builtin.TapKeyword.execute(TapKeyword.groovy:35)
	at com.kms.katalon.core.keyword.internal.KeywordExecutor.executeKeywordForPlatform(KeywordExecutor.groovy:74)
	at com.kms.katalon.core.mobile.keyword.MobileBuiltInKeywords.tap(MobileBuiltInKeywords.groovy:1490)
	at EK-8774 IS iPhone - Delete Patient.run(EK-8774 IS iPhone - Delete Patient:28)
	at com.kms.katalon.core.main.ScriptEngine.run(ScriptEngine.java:194)
	at com.kms.katalon.core.main.ScriptEngine.runScriptAsRawText(ScriptEngine.java:119)
	at com.kms.katalon.core.main.TestCaseExecutor.runScript(TestCaseExecutor.java:448)
	at com.kms.katalon.core.main.TestCaseExecutor.doExecute(TestCaseExecutor.java:439)
	at com.kms.katalon.core.main.TestCaseExecutor.processExecutionPhase(TestCaseExecutor.java:418)
	at com.kms.katalon.core.main.TestCaseExecutor.accessMainPhase(TestCaseExecutor.java:410)
	at com.kms.katalon.core.main.TestCaseExecutor.execute(TestCaseExecutor.java:285)
	at com.kms.katalon.core.common.CommonExecutor.accessTestCaseMainPhase(CommonExecutor.java:65)
	at com.kms.katalon.core.main.TestSuiteExecutor.accessTestSuiteMainPhase(TestSuiteExecutor.java:148)
	at com.kms.katalon.core.main.TestSuiteExecutor.execute(TestSuiteExecutor.java:106)
	at com.kms.katalon.core.main.TestCaseMain.startTestSuite(TestCaseMain.java:180)
	at TempTestSuite1715174622965.run(TempTestSuite1715174622965.groovy:36)
	at java.base/jdk.internal.reflect.NativeMethodAccessorImpl.invoke0(Native Method)
	at java.base/jdk.internal.reflect.NativeMethodAccessorImpl.invoke(NativeMethodAccessorImpl.java:77)
	at java.base/jdk.internal.reflect.DelegatingMethodAccessorImpl.invoke(DelegatingMethodAccessorImpl.java:43)
Caused by: com.kms.katalon.core.exception.StepFailedException: Object Object Repository/IOS/Patient Management/Delete Patient/XCUIElementTypeOther - Lite, Test 08052024 22M    MRN 6766 No Consent not found
	at com.kms.katalon.core.mobile.keyword.internal.MobileKeywordMain.stepFailed(MobileKeywordMain.groovy:38)
	at com.kms.katalon.core.mobile.keyword.builtin.TapKeyword$_tap_closure1.doCall(TapKeyword.groovy:46)
	at com.kms.katalon.core.mobile.keyword.builtin.TapKeyword$_tap_closure1.call(TapKeyword.groovy)
	at com.kms.katalon.core.mobile.keyword.internal.MobileKeywordMain.runKeyword(MobileKeywordMain.groovy:19)
	... 20 more
)
[[ATTACHMENT|/Users/safaamarir/git/Android_Automation/Reports/20240508_142341/IS iPhone/Patient Management/20240508_142342/1715174798802.png]]

08-05-2024T14:26:50 - [TEST_STEP][PASSED] - Video: Video recording for test case 'Test Cases/IOS/Patient Management/EK-8774 IS iPhone - Delete Patient' .

08-05-2024T14:26:50 - [MESSAGE][INFO] - Video recording for test case 'Test Cases/IOS/Patient Management/EK-8774 IS iPhone - Delete Patient' .]]></system-out>
         <system-err><![CDATA[08-05-2024T14:25:19 - [TEST_CASE][FAILED] - Test Cases/IOS/Patient Management/EK-8774 IS iPhone - Delete Patient: Test Cases/IOS/Patient Management/EK-8774 IS iPhone - Delete Patient FAILED.
Reason:
com.kms.katalon.core.exception.StepFailedException: Failed to tap on element 'Object Repository/IOS/Patient Management/Delete Patient/XCUIElementTypeOther - Lite, Test 08052024 22M    MRN 6766 No Consent'
	at com.kms.katalon.core.mobile.keyword.internal.MobileKeywordMain.stepFailed(MobileKeywordMain.groovy:38)
	at com.kms.katalon.core.mobile.keyword.internal.MobileKeywordMain.runKeyword(MobileKeywordMain.groovy:21)
	at com.kms.katalon.core.mobile.keyword.builtin.TapKeyword.tap(TapKeyword.groovy:51)
	at com.kms.katalon.core.mobile.keyword.builtin.TapKeyword.execute(TapKeyword.groovy:35)
	at com.kms.katalon.core.keyword.internal.KeywordExecutor.executeKeywordForPlatform(KeywordExecutor.groovy:74)
	at com.kms.katalon.core.mobile.keyword.MobileBuiltInKeywords.tap(MobileBuiltInKeywords.groovy:1490)
	at EK-8774 IS iPhone - Delete Patient.run(EK-8774 IS iPhone - Delete Patient:28)
	at com.kms.katalon.core.main.ScriptEngine.run(ScriptEngine.java:194)
	at com.kms.katalon.core.main.ScriptEngine.runScriptAsRawText(ScriptEngine.java:119)
	at com.kms.katalon.core.main.TestCaseExecutor.runScript(TestCaseExecutor.java:448)
	at com.kms.katalon.core.main.TestCaseExecutor.doExecute(TestCaseExecutor.java:439)
	at com.kms.katalon.core.main.TestCaseExecutor.processExecutionPhase(TestCaseExecutor.java:418)
	at com.kms.katalon.core.main.TestCaseExecutor.accessMainPhase(TestCaseExecutor.java:410)
	at com.kms.katalon.core.main.TestCaseExecutor.execute(TestCaseExecutor.java:285)
	at com.kms.katalon.core.common.CommonExecutor.accessTestCaseMainPhase(CommonExecutor.java:65)
	at com.kms.katalon.core.main.TestSuiteExecutor.accessTestSuiteMainPhase(TestSuiteExecutor.java:148)
	at com.kms.katalon.core.main.TestSuiteExecutor.execute(TestSuiteExecutor.java:106)
	at com.kms.katalon.core.main.TestCaseMain.startTestSuite(TestCaseMain.java:180)
	at TempTestSuite1715174622965.run(TempTestSuite1715174622965.groovy:36)
	at java.base/jdk.internal.reflect.NativeMethodAccessorImpl.invoke0(Native Method)
	at java.base/jdk.internal.reflect.NativeMethodAccessorImpl.invoke(NativeMethodAccessorImpl.java:77)
	at java.base/jdk.internal.reflect.DelegatingMethodAccessorImpl.invoke(DelegatingMethodAccessorImpl.java:43)
Caused by: com.kms.katalon.core.exception.StepFailedException: Object Object Repository/IOS/Patient Management/Delete Patient/XCUIElementTypeOther - Lite, Test 08052024 22M    MRN 6766 No Consent not found
	at com.kms.katalon.core.mobile.keyword.internal.MobileKeywordMain.stepFailed(MobileKeywordMain.groovy:38)
	at com.kms.katalon.core.mobile.keyword.builtin.TapKeyword$_tap_closure1.doCall(TapKeyword.groovy:46)
	at com.kms.katalon.core.mobile.keyword.builtin.TapKeyword$_tap_closure1.call(TapKeyword.groovy)
	at com.kms.katalon.core.mobile.keyword.internal.MobileKeywordMain.runKeyword(MobileKeywordMain.groovy:19)
	... 20 more]]></system-err>
      </testcase>
      <system-out><![CDATA[08-05-2024T14:23:45 - [TEST_SUITE][FAILED] - Patient Management: Test Cases/IOS/Patient Management/EK-8774 IS iPhone - Delete Patient FAILED.
Reason:
com.kms.katalon.core.exception.StepFailedException: Failed to tap on element 'Object Repository/IOS/Patient Management/Delete Patient/XCUIElementTypeOther - Lite, Test 08052024 22M    MRN 6766 No Consent'
	at com.kms.katalon.core.mobile.keyword.internal.MobileKeywordMain.stepFailed(MobileKeywordMain.groovy:38)
	at com.kms.katalon.core.mobile.keyword.internal.MobileKeywordMain.runKeyword(MobileKeywordMain.groovy:21)
	at com.kms.katalon.core.mobile.keyword.builtin.TapKeyword.tap(TapKeyword.groovy:51)
	at com.kms.katalon.core.mobile.keyword.builtin.TapKeyword.execute(TapKeyword.groovy:35)
	at com.kms.katalon.core.keyword.internal.KeywordExecutor.executeKeywordForPlatform(KeywordExecutor.groovy:74)
	at com.kms.katalon.core.mobile.keyword.MobileBuiltInKeywords.tap(MobileBuiltInKeywords.groovy:1490)
	at EK-8774 IS iPhone - Delete Patient.run(EK-8774 IS iPhone - Delete Patient:28)
	at com.kms.katalon.core.main.ScriptEngine.run(ScriptEngine.java:194)
	at com.kms.katalon.core.main.ScriptEngine.runScriptAsRawText(ScriptEngine.java:119)
	at com.kms.katalon.core.main.TestCaseExecutor.runScript(TestCaseExecutor.java:448)
	at com.kms.katalon.core.main.TestCaseExecutor.doExecute(TestCaseExecutor.java:439)
	at com.kms.katalon.core.main.TestCaseExecutor.processExecutionPhase(TestCaseExecutor.java:418)
	at com.kms.katalon.core.main.TestCaseExecutor.accessMainPhase(TestCaseExecutor.java:410)
	at com.kms.katalon.core.main.TestCaseExecutor.execute(TestCaseExecutor.java:285)
	at com.kms.katalon.core.common.CommonExecutor.accessTestCaseMainPhase(CommonExecutor.java:65)
	at com.kms.katalon.core.main.TestSuiteExecutor.accessTestSuiteMainPhase(TestSuiteExecutor.java:148)
	at com.kms.katalon.core.main.TestSuiteExecutor.execute(TestSuiteExecutor.java:106)
	at com.kms.katalon.core.main.TestCaseMain.startTestSuite(TestCaseMain.java:180)
	at TempTestSuite1715174622965.run(TempTestSuite1715174622965.groovy:36)
	at java.base/jdk.internal.reflect.NativeMethodAccessorImpl.invoke0(Native Method)
	at java.base/jdk.internal.reflect.NativeMethodAccessorImpl.invoke(NativeMethodAccessorImpl.java:77)
	at java.base/jdk.internal.reflect.DelegatingMethodAccessorImpl.invoke(DelegatingMethodAccessorImpl.java:43)
Caused by: com.kms.katalon.core.exception.StepFailedException: Object Object Repository/IOS/Patient Management/Delete Patient/XCUIElementTypeOther - Lite, Test 08052024 22M    MRN 6766 No Consent not found
	at com.kms.katalon.core.mobile.keyword.internal.MobileKeywordMain.stepFailed(MobileKeywordMain.groovy:38)
	at com.kms.katalon.core.mobile.keyword.builtin.TapKeyword$_tap_closure1.doCall(TapKeyword.groovy:46)
	at com.kms.katalon.core.mobile.keyword.builtin.TapKeyword$_tap_closure1.call(TapKeyword.groovy)
	at com.kms.katalon.core.mobile.keyword.internal.MobileKeywordMain.runKeyword(MobileKeywordMain.groovy:19)
	... 20 more]]></system-out>
      <system-err><![CDATA[08-05-2024T14:23:45 - [TEST_SUITE][FAILED] - Patient Management: Test Cases/IOS/Patient Management/EK-8774 IS iPhone - Delete Patient FAILED.
Reason:
com.kms.katalon.core.exception.StepFailedException: Failed to tap on element 'Object Repository/IOS/Patient Management/Delete Patient/XCUIElementTypeOther - Lite, Test 08052024 22M    MRN 6766 No Consent'
	at com.kms.katalon.core.mobile.keyword.internal.MobileKeywordMain.stepFailed(MobileKeywordMain.groovy:38)
	at com.kms.katalon.core.mobile.keyword.internal.MobileKeywordMain.runKeyword(MobileKeywordMain.groovy:21)
	at com.kms.katalon.core.mobile.keyword.builtin.TapKeyword.tap(TapKeyword.groovy:51)
	at com.kms.katalon.core.mobile.keyword.builtin.TapKeyword.execute(TapKeyword.groovy:35)
	at com.kms.katalon.core.keyword.internal.KeywordExecutor.executeKeywordForPlatform(KeywordExecutor.groovy:74)
	at com.kms.katalon.core.mobile.keyword.MobileBuiltInKeywords.tap(MobileBuiltInKeywords.groovy:1490)
	at EK-8774 IS iPhone - Delete Patient.run(EK-8774 IS iPhone - Delete Patient:28)
	at com.kms.katalon.core.main.ScriptEngine.run(ScriptEngine.java:194)
	at com.kms.katalon.core.main.ScriptEngine.runScriptAsRawText(ScriptEngine.java:119)
	at com.kms.katalon.core.main.TestCaseExecutor.runScript(TestCaseExecutor.java:448)
	at com.kms.katalon.core.main.TestCaseExecutor.doExecute(TestCaseExecutor.java:439)
	at com.kms.katalon.core.main.TestCaseExecutor.processExecutionPhase(TestCaseExecutor.java:418)
	at com.kms.katalon.core.main.TestCaseExecutor.accessMainPhase(TestCaseExecutor.java:410)
	at com.kms.katalon.core.main.TestCaseExecutor.execute(TestCaseExecutor.java:285)
	at com.kms.katalon.core.common.CommonExecutor.accessTestCaseMainPhase(CommonExecutor.java:65)
	at com.kms.katalon.core.main.TestSuiteExecutor.accessTestSuiteMainPhase(TestSuiteExecutor.java:148)
	at com.kms.katalon.core.main.TestSuiteExecutor.execute(TestSuiteExecutor.java:106)
	at com.kms.katalon.core.main.TestCaseMain.startTestSuite(TestCaseMain.java:180)
	at TempTestSuite1715174622965.run(TempTestSuite1715174622965.groovy:36)
	at java.base/jdk.internal.reflect.NativeMethodAccessorImpl.invoke0(Native Method)
	at java.base/jdk.internal.reflect.NativeMethodAccessorImpl.invoke(NativeMethodAccessorImpl.java:77)
	at java.base/jdk.internal.reflect.DelegatingMethodAccessorImpl.invoke(DelegatingMethodAccessorImpl.java:43)
Caused by: com.kms.katalon.core.exception.StepFailedException: Object Object Repository/IOS/Patient Management/Delete Patient/XCUIElementTypeOther - Lite, Test 08052024 22M    MRN 6766 No Consent not found
	at com.kms.katalon.core.mobile.keyword.internal.MobileKeywordMain.stepFailed(MobileKeywordMain.groovy:38)
	at com.kms.katalon.core.mobile.keyword.builtin.TapKeyword$_tap_closure1.doCall(TapKeyword.groovy:46)
	at com.kms.katalon.core.mobile.keyword.builtin.TapKeyword$_tap_closure1.call(TapKeyword.groovy)
	at com.kms.katalon.core.mobile.keyword.internal.MobileKeywordMain.runKeyword(MobileKeywordMain.groovy:19)
	... 20 more]]></system-err>
   </testsuite>
</testsuites>
