<?xml version="1.0" encoding="UTF-8"?>
<testsuites name="EU Android Patient Management" time="74.975" tests="3" failures="1" errors="0">
   <testsuite name="EU Android Patient Management" tests="3" failures="1" errors="0" time="74.975" skipped="0" timestamp="31-01-2024T09:46:44" hostname="safaamarir - 192.168.1.113" id="Test Suites/EU Android phone/EU Android Patient Management">
      <properties>
         <property name="deviceName" value="samsung SM-N975F (Android 12)"/>
         <property name="devicePlatform" value=""/>
         <property name="logFolder" value="/Users/safaamarir/git/Android_Automation/Reports/20240131_094626/EU Android phone/EU Android Patient Management/20240131_094626"/>
         <property name="logFiles" value="/Users/safaamarir/git/Android_Automation/Reports/20240131_094626/EU Android phone/EU Android Patient Management/20240131_094626/execution0.log, /Users/safaamarir/git/Android_Automation/Reports/20240131_094626/EU Android phone/EU Android Patient Management/20240131_094626/appium_error.log, /Users/safaamarir/git/Android_Automation/Reports/20240131_094626/EU Android phone/EU Android Patient Management/20240131_094626/appium.log"/>
         <property name="attachments" value="/Users/safaamarir/git/Android_Automation/Reports/20240131_094626/EU Android phone/EU Android Patient Management/20240131_094626/1706690876575.png, /Users/safaamarir/git/Android_Automation/Reports/20240131_094626/EU Android phone/EU Android Patient Management/20240131_094626/1706690877216.png"/>
         <property name="hostName" value="safaamarir - 192.168.1.113"/>
         <property name="os" value="Mac OS X 64bit"/>
         <property name="appiumServerStatus" value="{&quot;value&quot;:{&quot;ready&quot;:true,&quot;message&quot;:&quot;The server is ready to accept new connections&quot;,&quot;build&quot;:{&quot;version&quot;:&quot;2.4.1&quot;,&quot;git-sha&quot;:&quot;b3751bca8c4a3c76107d5aa3b75b81db93cf4bb6&quot;,&quot;built&quot;:&quot;2024-01-07 16:04:51 -0800&quot;}}}"/>
         <property name="katalonVersion" value="9.2.0.212"/>
         <property name="deviceOS" value="Android"/>
         <property name="appiumVersion" value="2.4.1"/>
         <property name="deviceModel" value="SM-N975F"/>
         <property name="hostAddress" value="192.168.1.113"/>
         <property name="deviceManufacturer" value="samsung"/>
         <property name="deviceId" value="RF8N307NKZV"/>
         <property name="deviceName" value="samsung SM-N975F (Android 12)"/>
         <property name="deviceOSVersion" value="12"/>
      </properties>
      <testcase name="Test Cases/Android/EU Android/User Management/EK-8286 EU Android - Sign-in" time="43.294" classname="Test Cases/Android/EU Android/User Management/EK-8286 EU Android - Sign-in" status="PASSED">
         <system-out><![CDATA[31-01-2024T09:46:44 - [TEST_CASE][PASSED] - Test Cases/Android/EU Android/User Management/EK-8286 EU Android - Sign-in: Test Cases/Android/EU Android/User Management/EK-8286 EU Android - Sign-in

31-01-2024T09:46:45 - [TEST_STEP][PASSED] - Start listener action : beforeTestCase: null

31-01-2024T09:46:45 - [TEST_STEP][PASSED] - addDefaultPackages(): null

31-01-2024T09:46:45 - [TEST_STEP][PASSED] - runFeatureFile("Include/features/EK-8286 EU Android - Sign-in.feature"): Feature file: 'Include/features/EK-8286 EU Android - Sign-in.feature' was passed

31-01-2024T09:46:45 - [MESSAGE][INFO] - Starting run keyword runFeatureFile: 'Include/features/EK-8286 EU Android - Sign-in.feature' and extract report to folder: '/Users/safaamarir/git/Android_Automation/Reports/20240131_094626/EU Android phone/EU Android Patient Management/20240131_094626/cucumber_report/1706690805277'...

31-01-2024T09:46:45 - [MESSAGE][PASSED] - Feature file: 'Include/features/EK-8286 EU Android - Sign-in.feature' was passed

31-01-2024T09:46:45 - [TEST_STEP][PASSED] - startApplication(APK, true): Started app at: '/Users/safaamarir/APK/Android/EU/181-EU-preprod.apk'

31-01-2024T09:46:45 - [MESSAGE][INFO] - User set preference: ['automationName', 'Uiautomator2']

31-01-2024T09:46:45 - [MESSAGE][INFO] - User set preference: ['appWaitActivity', '*']

31-01-2024T09:46:45 - [MESSAGE][INFO] - User set preference: ['deviceId', '']

31-01-2024T09:46:45 - [MESSAGE][INFO] - Detected NodeJS location: "/opt/homebrew/Cellar/node/21.5.0/bin/node"

31-01-2024T09:46:45 - [MESSAGE][INFO] - PATH: /opt/homebrew/Cellar/node/21.5.0/bin:/opt/homebrew/bin:/usr/bin:/bin:/usr/sbin:/sbin:/Applications/Katalon Studio Arm64.app/Contents/Eclipse/jre/Contents/Home/bin:/usr/local/bin/

31-01-2024T09:46:45 - [MESSAGE][INFO] - APPIUM_HOME: /Users/safaamarir/.appium

31-01-2024T09:46:45 - [MESSAGE][INFO] - appium outlog: /Users/safaamarir/git/Android_Automation/Reports/20240131_094626/EU Android phone/EU Android Patient Management/20240131_094626/appium.log

31-01-2024T09:46:45 - [MESSAGE][INFO] - appium errlog: /Users/safaamarir/git/Android_Automation/Reports/20240131_094626/EU Android phone/EU Android Patient Management/20240131_094626/appium_error.log

31-01-2024T09:46:47 - [MESSAGE][INFO] - Appium server started on port 62,735

31-01-2024T09:47:13 - [MESSAGE][PASSED] - Started app at: '/Users/safaamarir/APK/Android/EU/181-EU-preprod.apk'

31-01-2024T09:47:13 - [TEST_STEP][PASSED] - setText(findTestObject("Android/Login Page/Username input"), LoginCreds.get("username"), 30): Text 'katalon' has been set to element 'Object Repository/Android/Login Page/Username input'

31-01-2024T09:47:15 - [MESSAGE][PASSED] - Text 'katalon' has been set to element 'Object Repository/Android/Login Page/Username input'

31-01-2024T09:47:15 - [TEST_STEP][PASSED] - setText(findTestObject("Android/Login Page/Password input"), LoginCreds.get("password"), 30): Text 'eKare123@' has been set to element 'Object Repository/Android/Login Page/Password input'

31-01-2024T09:47:17 - [MESSAGE][PASSED] - Text 'eKare123@' has been set to element 'Object Repository/Android/Login Page/Password input'

31-01-2024T09:47:17 - [TEST_STEP][PASSED] - tap(findTestObject("Android/Login Page/Sign in"), 30): Tapped on element 'Object Repository/Android/Login Page/Sign in'

31-01-2024T09:47:18 - [MESSAGE][PASSED] - Tapped on element 'Object Repository/Android/Login Page/Sign in'

31-01-2024T09:47:18 - [TEST_STEP][PASSED] - tap(findTestObject("Android/IS/User Management/Login/android.widget.TextView - Katalon"), 30): Tapped on element 'Object Repository/Android/IS/User Management/Login/android.widget.TextView - Katalon'

31-01-2024T09:47:20 - [MESSAGE][PASSED] - Tapped on element 'Object Repository/Android/IS/User Management/Login/android.widget.TextView - Katalon'

31-01-2024T09:47:20 - [TEST_STEP][PASSED] - delay(2, STOP_ON_FAILURE): Delayed 2 second(s)

31-01-2024T09:47:22 - [MESSAGE][PASSED] - Delayed 2 second(s)

31-01-2024T09:47:22 - [TEST_STEP][PASSED] - verifyElementExist(findTestObject("Android/IS/User Management/Login/android.widget.TextView - Patient Directory"), 30): Element 'Object Repository/Android/IS/User Management/Login/android.widget.TextView - Patient Directory' is exist

31-01-2024T09:47:26 - [MESSAGE][PASSED] - Element 'Object Repository/Android/IS/User Management/Login/android.widget.TextView - Patient Directory' is exist

31-01-2024T09:47:28 - [TEST_STEP][PASSED] - Video: Video recording for test case 'Test Cases/Android/EU Android/User Management/EK-8286 EU Android - Sign-in' .

31-01-2024T09:47:28 - [MESSAGE][INFO] - Video recording for test case 'Test Cases/Android/EU Android/User Management/EK-8286 EU Android - Sign-in' .]]></system-out>
         <system-err><![CDATA[]]></system-err>
      </testcase>
      <testcase name="Test Cases/Android/EU Android/Patient Management/EK-8351 EU Android - Search Patient" time="12.149" classname="Test Cases/Android/EU Android/Patient Management/EK-8351 EU Android - Search Patient" status="PASSED">
         <system-out><![CDATA[31-01-2024T09:47:28 - [TEST_CASE][PASSED] - Test Cases/Android/EU Android/Patient Management/EK-8351 EU Android - Search Patient: Test Cases/Android/EU Android/Patient Management/EK-8351 EU Android - Search Patient

31-01-2024T09:47:28 - [TEST_STEP][PASSED] - Start listener action : beforeTestCase: null

31-01-2024T09:47:28 - [TEST_STEP][PASSED] - addDefaultPackages(): null

31-01-2024T09:47:28 - [TEST_STEP][PASSED] - runFeatureFile("Include/features/EK-8351 EU Android - Search Patient.feature"): Feature file: 'Include/features/EK-8351 EU Android - Search Patient.feature' was passed

31-01-2024T09:47:28 - [MESSAGE][INFO] - Starting run keyword runFeatureFile: 'Include/features/EK-8351 EU Android - Search Patient.feature' and extract report to folder: '/Users/safaamarir/git/Android_Automation/Reports/20240131_094626/EU Android phone/EU Android Patient Management/20240131_094626/cucumber_report/1706690848301'...

31-01-2024T09:47:28 - [MESSAGE][PASSED] - Feature file: 'Include/features/EK-8351 EU Android - Search Patient.feature' was passed

31-01-2024T09:47:28 - [TEST_STEP][PASSED] - setText(findTestObject("Android/EU/Patient Management/Add Patient/android.widget.EditText - Search by Name, Patient ID"), "987", 30): Text '987' has been set to element 'Object Repository/Android/EU/Patient Management/Add Patient/android.widget.EditText - Search by Name, Patient ID'

31-01-2024T09:47:30 - [MESSAGE][PASSED] - Text '987' has been set to element 'Object Repository/Android/EU/Patient Management/Add Patient/android.widget.EditText - Search by Name, Patient ID'

31-01-2024T09:47:30 - [TEST_STEP][PASSED] - tap(findTestObject("Object Repository/Android/IS/Patient Management/Search Patient/android.view.ViewGroup"), 30): Tapped on element 'Object Repository/Android/IS/Patient Management/Search Patient/android.view.ViewGroup'

31-01-2024T09:47:31 - [MESSAGE][PASSED] - Tapped on element 'Object Repository/Android/IS/Patient Management/Search Patient/android.view.ViewGroup'

31-01-2024T09:47:31 - [TEST_STEP][PASSED] - tap(findTestObject("Object Repository/Android/IS/Patient Management/Search Patient/android.widget.TextView - Current site"), 30): Tapped on element 'Object Repository/Android/IS/Patient Management/Search Patient/android.widget.TextView - Current site'

31-01-2024T09:47:33 - [MESSAGE][PASSED] - Tapped on element 'Object Repository/Android/IS/Patient Management/Search Patient/android.widget.TextView - Current site'

31-01-2024T09:47:33 - [TEST_STEP][PASSED] - verifyElementExist(findTestObject("Object Repository/Android/IS/Patient Management/Search Patient/android.view.ViewGroup (1)"), 30): Element 'Object Repository/Android/IS/Patient Management/Search Patient/android.view.ViewGroup (1)' is exist

31-01-2024T09:47:33 - [MESSAGE][PASSED] - Element 'Object Repository/Android/IS/Patient Management/Search Patient/android.view.ViewGroup (1)' is exist

31-01-2024T09:47:33 - [TEST_STEP][PASSED] - delay(5, STOP_ON_FAILURE): Delayed 5 second(s)

31-01-2024T09:47:38 - [MESSAGE][PASSED] - Delayed 5 second(s)

31-01-2024T09:47:40 - [TEST_STEP][PASSED] - Video: Video recording for test case 'Test Cases/Android/EU Android/Patient Management/EK-8351 EU Android - Search Patient' .

31-01-2024T09:47:40 - [MESSAGE][INFO] - Video recording for test case 'Test Cases/Android/EU Android/Patient Management/EK-8351 EU Android - Search Patient' .]]></system-out>
         <system-err><![CDATA[]]></system-err>
      </testcase>
      <testcase name="Test Cases/Android/EU Android/Patient Management/EK-8350 EU Android - Edit Patient" time="19.475" classname="Test Cases/Android/EU Android/Patient Management/EK-8350 EU Android - Edit Patient" status="FAILED">
         <failure type="FAILED" message="Test Cases/Android/EU Android/Patient Management/EK-8350 EU Android - Edit Patient FAILED.&#xa;Reason:&#xa;com.kms.katalon.core.exception.StepFailedException: Unable to verify if object 'Object Repository/Android/EU/Patient Management/Edit Patient/android.widget.EditText - 987 (1)' has attribute 'enabled' with value 'false'&#xa;	at com.kms.katalon.core.mobile.keyword.internal.MobileKeywordMain.stepFailed(MobileKeywordMain.groovy:38)&#xa;	at com.kms.katalon.core.mobile.keyword.internal.MobileKeywordMain.runKeyword(MobileKeywordMain.groovy:21)&#xa;	at com.kms.katalon.core.mobile.keyword.builtin.VerifyElementAttributeValueKeyword.verifyElementAttributeValue(VerifyElementAttributeValueKeyword.groovy:71)&#xa;	at com.kms.katalon.core.mobile.keyword.builtin.VerifyElementAttributeValueKeyword.execute(VerifyElementAttributeValueKeyword.groovy:38)&#xa;	at com.kms.katalon.core.keyword.internal.KeywordExecutor.executeKeywordForPlatform(KeywordExecutor.groovy:74)&#xa;	at com.kms.katalon.core.mobile.keyword.MobileBuiltInKeywords.verifyElementAttributeValue(MobileBuiltInKeywords.groovy:2195)&#xa;	at EK-8350 EU Android - Edit Patient.run(EK-8350 EU Android - Edit Patient:44)&#xa;	at com.kms.katalon.core.main.ScriptEngine.run(ScriptEngine.java:194)&#xa;	at com.kms.katalon.core.main.ScriptEngine.runScriptAsRawText(ScriptEngine.java:119)&#xa;	at com.kms.katalon.core.main.TestCaseExecutor.runScript(TestCaseExecutor.java:448)&#xa;	at com.kms.katalon.core.main.TestCaseExecutor.doExecute(TestCaseExecutor.java:439)&#xa;	at com.kms.katalon.core.main.TestCaseExecutor.processExecutionPhase(TestCaseExecutor.java:418)&#xa;	at com.kms.katalon.core.main.TestCaseExecutor.accessMainPhase(TestCaseExecutor.java:410)&#xa;	at com.kms.katalon.core.main.TestCaseExecutor.execute(TestCaseExecutor.java:285)&#xa;	at com.kms.katalon.core.common.CommonExecutor.accessTestCaseMainPhase(CommonExecutor.java:65)&#xa;	at com.kms.katalon.core.main.TestSuiteExecutor.accessTestSuiteMainPhase(TestSuiteExecutor.java:148)&#xa;	at com.kms.katalon.core.main.TestSuiteExecutor.execute(TestSuiteExecutor.java:106)&#xa;	at com.kms.katalon.core.main.TestCaseMain.startTestSuite(TestCaseMain.java:180)&#xa;	at TempTestSuite1706690786504.run(TempTestSuite1706690786504.groovy:36)&#xa;	at java.base/jdk.internal.reflect.NativeMethodAccessorImpl.invoke0(Native Method)&#xa;	at java.base/jdk.internal.reflect.NativeMethodAccessorImpl.invoke(NativeMethodAccessorImpl.java:77)&#xa;	at java.base/jdk.internal.reflect.DelegatingMethodAccessorImpl.invoke(DelegatingMethodAccessorImpl.java:43)&#xa;Caused by: com.kms.katalon.core.exception.StepFailedException: Object 'Object Repository/Android/EU/Patient Management/Edit Patient/android.widget.EditText - 987 (1)' has attribute 'enabled' with actual value 'true' instead of expected value 'false'&#xa;	at com.kms.katalon.core.mobile.keyword.internal.MobileKeywordMain.stepFailed(MobileKeywordMain.groovy:38)&#xa;	at com.kms.katalon.core.mobile.keyword.builtin.VerifyElementAttributeValueKeyword$_verifyElementAttributeValue_closure1.doCall(VerifyElementAttributeValueKeyword.groovy:61)&#xa;	at com.kms.katalon.core.mobile.keyword.builtin.VerifyElementAttributeValueKeyword$_verifyElementAttributeValue_closure1.call(VerifyElementAttributeValueKeyword.groovy)&#xa;	at com.kms.katalon.core.mobile.keyword.internal.MobileKeywordMain.runKeyword(MobileKeywordMain.groovy:19)&#xa;	... 20 more&#xa;"/>
         <system-out><![CDATA[31-01-2024T09:47:40 - [TEST_CASE][FAILED] - Test Cases/Android/EU Android/Patient Management/EK-8350 EU Android - Edit Patient: Test Cases/Android/EU Android/Patient Management/EK-8350 EU Android - Edit Patient FAILED.
Reason:
com.kms.katalon.core.exception.StepFailedException: Unable to verify if object 'Object Repository/Android/EU/Patient Management/Edit Patient/android.widget.EditText - 987 (1)' has attribute 'enabled' with value 'false'
	at com.kms.katalon.core.mobile.keyword.internal.MobileKeywordMain.stepFailed(MobileKeywordMain.groovy:38)
	at com.kms.katalon.core.mobile.keyword.internal.MobileKeywordMain.runKeyword(MobileKeywordMain.groovy:21)
	at com.kms.katalon.core.mobile.keyword.builtin.VerifyElementAttributeValueKeyword.verifyElementAttributeValue(VerifyElementAttributeValueKeyword.groovy:71)
	at com.kms.katalon.core.mobile.keyword.builtin.VerifyElementAttributeValueKeyword.execute(VerifyElementAttributeValueKeyword.groovy:38)
	at com.kms.katalon.core.keyword.internal.KeywordExecutor.executeKeywordForPlatform(KeywordExecutor.groovy:74)
	at com.kms.katalon.core.mobile.keyword.MobileBuiltInKeywords.verifyElementAttributeValue(MobileBuiltInKeywords.groovy:2195)
	at EK-8350 EU Android - Edit Patient.run(EK-8350 EU Android - Edit Patient:44)
	at com.kms.katalon.core.main.ScriptEngine.run(ScriptEngine.java:194)
	at com.kms.katalon.core.main.ScriptEngine.runScriptAsRawText(ScriptEngine.java:119)
	at com.kms.katalon.core.main.TestCaseExecutor.runScript(TestCaseExecutor.java:448)
	at com.kms.katalon.core.main.TestCaseExecutor.doExecute(TestCaseExecutor.java:439)
	at com.kms.katalon.core.main.TestCaseExecutor.processExecutionPhase(TestCaseExecutor.java:418)
	at com.kms.katalon.core.main.TestCaseExecutor.accessMainPhase(TestCaseExecutor.java:410)
	at com.kms.katalon.core.main.TestCaseExecutor.execute(TestCaseExecutor.java:285)
	at com.kms.katalon.core.common.CommonExecutor.accessTestCaseMainPhase(CommonExecutor.java:65)
	at com.kms.katalon.core.main.TestSuiteExecutor.accessTestSuiteMainPhase(TestSuiteExecutor.java:148)
	at com.kms.katalon.core.main.TestSuiteExecutor.execute(TestSuiteExecutor.java:106)
	at com.kms.katalon.core.main.TestCaseMain.startTestSuite(TestCaseMain.java:180)
	at TempTestSuite1706690786504.run(TempTestSuite1706690786504.groovy:36)
	at java.base/jdk.internal.reflect.NativeMethodAccessorImpl.invoke0(Native Method)
	at java.base/jdk.internal.reflect.NativeMethodAccessorImpl.invoke(NativeMethodAccessorImpl.java:77)
	at java.base/jdk.internal.reflect.DelegatingMethodAccessorImpl.invoke(DelegatingMethodAccessorImpl.java:43)
Caused by: com.kms.katalon.core.exception.StepFailedException: Object 'Object Repository/Android/EU/Patient Management/Edit Patient/android.widget.EditText - 987 (1)' has attribute 'enabled' with actual value 'true' instead of expected value 'false'
	at com.kms.katalon.core.mobile.keyword.internal.MobileKeywordMain.stepFailed(MobileKeywordMain.groovy:38)
	at com.kms.katalon.core.mobile.keyword.builtin.VerifyElementAttributeValueKeyword$_verifyElementAttributeValue_closure1.doCall(VerifyElementAttributeValueKeyword.groovy:61)
	at com.kms.katalon.core.mobile.keyword.builtin.VerifyElementAttributeValueKeyword$_verifyElementAttributeValue_closure1.call(VerifyElementAttributeValueKeyword.groovy)
	at com.kms.katalon.core.mobile.keyword.internal.MobileKeywordMain.runKeyword(MobileKeywordMain.groovy:19)
	... 20 more


31-01-2024T09:47:40 - [TEST_STEP][PASSED] - Start listener action : beforeTestCase: null

31-01-2024T09:47:40 - [TEST_STEP][PASSED] - addDefaultPackages(): null

31-01-2024T09:47:40 - [TEST_STEP][PASSED] - runFeatureFile("Include/features/EK-8350 EU Android - Edit Patient.feature"): Feature file: 'Include/features/EK-8350 EU Android - Edit Patient.feature' was passed

31-01-2024T09:47:40 - [MESSAGE][INFO] - Starting run keyword runFeatureFile: 'Include/features/EK-8350 EU Android - Edit Patient.feature' and extract report to folder: '/Users/safaamarir/git/Android_Automation/Reports/20240131_094626/EU Android phone/EU Android Patient Management/20240131_094626/cucumber_report/1706690860452'...

31-01-2024T09:47:40 - [MESSAGE][PASSED] - Feature file: 'Include/features/EK-8350 EU Android - Edit Patient.feature' was passed

31-01-2024T09:47:40 - [TEST_STEP][PASSED] - tap(findTestObject("Object Repository/Android/IS/Patient Management/Edit Patient/android.view.ViewGroup (1)"), 30): Tapped on element 'Object Repository/Android/IS/Patient Management/Edit Patient/android.view.ViewGroup (1)'

31-01-2024T09:47:40 - [MESSAGE][PASSED] - Tapped on element 'Object Repository/Android/IS/Patient Management/Edit Patient/android.view.ViewGroup (1)'

31-01-2024T09:47:40 - [TEST_STEP][PASSED] - tap(findTestObject("Android/IS/Patient Management/Freeze Patient/android.widget.ImageView - menu"), 30): Tapped on element 'Object Repository/Android/IS/Patient Management/Freeze Patient/android.widget.ImageView - menu'

31-01-2024T09:47:42 - [MESSAGE][PASSED] - Tapped on element 'Object Repository/Android/IS/Patient Management/Freeze Patient/android.widget.ImageView - menu'

31-01-2024T09:47:42 - [TEST_STEP][PASSED] - tap(findTestObject("Object Repository/Android/IS/Patient Management/Edit Patient/android.widget.TextView - Edit patient"), 30): Tapped on element 'Object Repository/Android/IS/Patient Management/Edit Patient/android.widget.TextView - Edit patient'

31-01-2024T09:47:43 - [MESSAGE][PASSED] - Tapped on element 'Object Repository/Android/IS/Patient Management/Edit Patient/android.widget.TextView - Edit patient'

31-01-2024T09:47:43 - [TEST_STEP][PASSED] - setText(findTestObject("Android/EU/Patient Management/Edit Patient/android.widget.EditText - First Name"), "Editt", 30): Text 'Editt' has been set to element 'Object Repository/Android/EU/Patient Management/Edit Patient/android.widget.EditText - First Name'

31-01-2024T09:47:46 - [MESSAGE][PASSED] - Text 'Editt' has been set to element 'Object Repository/Android/EU/Patient Management/Edit Patient/android.widget.EditText - First Name'

31-01-2024T09:47:46 - [TEST_STEP][PASSED] - pressBack(): Press back button successfully

31-01-2024T09:47:47 - [MESSAGE][PASSED] - Press back button successfully

31-01-2024T09:47:47 - [TEST_STEP][PASSED] - setText(findTestObject("Android/EU/Patient Management/Edit Patient/android.widget.EditText - Last Name"), "Litee", 30): Text 'Litee' has been set to element 'Object Repository/Android/EU/Patient Management/Edit Patient/android.widget.EditText - Last Name'

31-01-2024T09:47:50 - [MESSAGE][PASSED] - Text 'Litee' has been set to element 'Object Repository/Android/EU/Patient Management/Edit Patient/android.widget.EditText - Last Name'

31-01-2024T09:47:50 - [TEST_STEP][PASSED] - pressBack(): Press back button successfully

31-01-2024T09:47:51 - [MESSAGE][PASSED] - Press back button successfully

31-01-2024T09:47:51 - [TEST_STEP][PASSED] - setText(findTestObject("Android/EU/Patient Management/Edit Patient/android.widget.EditText - DOB"), "09/07/2001", 30): Text '09/07/2001' has been set to element 'Object Repository/Android/EU/Patient Management/Edit Patient/android.widget.EditText - DOB'

31-01-2024T09:47:54 - [MESSAGE][PASSED] - Text '09/07/2001' has been set to element 'Object Repository/Android/EU/Patient Management/Edit Patient/android.widget.EditText - DOB'

31-01-2024T09:47:54 - [TEST_STEP][PASSED] - pressBack(): Press back button successfully

31-01-2024T09:47:55 - [MESSAGE][PASSED] - Press back button successfully

31-01-2024T09:47:55 - [TEST_STEP][FAILED] - verifyElementAttributeValue(findTestObject("Android/EU/Patient Management/Edit Patient/android.widget.EditText - 987 (1)"), "enabled", "false", 30, STOP_ON_FAILURE): Unable to verify if object 'Object Repository/Android/EU/Patient Management/Edit Patient/android.widget.EditText - 987 (1)' has attribute 'enabled' with value 'false' (Root cause: com.kms.katalon.core.exception.StepFailedException: Unable to verify if object 'Object Repository/Android/EU/Patient Management/Edit Patient/android.widget.EditText - 987 (1)' has attribute 'enabled' with value 'false'
	at com.kms.katalon.core.mobile.keyword.internal.MobileKeywordMain.stepFailed(MobileKeywordMain.groovy:38)
	at com.kms.katalon.core.mobile.keyword.internal.MobileKeywordMain.runKeyword(MobileKeywordMain.groovy:21)
	at com.kms.katalon.core.mobile.keyword.builtin.VerifyElementAttributeValueKeyword.verifyElementAttributeValue(VerifyElementAttributeValueKeyword.groovy:71)
	at com.kms.katalon.core.mobile.keyword.builtin.VerifyElementAttributeValueKeyword.execute(VerifyElementAttributeValueKeyword.groovy:38)
	at com.kms.katalon.core.keyword.internal.KeywordExecutor.executeKeywordForPlatform(KeywordExecutor.groovy:74)
	at com.kms.katalon.core.mobile.keyword.MobileBuiltInKeywords.verifyElementAttributeValue(MobileBuiltInKeywords.groovy:2195)
	at EK-8350 EU Android - Edit Patient.run(EK-8350 EU Android - Edit Patient:44)
	at com.kms.katalon.core.main.ScriptEngine.run(ScriptEngine.java:194)
	at com.kms.katalon.core.main.ScriptEngine.runScriptAsRawText(ScriptEngine.java:119)
	at com.kms.katalon.core.main.TestCaseExecutor.runScript(TestCaseExecutor.java:448)
	at com.kms.katalon.core.main.TestCaseExecutor.doExecute(TestCaseExecutor.java:439)
	at com.kms.katalon.core.main.TestCaseExecutor.processExecutionPhase(TestCaseExecutor.java:418)
	at com.kms.katalon.core.main.TestCaseExecutor.accessMainPhase(TestCaseExecutor.java:410)
	at com.kms.katalon.core.main.TestCaseExecutor.execute(TestCaseExecutor.java:285)
	at com.kms.katalon.core.common.CommonExecutor.accessTestCaseMainPhase(CommonExecutor.java:65)
	at com.kms.katalon.core.main.TestSuiteExecutor.accessTestSuiteMainPhase(TestSuiteExecutor.java:148)
	at com.kms.katalon.core.main.TestSuiteExecutor.execute(TestSuiteExecutor.java:106)
	at com.kms.katalon.core.main.TestCaseMain.startTestSuite(TestCaseMain.java:180)
	at TempTestSuite1706690786504.run(TempTestSuite1706690786504.groovy:36)
	at java.base/jdk.internal.reflect.NativeMethodAccessorImpl.invoke0(Native Method)
	at java.base/jdk.internal.reflect.NativeMethodAccessorImpl.invoke(NativeMethodAccessorImpl.java:77)
	at java.base/jdk.internal.reflect.DelegatingMethodAccessorImpl.invoke(DelegatingMethodAccessorImpl.java:43)
Caused by: com.kms.katalon.core.exception.StepFailedException: Object 'Object Repository/Android/EU/Patient Management/Edit Patient/android.widget.EditText - 987 (1)' has attribute 'enabled' with actual value 'true' instead of expected value 'false'
	at com.kms.katalon.core.mobile.keyword.internal.MobileKeywordMain.stepFailed(MobileKeywordMain.groovy:38)
	at com.kms.katalon.core.mobile.keyword.builtin.VerifyElementAttributeValueKeyword$_verifyElementAttributeValue_closure1.doCall(VerifyElementAttributeValueKeyword.groovy:61)
	at com.kms.katalon.core.mobile.keyword.builtin.VerifyElementAttributeValueKeyword$_verifyElementAttributeValue_closure1.call(VerifyElementAttributeValueKeyword.groovy)
	at com.kms.katalon.core.mobile.keyword.internal.MobileKeywordMain.runKeyword(MobileKeywordMain.groovy:19)
	... 20 more
)

31-01-2024T09:47:57 - [MESSAGE][FAILED] - Object 'Object Repository/Android/EU/Patient Management/Edit Patient/android.widget.EditText - 987 (1)' has attribute 'enabled' with actual value 'true' instead of expected value 'false' (Root cause: com.kms.katalon.core.exception.StepFailedException: Object 'Object Repository/Android/EU/Patient Management/Edit Patient/android.widget.EditText - 987 (1)' has attribute 'enabled' with actual value 'true' instead of expected value 'false'
	at com.kms.katalon.core.mobile.keyword.internal.MobileKeywordMain.stepFailed(MobileKeywordMain.groovy:38)
	at com.kms.katalon.core.mobile.keyword.builtin.VerifyElementAttributeValueKeyword$_verifyElementAttributeValue_closure1.doCall(VerifyElementAttributeValueKeyword.groovy:61)
	at com.kms.katalon.core.mobile.keyword.builtin.VerifyElementAttributeValueKeyword$_verifyElementAttributeValue_closure1.call(VerifyElementAttributeValueKeyword.groovy)
	at com.kms.katalon.core.mobile.keyword.internal.MobileKeywordMain.runKeyword(MobileKeywordMain.groovy:19)
	at com.kms.katalon.core.mobile.keyword.builtin.VerifyElementAttributeValueKeyword.verifyElementAttributeValue(VerifyElementAttributeValueKeyword.groovy:71)
	at com.kms.katalon.core.mobile.keyword.builtin.VerifyElementAttributeValueKeyword.execute(VerifyElementAttributeValueKeyword.groovy:38)
	at com.kms.katalon.core.keyword.internal.KeywordExecutor.executeKeywordForPlatform(KeywordExecutor.groovy:74)
	at com.kms.katalon.core.mobile.keyword.MobileBuiltInKeywords.verifyElementAttributeValue(MobileBuiltInKeywords.groovy:2195)
	at EK-8350 EU Android - Edit Patient.run(EK-8350 EU Android - Edit Patient:44)
	at com.kms.katalon.core.main.ScriptEngine.run(ScriptEngine.java:194)
	at com.kms.katalon.core.main.ScriptEngine.runScriptAsRawText(ScriptEngine.java:119)
	at com.kms.katalon.core.main.TestCaseExecutor.runScript(TestCaseExecutor.java:448)
	at com.kms.katalon.core.main.TestCaseExecutor.doExecute(TestCaseExecutor.java:439)
	at com.kms.katalon.core.main.TestCaseExecutor.processExecutionPhase(TestCaseExecutor.java:418)
	at com.kms.katalon.core.main.TestCaseExecutor.accessMainPhase(TestCaseExecutor.java:410)
	at com.kms.katalon.core.main.TestCaseExecutor.execute(TestCaseExecutor.java:285)
	at com.kms.katalon.core.common.CommonExecutor.accessTestCaseMainPhase(CommonExecutor.java:65)
	at com.kms.katalon.core.main.TestSuiteExecutor.accessTestSuiteMainPhase(TestSuiteExecutor.java:148)
	at com.kms.katalon.core.main.TestSuiteExecutor.execute(TestSuiteExecutor.java:106)
	at com.kms.katalon.core.main.TestCaseMain.startTestSuite(TestCaseMain.java:180)
	at TempTestSuite1706690786504.run(TempTestSuite1706690786504.groovy:36)
	at java.base/jdk.internal.reflect.NativeMethodAccessorImpl.invoke0(Native Method)
	at java.base/jdk.internal.reflect.NativeMethodAccessorImpl.invoke(NativeMethodAccessorImpl.java:77)
	at java.base/jdk.internal.reflect.DelegatingMethodAccessorImpl.invoke(DelegatingMethodAccessorImpl.java:43)
)
[[ATTACHMENT|/Users/safaamarir/git/Android_Automation/Reports/20240131_094626/EU Android phone/EU Android Patient Management/20240131_094626/1706690876575.png]]

31-01-2024T09:47:57 - [MESSAGE][FAILED] - Unable to verify if object 'Object Repository/Android/EU/Patient Management/Edit Patient/android.widget.EditText - 987 (1)' has attribute 'enabled' with value 'false' (Root cause: com.kms.katalon.core.exception.StepFailedException: Unable to verify if object 'Object Repository/Android/EU/Patient Management/Edit Patient/android.widget.EditText - 987 (1)' has attribute 'enabled' with value 'false'
	at com.kms.katalon.core.mobile.keyword.internal.MobileKeywordMain.stepFailed(MobileKeywordMain.groovy:38)
	at com.kms.katalon.core.mobile.keyword.internal.MobileKeywordMain.runKeyword(MobileKeywordMain.groovy:21)
	at com.kms.katalon.core.mobile.keyword.builtin.VerifyElementAttributeValueKeyword.verifyElementAttributeValue(VerifyElementAttributeValueKeyword.groovy:71)
	at com.kms.katalon.core.mobile.keyword.builtin.VerifyElementAttributeValueKeyword.execute(VerifyElementAttributeValueKeyword.groovy:38)
	at com.kms.katalon.core.keyword.internal.KeywordExecutor.executeKeywordForPlatform(KeywordExecutor.groovy:74)
	at com.kms.katalon.core.mobile.keyword.MobileBuiltInKeywords.verifyElementAttributeValue(MobileBuiltInKeywords.groovy:2195)
	at EK-8350 EU Android - Edit Patient.run(EK-8350 EU Android - Edit Patient:44)
	at com.kms.katalon.core.main.ScriptEngine.run(ScriptEngine.java:194)
	at com.kms.katalon.core.main.ScriptEngine.runScriptAsRawText(ScriptEngine.java:119)
	at com.kms.katalon.core.main.TestCaseExecutor.runScript(TestCaseExecutor.java:448)
	at com.kms.katalon.core.main.TestCaseExecutor.doExecute(TestCaseExecutor.java:439)
	at com.kms.katalon.core.main.TestCaseExecutor.processExecutionPhase(TestCaseExecutor.java:418)
	at com.kms.katalon.core.main.TestCaseExecutor.accessMainPhase(TestCaseExecutor.java:410)
	at com.kms.katalon.core.main.TestCaseExecutor.execute(TestCaseExecutor.java:285)
	at com.kms.katalon.core.common.CommonExecutor.accessTestCaseMainPhase(CommonExecutor.java:65)
	at com.kms.katalon.core.main.TestSuiteExecutor.accessTestSuiteMainPhase(TestSuiteExecutor.java:148)
	at com.kms.katalon.core.main.TestSuiteExecutor.execute(TestSuiteExecutor.java:106)
	at com.kms.katalon.core.main.TestCaseMain.startTestSuite(TestCaseMain.java:180)
	at TempTestSuite1706690786504.run(TempTestSuite1706690786504.groovy:36)
	at java.base/jdk.internal.reflect.NativeMethodAccessorImpl.invoke0(Native Method)
	at java.base/jdk.internal.reflect.NativeMethodAccessorImpl.invoke(NativeMethodAccessorImpl.java:77)
	at java.base/jdk.internal.reflect.DelegatingMethodAccessorImpl.invoke(DelegatingMethodAccessorImpl.java:43)
Caused by: com.kms.katalon.core.exception.StepFailedException: Object 'Object Repository/Android/EU/Patient Management/Edit Patient/android.widget.EditText - 987 (1)' has attribute 'enabled' with actual value 'true' instead of expected value 'false'
	at com.kms.katalon.core.mobile.keyword.internal.MobileKeywordMain.stepFailed(MobileKeywordMain.groovy:38)
	at com.kms.katalon.core.mobile.keyword.builtin.VerifyElementAttributeValueKeyword$_verifyElementAttributeValue_closure1.doCall(VerifyElementAttributeValueKeyword.groovy:61)
	at com.kms.katalon.core.mobile.keyword.builtin.VerifyElementAttributeValueKeyword$_verifyElementAttributeValue_closure1.call(VerifyElementAttributeValueKeyword.groovy)
	at com.kms.katalon.core.mobile.keyword.internal.MobileKeywordMain.runKeyword(MobileKeywordMain.groovy:19)
	... 20 more
)
[[ATTACHMENT|/Users/safaamarir/git/Android_Automation/Reports/20240131_094626/EU Android phone/EU Android Patient Management/20240131_094626/1706690877216.png]]

31-01-2024T09:47:59 - [TEST_STEP][PASSED] - Video: Video recording for test case 'Test Cases/Android/EU Android/Patient Management/EK-8350 EU Android - Edit Patient' .

31-01-2024T09:47:59 - [MESSAGE][INFO] - Video recording for test case 'Test Cases/Android/EU Android/Patient Management/EK-8350 EU Android - Edit Patient' .]]></system-out>
         <system-err><![CDATA[31-01-2024T09:47:40 - [TEST_CASE][FAILED] - Test Cases/Android/EU Android/Patient Management/EK-8350 EU Android - Edit Patient: Test Cases/Android/EU Android/Patient Management/EK-8350 EU Android - Edit Patient FAILED.
Reason:
com.kms.katalon.core.exception.StepFailedException: Unable to verify if object 'Object Repository/Android/EU/Patient Management/Edit Patient/android.widget.EditText - 987 (1)' has attribute 'enabled' with value 'false'
	at com.kms.katalon.core.mobile.keyword.internal.MobileKeywordMain.stepFailed(MobileKeywordMain.groovy:38)
	at com.kms.katalon.core.mobile.keyword.internal.MobileKeywordMain.runKeyword(MobileKeywordMain.groovy:21)
	at com.kms.katalon.core.mobile.keyword.builtin.VerifyElementAttributeValueKeyword.verifyElementAttributeValue(VerifyElementAttributeValueKeyword.groovy:71)
	at com.kms.katalon.core.mobile.keyword.builtin.VerifyElementAttributeValueKeyword.execute(VerifyElementAttributeValueKeyword.groovy:38)
	at com.kms.katalon.core.keyword.internal.KeywordExecutor.executeKeywordForPlatform(KeywordExecutor.groovy:74)
	at com.kms.katalon.core.mobile.keyword.MobileBuiltInKeywords.verifyElementAttributeValue(MobileBuiltInKeywords.groovy:2195)
	at EK-8350 EU Android - Edit Patient.run(EK-8350 EU Android - Edit Patient:44)
	at com.kms.katalon.core.main.ScriptEngine.run(ScriptEngine.java:194)
	at com.kms.katalon.core.main.ScriptEngine.runScriptAsRawText(ScriptEngine.java:119)
	at com.kms.katalon.core.main.TestCaseExecutor.runScript(TestCaseExecutor.java:448)
	at com.kms.katalon.core.main.TestCaseExecutor.doExecute(TestCaseExecutor.java:439)
	at com.kms.katalon.core.main.TestCaseExecutor.processExecutionPhase(TestCaseExecutor.java:418)
	at com.kms.katalon.core.main.TestCaseExecutor.accessMainPhase(TestCaseExecutor.java:410)
	at com.kms.katalon.core.main.TestCaseExecutor.execute(TestCaseExecutor.java:285)
	at com.kms.katalon.core.common.CommonExecutor.accessTestCaseMainPhase(CommonExecutor.java:65)
	at com.kms.katalon.core.main.TestSuiteExecutor.accessTestSuiteMainPhase(TestSuiteExecutor.java:148)
	at com.kms.katalon.core.main.TestSuiteExecutor.execute(TestSuiteExecutor.java:106)
	at com.kms.katalon.core.main.TestCaseMain.startTestSuite(TestCaseMain.java:180)
	at TempTestSuite1706690786504.run(TempTestSuite1706690786504.groovy:36)
	at java.base/jdk.internal.reflect.NativeMethodAccessorImpl.invoke0(Native Method)
	at java.base/jdk.internal.reflect.NativeMethodAccessorImpl.invoke(NativeMethodAccessorImpl.java:77)
	at java.base/jdk.internal.reflect.DelegatingMethodAccessorImpl.invoke(DelegatingMethodAccessorImpl.java:43)
Caused by: com.kms.katalon.core.exception.StepFailedException: Object 'Object Repository/Android/EU/Patient Management/Edit Patient/android.widget.EditText - 987 (1)' has attribute 'enabled' with actual value 'true' instead of expected value 'false'
	at com.kms.katalon.core.mobile.keyword.internal.MobileKeywordMain.stepFailed(MobileKeywordMain.groovy:38)
	at com.kms.katalon.core.mobile.keyword.builtin.VerifyElementAttributeValueKeyword$_verifyElementAttributeValue_closure1.doCall(VerifyElementAttributeValueKeyword.groovy:61)
	at com.kms.katalon.core.mobile.keyword.builtin.VerifyElementAttributeValueKeyword$_verifyElementAttributeValue_closure1.call(VerifyElementAttributeValueKeyword.groovy)
	at com.kms.katalon.core.mobile.keyword.internal.MobileKeywordMain.runKeyword(MobileKeywordMain.groovy:19)
	... 20 more]]></system-err>
      </testcase>
      <system-out><![CDATA[31-01-2024T09:46:44 - [TEST_SUITE][FAILED] - EU Android Patient Management: Test Cases/Android/EU Android/Patient Management/EK-8350 EU Android - Edit Patient FAILED.
Reason:
com.kms.katalon.core.exception.StepFailedException: Unable to verify if object 'Object Repository/Android/EU/Patient Management/Edit Patient/android.widget.EditText - 987 (1)' has attribute 'enabled' with value 'false'
	at com.kms.katalon.core.mobile.keyword.internal.MobileKeywordMain.stepFailed(MobileKeywordMain.groovy:38)
	at com.kms.katalon.core.mobile.keyword.internal.MobileKeywordMain.runKeyword(MobileKeywordMain.groovy:21)
	at com.kms.katalon.core.mobile.keyword.builtin.VerifyElementAttributeValueKeyword.verifyElementAttributeValue(VerifyElementAttributeValueKeyword.groovy:71)
	at com.kms.katalon.core.mobile.keyword.builtin.VerifyElementAttributeValueKeyword.execute(VerifyElementAttributeValueKeyword.groovy:38)
	at com.kms.katalon.core.keyword.internal.KeywordExecutor.executeKeywordForPlatform(KeywordExecutor.groovy:74)
	at com.kms.katalon.core.mobile.keyword.MobileBuiltInKeywords.verifyElementAttributeValue(MobileBuiltInKeywords.groovy:2195)
	at EK-8350 EU Android - Edit Patient.run(EK-8350 EU Android - Edit Patient:44)
	at com.kms.katalon.core.main.ScriptEngine.run(ScriptEngine.java:194)
	at com.kms.katalon.core.main.ScriptEngine.runScriptAsRawText(ScriptEngine.java:119)
	at com.kms.katalon.core.main.TestCaseExecutor.runScript(TestCaseExecutor.java:448)
	at com.kms.katalon.core.main.TestCaseExecutor.doExecute(TestCaseExecutor.java:439)
	at com.kms.katalon.core.main.TestCaseExecutor.processExecutionPhase(TestCaseExecutor.java:418)
	at com.kms.katalon.core.main.TestCaseExecutor.accessMainPhase(TestCaseExecutor.java:410)
	at com.kms.katalon.core.main.TestCaseExecutor.execute(TestCaseExecutor.java:285)
	at com.kms.katalon.core.common.CommonExecutor.accessTestCaseMainPhase(CommonExecutor.java:65)
	at com.kms.katalon.core.main.TestSuiteExecutor.accessTestSuiteMainPhase(TestSuiteExecutor.java:148)
	at com.kms.katalon.core.main.TestSuiteExecutor.execute(TestSuiteExecutor.java:106)
	at com.kms.katalon.core.main.TestCaseMain.startTestSuite(TestCaseMain.java:180)
	at TempTestSuite1706690786504.run(TempTestSuite1706690786504.groovy:36)
	at java.base/jdk.internal.reflect.NativeMethodAccessorImpl.invoke0(Native Method)
	at java.base/jdk.internal.reflect.NativeMethodAccessorImpl.invoke(NativeMethodAccessorImpl.java:77)
	at java.base/jdk.internal.reflect.DelegatingMethodAccessorImpl.invoke(DelegatingMethodAccessorImpl.java:43)
Caused by: com.kms.katalon.core.exception.StepFailedException: Object 'Object Repository/Android/EU/Patient Management/Edit Patient/android.widget.EditText - 987 (1)' has attribute 'enabled' with actual value 'true' instead of expected value 'false'
	at com.kms.katalon.core.mobile.keyword.internal.MobileKeywordMain.stepFailed(MobileKeywordMain.groovy:38)
	at com.kms.katalon.core.mobile.keyword.builtin.VerifyElementAttributeValueKeyword$_verifyElementAttributeValue_closure1.doCall(VerifyElementAttributeValueKeyword.groovy:61)
	at com.kms.katalon.core.mobile.keyword.builtin.VerifyElementAttributeValueKeyword$_verifyElementAttributeValue_closure1.call(VerifyElementAttributeValueKeyword.groovy)
	at com.kms.katalon.core.mobile.keyword.internal.MobileKeywordMain.runKeyword(MobileKeywordMain.groovy:19)
	... 20 more]]></system-out>
      <system-err><![CDATA[31-01-2024T09:46:44 - [TEST_SUITE][FAILED] - EU Android Patient Management: Test Cases/Android/EU Android/Patient Management/EK-8350 EU Android - Edit Patient FAILED.
Reason:
com.kms.katalon.core.exception.StepFailedException: Unable to verify if object 'Object Repository/Android/EU/Patient Management/Edit Patient/android.widget.EditText - 987 (1)' has attribute 'enabled' with value 'false'
	at com.kms.katalon.core.mobile.keyword.internal.MobileKeywordMain.stepFailed(MobileKeywordMain.groovy:38)
	at com.kms.katalon.core.mobile.keyword.internal.MobileKeywordMain.runKeyword(MobileKeywordMain.groovy:21)
	at com.kms.katalon.core.mobile.keyword.builtin.VerifyElementAttributeValueKeyword.verifyElementAttributeValue(VerifyElementAttributeValueKeyword.groovy:71)
	at com.kms.katalon.core.mobile.keyword.builtin.VerifyElementAttributeValueKeyword.execute(VerifyElementAttributeValueKeyword.groovy:38)
	at com.kms.katalon.core.keyword.internal.KeywordExecutor.executeKeywordForPlatform(KeywordExecutor.groovy:74)
	at com.kms.katalon.core.mobile.keyword.MobileBuiltInKeywords.verifyElementAttributeValue(MobileBuiltInKeywords.groovy:2195)
	at EK-8350 EU Android - Edit Patient.run(EK-8350 EU Android - Edit Patient:44)
	at com.kms.katalon.core.main.ScriptEngine.run(ScriptEngine.java:194)
	at com.kms.katalon.core.main.ScriptEngine.runScriptAsRawText(ScriptEngine.java:119)
	at com.kms.katalon.core.main.TestCaseExecutor.runScript(TestCaseExecutor.java:448)
	at com.kms.katalon.core.main.TestCaseExecutor.doExecute(TestCaseExecutor.java:439)
	at com.kms.katalon.core.main.TestCaseExecutor.processExecutionPhase(TestCaseExecutor.java:418)
	at com.kms.katalon.core.main.TestCaseExecutor.accessMainPhase(TestCaseExecutor.java:410)
	at com.kms.katalon.core.main.TestCaseExecutor.execute(TestCaseExecutor.java:285)
	at com.kms.katalon.core.common.CommonExecutor.accessTestCaseMainPhase(CommonExecutor.java:65)
	at com.kms.katalon.core.main.TestSuiteExecutor.accessTestSuiteMainPhase(TestSuiteExecutor.java:148)
	at com.kms.katalon.core.main.TestSuiteExecutor.execute(TestSuiteExecutor.java:106)
	at com.kms.katalon.core.main.TestCaseMain.startTestSuite(TestCaseMain.java:180)
	at TempTestSuite1706690786504.run(TempTestSuite1706690786504.groovy:36)
	at java.base/jdk.internal.reflect.NativeMethodAccessorImpl.invoke0(Native Method)
	at java.base/jdk.internal.reflect.NativeMethodAccessorImpl.invoke(NativeMethodAccessorImpl.java:77)
	at java.base/jdk.internal.reflect.DelegatingMethodAccessorImpl.invoke(DelegatingMethodAccessorImpl.java:43)
Caused by: com.kms.katalon.core.exception.StepFailedException: Object 'Object Repository/Android/EU/Patient Management/Edit Patient/android.widget.EditText - 987 (1)' has attribute 'enabled' with actual value 'true' instead of expected value 'false'
	at com.kms.katalon.core.mobile.keyword.internal.MobileKeywordMain.stepFailed(MobileKeywordMain.groovy:38)
	at com.kms.katalon.core.mobile.keyword.builtin.VerifyElementAttributeValueKeyword$_verifyElementAttributeValue_closure1.doCall(VerifyElementAttributeValueKeyword.groovy:61)
	at com.kms.katalon.core.mobile.keyword.builtin.VerifyElementAttributeValueKeyword$_verifyElementAttributeValue_closure1.call(VerifyElementAttributeValueKeyword.groovy)
	at com.kms.katalon.core.mobile.keyword.internal.MobileKeywordMain.runKeyword(MobileKeywordMain.groovy:19)
	... 20 more]]></system-err>
   </testsuite>
</testsuites>
