<?xml version="1.0" encoding="UTF-8"?>
<testsuites name="Patient Management" time="318.471" tests="8" failures="2" errors="0">
   <testsuite name="Patient Management" tests="8" failures="2" errors="0" time="318.471" skipped="0" timestamp="08-05-2024T13:39:17" hostname="safaamarir - 192.168.1.4" id="Test Suites/IS iPhone/Patient Management">
      <properties>
         <property name="deviceName" value="Safa’s iPhone"/>
         <property name="devicePlatform" value=""/>
         <property name="logFolder" value="/Users/safaamarir/git/Android_Automation/Reports/20240508_133913/IS iPhone/Patient Management/20240508_133914"/>
         <property name="logFiles" value="/Users/safaamarir/git/Android_Automation/Reports/20240508_133913/IS iPhone/Patient Management/20240508_133914/execution0.log, /Users/safaamarir/git/Android_Automation/Reports/20240508_133913/IS iPhone/Patient Management/20240508_133914/appium_error.log, /Users/safaamarir/git/Android_Automation/Reports/20240508_133913/IS iPhone/Patient Management/20240508_133914/appium.log, /Users/safaamarir/git/Android_Automation/Reports/20240508_133913/IS iPhone/Patient Management/20240508_133914/appium-proxy-server.log"/>
         <property name="attachments" value="/Users/safaamarir/git/Android_Automation/Reports/20240508_133913/IS iPhone/Patient Management/20240508_133914/1715172173397.png, /Users/safaamarir/git/Android_Automation/Reports/20240508_133913/IS iPhone/Patient Management/20240508_133914/1715172173763.png, /Users/safaamarir/git/Android_Automation/Reports/20240508_133913/IS iPhone/Patient Management/20240508_133914/1715172263473.png, /Users/safaamarir/git/Android_Automation/Reports/20240508_133913/IS iPhone/Patient Management/20240508_133914/1715172263817.png"/>
         <property name="hostName" value="safaamarir - 192.168.1.4"/>
         <property name="os" value="Mac OS X 64bit"/>
         <property name="appiumServerStatus" value="{&quot;value&quot;:{&quot;ready&quot;:true,&quot;message&quot;:&quot;The server is ready to accept new connections&quot;,&quot;build&quot;:{&quot;version&quot;:&quot;2.4.1&quot;,&quot;git-sha&quot;:&quot;82c2e743a5bcea725f9ca1429e3e21c3088ff904&quot;,&quot;built&quot;:&quot;2024-05-06 08:46:28 +0100&quot;}}}"/>
         <property name="katalonVersion" value="9.2.0.212"/>
         <property name="deviceOS" value="iOS"/>
         <property name="appiumVersion" value="2.4.1"/>
         <property name="deviceModel" value="iPhone14,5"/>
         <property name="hostAddress" value="192.168.1.4"/>
         <property name="deviceManufacturer" value="Apple"/>
         <property name="deviceId" value="00008110-00112D590CD0201E"/>
         <property name="deviceName" value="Safa’s iPhone"/>
         <property name="deviceOSVersion" value="17.4.1"/>
      </properties>
      <testcase name="Test Cases/IOS/User Management/EK-8491 IS iPhone - Sign in" time="89.269" classname="Test Cases/IOS/User Management/EK-8491 IS iPhone - Sign in" status="PASSED">
         <system-out><![CDATA[08-05-2024T13:39:17 - [TEST_CASE][PASSED] - Test Cases/IOS/User Management/EK-8491 IS iPhone - Sign in: Test Cases/IOS/User Management/EK-8491 IS iPhone - Sign in

08-05-2024T13:39:17 - [TEST_STEP][PASSED] - Start listener action : beforeTestCase: null

08-05-2024T13:39:17 - [TEST_STEP][PASSED] - addDefaultPackages(): null

08-05-2024T13:39:17 - [TEST_STEP][PASSED] - runFeatureFile("Include/features/EK-8491 IS iPhone - Sign in.feature"): Feature file: 'Include/features/EK-8491 IS iPhone - Sign in.feature' was passed

08-05-2024T13:39:17 - [MESSAGE][INFO] - Starting run keyword runFeatureFile: 'Include/features/EK-8491 IS iPhone - Sign in.feature' and extract report to folder: '/Users/safaamarir/git/Android_Automation/Reports/20240508_133913/IS iPhone/Patient Management/20240508_133914/cucumber_report/1715171957515'...

08-05-2024T13:39:17 - [MESSAGE][PASSED] - Feature file: 'Include/features/EK-8491 IS iPhone - Sign in.feature' was passed

08-05-2024T13:39:17 - [TEST_STEP][PASSED] - startApplication(IPA, true): Started app at: '/Users/safaamarir/APK/IOS/IS/IS_Preprod_2.2.1_290.ipa'

08-05-2024T13:39:17 - [MESSAGE][INFO] - User set preference: ['automationName', 'XCUITest']

08-05-2024T13:39:17 - [MESSAGE][INFO] - User set preference: ['deviceId', '00008110-00112D590CD0201E']

08-05-2024T13:39:27 - [MESSAGE][WARNING] - Failed to start ios_webkit_debug_proxy on default port 27753

08-05-2024T13:39:27 - [MESSAGE][INFO] - Detected NodeJS location: "/opt/homebrew/Cellar/node/21.7.1/bin/node"

08-05-2024T13:39:27 - [MESSAGE][INFO] - PATH: /opt/homebrew/Cellar/node/21.7.1/bin:/opt/homebrew/bin:/usr/bin:/bin:/usr/sbin:/sbin:/usr/local/bin

08-05-2024T13:39:27 - [MESSAGE][INFO] - APPIUM_HOME: /Users/safaamarir/.appium

08-05-2024T13:39:27 - [MESSAGE][INFO] - appium outlog: /Users/safaamarir/git/Android_Automation/Reports/20240508_133913/IS iPhone/Patient Management/20240508_133914/appium.log

08-05-2024T13:39:27 - [MESSAGE][INFO] - appium errlog: /Users/safaamarir/git/Android_Automation/Reports/20240508_133913/IS iPhone/Patient Management/20240508_133914/appium_error.log

08-05-2024T13:39:29 - [MESSAGE][INFO] - Appium server started on port 55,446

08-05-2024T13:40:27 - [MESSAGE][PASSED] - Started app at: '/Users/safaamarir/APK/IOS/IS/IS_Preprod_2.2.1_290.ipa'

08-05-2024T13:40:27 - [TEST_STEP][PASSED] - tap(findTestObject("Object Repository/IOS/User Management/Sign In/XCUIElementTypeButton - Allow"), 30): Tapped on element 'Object Repository/IOS/User Management/Sign In/XCUIElementTypeButton - Allow'

08-05-2024T13:40:28 - [MESSAGE][PASSED] - Tapped on element 'Object Repository/IOS/User Management/Sign In/XCUIElementTypeButton - Allow'

08-05-2024T13:40:28 - [TEST_STEP][PASSED] - setText(findTestObject("Object Repository/IOS/User Management/Sign In/XCUIElementTypeTextField - username"), LoginCreds.get("username"), 30): Text 'katalon' has been set to element 'Object Repository/IOS/User Management/Sign In/XCUIElementTypeTextField - username'

08-05-2024T13:40:30 - [MESSAGE][PASSED] - Text 'katalon' has been set to element 'Object Repository/IOS/User Management/Sign In/XCUIElementTypeTextField - username'

08-05-2024T13:40:30 - [TEST_STEP][PASSED] - setText(findTestObject("Object Repository/IOS/User Management/Sign In/XCUIElementTypeSecureTextField - Passcode"), LoginCreds.get("password"), 30): Text 'eKare123@' has been set to element 'Object Repository/IOS/User Management/Sign In/XCUIElementTypeSecureTextField - Passcode'

08-05-2024T13:40:32 - [MESSAGE][PASSED] - Text 'eKare123@' has been set to element 'Object Repository/IOS/User Management/Sign In/XCUIElementTypeSecureTextField - Passcode'

08-05-2024T13:40:32 - [TEST_STEP][PASSED] - tap(findTestObject("Object Repository/IOS/User Management/Sign In/XCUIElementTypeOther - SIGN IN"), 30): Tapped on element 'Object Repository/IOS/User Management/Sign In/XCUIElementTypeOther - SIGN IN'

08-05-2024T13:40:33 - [MESSAGE][PASSED] - Tapped on element 'Object Repository/IOS/User Management/Sign In/XCUIElementTypeOther - SIGN IN'

08-05-2024T13:40:33 - [TEST_STEP][PASSED] - tap(findTestObject("IOS/User Management/Sign In/XCUIElementTypeOther - Katalon"), 30): Tapped on element 'Object Repository/IOS/User Management/Sign In/XCUIElementTypeOther - Katalon'

08-05-2024T13:40:34 - [MESSAGE][PASSED] - Tapped on element 'Object Repository/IOS/User Management/Sign In/XCUIElementTypeOther - Katalon'

08-05-2024T13:40:34 - [TEST_STEP][PASSED] - delay(10): Delayed 10 second(s)

08-05-2024T13:40:44 - [MESSAGE][PASSED] - Delayed 10 second(s)

08-05-2024T13:40:46 - [TEST_STEP][PASSED] - Video: Video recording for test case 'Test Cases/IOS/User Management/EK-8491 IS iPhone - Sign in' .

08-05-2024T13:40:46 - [MESSAGE][INFO] - Video recording for test case 'Test Cases/IOS/User Management/EK-8491 IS iPhone - Sign in' .]]></system-out>
         <system-err><![CDATA[]]></system-err>
      </testcase>
      <testcase name="Test Cases/IOS/Patient Management/EK-8733 IS iPhone - Add Patient" time="20.852" classname="Test Cases/IOS/Patient Management/EK-8733 IS iPhone - Add Patient" status="PASSED">
         <system-out><![CDATA[08-05-2024T13:40:46 - [TEST_CASE][PASSED] - Test Cases/IOS/Patient Management/EK-8733 IS iPhone - Add Patient: Test Cases/IOS/Patient Management/EK-8733 IS iPhone - Add Patient

08-05-2024T13:40:46 - [TEST_STEP][PASSED] - Start listener action : beforeTestCase: null

08-05-2024T13:40:46 - [TEST_STEP][PASSED] - addDefaultPackages(): null

08-05-2024T13:40:46 - [TEST_STEP][PASSED] - runFeatureFile("Include/features/EK-8733 IS iPhone - Add Patient.feature"): Feature file: 'Include/features/EK-8733 IS iPhone - Add Patient.feature' was passed

08-05-2024T13:40:46 - [MESSAGE][INFO] - Starting run keyword runFeatureFile: 'Include/features/EK-8733 IS iPhone - Add Patient.feature' and extract report to folder: '/Users/safaamarir/git/Android_Automation/Reports/20240508_133913/IS iPhone/Patient Management/20240508_133914/cucumber_report/1715172046555'...

08-05-2024T13:40:46 - [MESSAGE][PASSED] - Feature file: 'Include/features/EK-8733 IS iPhone - Add Patient.feature' was passed

08-05-2024T13:40:46 - [TEST_STEP][PASSED] - tap(findTestObject("Object Repository/IOS/Patient Management/Add Patient/XCUIElementTypeOther - Add Patient"), 30): Tapped on element 'Object Repository/IOS/Patient Management/Add Patient/XCUIElementTypeOther - Add Patient'

08-05-2024T13:40:47 - [MESSAGE][PASSED] - Tapped on element 'Object Repository/IOS/Patient Management/Add Patient/XCUIElementTypeOther - Add Patient'

08-05-2024T13:40:47 - [TEST_STEP][PASSED] - setText(findTestObject("Object Repository/IOS/Patient Management/Add Patient/XCUIElementTypeTextField - First name"), "Test", 30): Text 'Test' has been set to element 'Object Repository/IOS/Patient Management/Add Patient/XCUIElementTypeTextField - First name'

08-05-2024T13:40:50 - [MESSAGE][PASSED] - Text 'Test' has been set to element 'Object Repository/IOS/Patient Management/Add Patient/XCUIElementTypeTextField - First name'

08-05-2024T13:40:50 - [TEST_STEP][PASSED] - setText(findTestObject("Object Repository/IOS/Patient Management/Add Patient/XCUIElementTypeTextField - Last name"), "Lite", 30): Text 'Lite' has been set to element 'Object Repository/IOS/Patient Management/Add Patient/XCUIElementTypeTextField - Last name'

08-05-2024T13:40:53 - [MESSAGE][PASSED] - Text 'Lite' has been set to element 'Object Repository/IOS/Patient Management/Add Patient/XCUIElementTypeTextField - Last name'

08-05-2024T13:40:53 - [TEST_STEP][PASSED] - setText(findTestObject("Object Repository/IOS/Patient Management/Add Patient/XCUIElementTypeTextField - Date of birth (ddmmyyyy)"), "09/12/2001", 30): Text '09/12/2001' has been set to element 'Object Repository/IOS/Patient Management/Add Patient/XCUIElementTypeTextField - Date of birth (ddmmyyyy)'

08-05-2024T13:40:56 - [MESSAGE][PASSED] - Text '09/12/2001' has been set to element 'Object Repository/IOS/Patient Management/Add Patient/XCUIElementTypeTextField - Date of birth (ddmmyyyy)'

08-05-2024T13:40:56 - [TEST_STEP][PASSED] - setText(findTestObject("Object Repository/IOS/Patient Management/Add Patient/XCUIElementTypeTextField - MRN"), "6766", 30): Text '6766' has been set to element 'Object Repository/IOS/Patient Management/Add Patient/XCUIElementTypeTextField - MRN'

08-05-2024T13:40:58 - [MESSAGE][PASSED] - Text '6766' has been set to element 'Object Repository/IOS/Patient Management/Add Patient/XCUIElementTypeTextField - MRN'

08-05-2024T13:40:58 - [TEST_STEP][PASSED] - tap(findTestObject("Object Repository/IOS/Patient Management/Add Patient/XCUIElementTypeOther - Save"), 30): Tapped on element 'Object Repository/IOS/Patient Management/Add Patient/XCUIElementTypeOther - Save'

08-05-2024T13:41:00 - [MESSAGE][PASSED] - Tapped on element 'Object Repository/IOS/Patient Management/Add Patient/XCUIElementTypeOther - Save'

08-05-2024T13:41:00 - [TEST_STEP][PASSED] - verifyElementText(findTestObject("Object Repository/IOS/Patient Management/Add Patient/XCUIElementTypeStaticText - Patient created successfully"), "Patient created successfully"): Actual text and expected text of test object 'Object Repository/IOS/Patient Management/Add Patient/XCUIElementTypeStaticText - Patient created successfully' are matched.

08-05-2024T13:41:03 - [MESSAGE][PASSED] - Actual text and expected text of test object 'Object Repository/IOS/Patient Management/Add Patient/XCUIElementTypeStaticText - Patient created successfully' are matched.

08-05-2024T13:41:03 - [TEST_STEP][PASSED] - tap(findTestObject("Object Repository/IOS/Patient Management/Add Patient/XCUIElementTypeButton - OK"), 30): Tapped on element 'Object Repository/IOS/Patient Management/Add Patient/XCUIElementTypeButton - OK'

08-05-2024T13:41:05 - [MESSAGE][PASSED] - Tapped on element 'Object Repository/IOS/Patient Management/Add Patient/XCUIElementTypeButton - OK'

08-05-2024T13:41:07 - [TEST_STEP][PASSED] - Video: Video recording for test case 'Test Cases/IOS/Patient Management/EK-8733 IS iPhone - Add Patient' .

08-05-2024T13:41:07 - [MESSAGE][INFO] - Video recording for test case 'Test Cases/IOS/Patient Management/EK-8733 IS iPhone - Add Patient' .]]></system-out>
         <system-err><![CDATA[]]></system-err>
      </testcase>
      <testcase name="Test Cases/IOS/Patient Management/EK-8735 IS iPhone - Search Patient" time="12.206" classname="Test Cases/IOS/Patient Management/EK-8735 IS iPhone - Search Patient" status="PASSED">
         <system-out><![CDATA[08-05-2024T13:41:07 - [TEST_CASE][PASSED] - Test Cases/IOS/Patient Management/EK-8735 IS iPhone - Search Patient: Test Cases/IOS/Patient Management/EK-8735 IS iPhone - Search Patient

08-05-2024T13:41:07 - [TEST_STEP][PASSED] - Start listener action : beforeTestCase: null

08-05-2024T13:41:07 - [TEST_STEP][PASSED] - addDefaultPackages(): null

08-05-2024T13:41:07 - [TEST_STEP][PASSED] - runFeatureFile("Include/features/EK-8735 IS iPhone - Search Patient.feature"): Feature file: 'Include/features/EK-8735 IS iPhone - Search Patient.feature' was passed

08-05-2024T13:41:07 - [MESSAGE][INFO] - Starting run keyword runFeatureFile: 'Include/features/EK-8735 IS iPhone - Search Patient.feature' and extract report to folder: '/Users/safaamarir/git/Android_Automation/Reports/20240508_133913/IS iPhone/Patient Management/20240508_133914/cucumber_report/1715172067415'...

08-05-2024T13:41:07 - [MESSAGE][PASSED] - Feature file: 'Include/features/EK-8735 IS iPhone - Search Patient.feature' was passed

08-05-2024T13:41:07 - [TEST_STEP][PASSED] - setText(findTestObject("Object Repository/IOS/Patient Management/Search Patient/XCUIElementTypeTextField - Search by Name, MRN"), "987", 30): Text '987' has been set to element 'Object Repository/IOS/Patient Management/Search Patient/XCUIElementTypeTextField - Search by Name, MRN'

08-05-2024T13:41:10 - [MESSAGE][PASSED] - Text '987' has been set to element 'Object Repository/IOS/Patient Management/Search Patient/XCUIElementTypeTextField - Search by Name, MRN'

08-05-2024T13:41:10 - [TEST_STEP][PASSED] - verifyElementText(findTestObject("Object Repository/IOS/Patient Management/Search Patient/XCUIElementTypeOther - Current site"), "Current site"): Actual text and expected text of test object 'Object Repository/IOS/Patient Management/Search Patient/XCUIElementTypeOther - Current site' are matched.

08-05-2024T13:41:12 - [MESSAGE][PASSED] - Actual text and expected text of test object 'Object Repository/IOS/Patient Management/Search Patient/XCUIElementTypeOther - Current site' are matched.

08-05-2024T13:41:12 - [TEST_STEP][PASSED] - delay(3, STOP_ON_FAILURE): Delayed 3 second(s)

08-05-2024T13:41:15 - [MESSAGE][PASSED] - Delayed 3 second(s)

08-05-2024T13:41:15 - [TEST_STEP][PASSED] - tap(findTestObject("IOS/Patient Management/Search Patient/XCUIElementTypeOther - Lite, Edit 06052024 33M    MRN 987 No Consent"), 30): Tapped on element 'Object Repository/IOS/Patient Management/Search Patient/XCUIElementTypeOther - Lite, Edit 06052024 33M    MRN 987 No Consent'

08-05-2024T13:41:16 - [MESSAGE][PASSED] - Tapped on element 'Object Repository/IOS/Patient Management/Search Patient/XCUIElementTypeOther - Lite, Edit 06052024 33M    MRN 987 No Consent'

08-05-2024T13:41:16 - [TEST_STEP][PASSED] - tap(findTestObject("IOS/Patient Management/Search Patient/XCUIElementTypeOther - Lite, Edit 06052024 33M    MRN 987 No Consent"), 30): Tapped on element 'Object Repository/IOS/Patient Management/Search Patient/XCUIElementTypeOther - Lite, Edit 06052024 33M    MRN 987 No Consent'

08-05-2024T13:41:17 - [MESSAGE][PASSED] - Tapped on element 'Object Repository/IOS/Patient Management/Search Patient/XCUIElementTypeOther - Lite, Edit 06052024 33M    MRN 987 No Consent'

08-05-2024T13:41:19 - [TEST_STEP][PASSED] - Video: Video recording for test case 'Test Cases/IOS/Patient Management/EK-8735 IS iPhone - Search Patient' .

08-05-2024T13:41:19 - [MESSAGE][INFO] - Video recording for test case 'Test Cases/IOS/Patient Management/EK-8735 IS iPhone - Search Patient' .]]></system-out>
         <system-err><![CDATA[]]></system-err>
      </testcase>
      <testcase name="Test Cases/IOS/Patient Management/EK-8734 IS iPhone - Edit Patient" time="24.151" classname="Test Cases/IOS/Patient Management/EK-8734 IS iPhone - Edit Patient" status="PASSED">
         <system-out><![CDATA[08-05-2024T13:41:19 - [TEST_CASE][PASSED] - Test Cases/IOS/Patient Management/EK-8734 IS iPhone - Edit Patient: Test Cases/IOS/Patient Management/EK-8734 IS iPhone - Edit Patient

08-05-2024T13:41:19 - [TEST_STEP][PASSED] - Start listener action : beforeTestCase: null

08-05-2024T13:41:19 - [TEST_STEP][PASSED] - addDefaultPackages(): null

08-05-2024T13:41:19 - [TEST_STEP][PASSED] - runFeatureFile("Include/features/EK-8734 IS iPhone - Edit Patient.feature"): Feature file: 'Include/features/EK-8734 IS iPhone - Edit Patient.feature' was passed

08-05-2024T13:41:19 - [MESSAGE][INFO] - Starting run keyword runFeatureFile: 'Include/features/EK-8734 IS iPhone - Edit Patient.feature' and extract report to folder: '/Users/safaamarir/git/Android_Automation/Reports/20240508_133913/IS iPhone/Patient Management/20240508_133914/cucumber_report/1715172079614'...

08-05-2024T13:41:19 - [MESSAGE][PASSED] - Feature file: 'Include/features/EK-8734 IS iPhone - Edit Patient.feature' was passed

08-05-2024T13:41:19 - [TEST_STEP][PASSED] - tap(findTestObject("Object Repository/IOS/Patient Management/Edit Patient/XCUIElementTypeOther - menu"), 30): Tapped on element 'Object Repository/IOS/Patient Management/Edit Patient/XCUIElementTypeOther - menu'

08-05-2024T13:41:20 - [MESSAGE][PASSED] - Tapped on element 'Object Repository/IOS/Patient Management/Edit Patient/XCUIElementTypeOther - menu'

08-05-2024T13:41:20 - [TEST_STEP][PASSED] - tap(findTestObject("Object Repository/IOS/Patient Management/Edit Patient/XCUIElementTypeOther - Edit patient"), 30): Tapped on element 'Object Repository/IOS/Patient Management/Edit Patient/XCUIElementTypeOther - Edit patient'

08-05-2024T13:41:22 - [MESSAGE][PASSED] - Tapped on element 'Object Repository/IOS/Patient Management/Edit Patient/XCUIElementTypeOther - Edit patient'

08-05-2024T13:41:22 - [TEST_STEP][PASSED] - setText(findTestObject("Object Repository/IOS/Patient Management/Edit Patient/XCUIElementTypeTextField - First Name"), "Editt", 30): Text 'Editt' has been set to element 'Object Repository/IOS/Patient Management/Edit Patient/XCUIElementTypeTextField - First Name'

08-05-2024T13:41:25 - [MESSAGE][PASSED] - Text 'Editt' has been set to element 'Object Repository/IOS/Patient Management/Edit Patient/XCUIElementTypeTextField - First Name'

08-05-2024T13:41:25 - [TEST_STEP][PASSED] - setText(findTestObject("Object Repository/IOS/Patient Management/Edit Patient/XCUIElementTypeTextField - Last Name"), "Litee", 30): Text 'Litee' has been set to element 'Object Repository/IOS/Patient Management/Edit Patient/XCUIElementTypeTextField - Last Name'

08-05-2024T13:41:28 - [MESSAGE][PASSED] - Text 'Litee' has been set to element 'Object Repository/IOS/Patient Management/Edit Patient/XCUIElementTypeTextField - Last Name'

08-05-2024T13:41:28 - [TEST_STEP][PASSED] - setText(findTestObject("Object Repository/IOS/Patient Management/Edit Patient/XCUIElementTypeTextField - DOB"), "09/07/2001", 30): Text '09/07/2001' has been set to element 'Object Repository/IOS/Patient Management/Edit Patient/XCUIElementTypeTextField - DOB'

08-05-2024T13:41:30 - [MESSAGE][PASSED] - Text '09/07/2001' has been set to element 'Object Repository/IOS/Patient Management/Edit Patient/XCUIElementTypeTextField - DOB'

08-05-2024T13:41:30 - [TEST_STEP][PASSED] - tap(findTestObject("Object Repository/IOS/Patient Management/Edit Patient/XCUIElementTypeOther - Save"), 30): Tapped on element 'Object Repository/IOS/Patient Management/Edit Patient/XCUIElementTypeOther - Save'

08-05-2024T13:41:32 - [MESSAGE][PASSED] - Tapped on element 'Object Repository/IOS/Patient Management/Edit Patient/XCUIElementTypeOther - Save'

08-05-2024T13:41:32 - [TEST_STEP][PASSED] - verifyElementText(findTestObject("Object Repository/IOS/Patient Management/Edit Patient/XCUIElementTypeStaticText - Patient updated successfully"), "Patient updated successfully."): Actual text and expected text of test object 'Object Repository/IOS/Patient Management/Edit Patient/XCUIElementTypeStaticText - Patient updated successfully' are matched.

08-05-2024T13:41:34 - [MESSAGE][PASSED] - Actual text and expected text of test object 'Object Repository/IOS/Patient Management/Edit Patient/XCUIElementTypeStaticText - Patient updated successfully' are matched.

08-05-2024T13:41:34 - [TEST_STEP][PASSED] - tap(findTestObject("Object Repository/IOS/Patient Management/Edit Patient/XCUIElementTypeButton - OK"), 30): Tapped on element 'Object Repository/IOS/Patient Management/Edit Patient/XCUIElementTypeButton - OK'

08-05-2024T13:41:37 - [MESSAGE][PASSED] - Tapped on element 'Object Repository/IOS/Patient Management/Edit Patient/XCUIElementTypeButton - OK'

08-05-2024T13:41:37 - [TEST_STEP][PASSED] - verifyElementText(findTestObject("Object Repository/IOS/Patient Management/Edit Patient/XCUIElementTypeOther - Litee, Editt"), "Litee, Editt"): Actual text and expected text of test object 'Object Repository/IOS/Patient Management/Edit Patient/XCUIElementTypeOther - Litee, Editt' are matched.

08-05-2024T13:41:38 - [MESSAGE][PASSED] - Actual text and expected text of test object 'Object Repository/IOS/Patient Management/Edit Patient/XCUIElementTypeOther - Litee, Editt' are matched.

08-05-2024T13:41:38 - [TEST_STEP][PASSED] - verifyElementText(findTestObject("Object Repository/IOS/Patient Management/Edit Patient/XCUIElementTypeStaticText - 09072001"), "09/07/2001"): Actual text and expected text of test object 'Object Repository/IOS/Patient Management/Edit Patient/XCUIElementTypeStaticText - 09072001' are matched.

08-05-2024T13:41:38 - [MESSAGE][PASSED] - Actual text and expected text of test object 'Object Repository/IOS/Patient Management/Edit Patient/XCUIElementTypeStaticText - 09072001' are matched.

08-05-2024T13:41:38 - [TEST_STEP][PASSED] - verifyElementText(findTestObject("Object Repository/IOS/Patient Management/Edit Patient/XCUIElementTypeOther - 22"), "22"): Actual text and expected text of test object 'Object Repository/IOS/Patient Management/Edit Patient/XCUIElementTypeOther - 22' are matched.

08-05-2024T13:41:39 - [MESSAGE][PASSED] - Actual text and expected text of test object 'Object Repository/IOS/Patient Management/Edit Patient/XCUIElementTypeOther - 22' are matched.

08-05-2024T13:41:39 - [TEST_STEP][PASSED] - verifyElementText(findTestObject("Object Repository/IOS/Patient Management/Edit Patient/XCUIElementTypeStaticText - 987"), "987"): Actual text and expected text of test object 'Object Repository/IOS/Patient Management/Edit Patient/XCUIElementTypeStaticText - 987' are matched.

08-05-2024T13:41:40 - [MESSAGE][PASSED] - Actual text and expected text of test object 'Object Repository/IOS/Patient Management/Edit Patient/XCUIElementTypeStaticText - 987' are matched.

08-05-2024T13:41:40 - [TEST_STEP][PASSED] - tap(findTestObject("Object Repository/IOS/Patient Management/Edit Patient/XCUIElementTypeOther - Back"), 30): Tapped on element 'Object Repository/IOS/Patient Management/Edit Patient/XCUIElementTypeOther - Back'

08-05-2024T13:41:41 - [MESSAGE][PASSED] - Tapped on element 'Object Repository/IOS/Patient Management/Edit Patient/XCUIElementTypeOther - Back'

08-05-2024T13:41:43 - [TEST_STEP][PASSED] - Video: Video recording for test case 'Test Cases/IOS/Patient Management/EK-8734 IS iPhone - Edit Patient' .

08-05-2024T13:41:43 - [MESSAGE][INFO] - Video recording for test case 'Test Cases/IOS/Patient Management/EK-8734 IS iPhone - Edit Patient' .]]></system-out>
         <system-err><![CDATA[]]></system-err>
      </testcase>
      <testcase name="Test Cases/IOS/Patient Management/EK-8771 IS iPhone - Freeze Patient" time="17.156" classname="Test Cases/IOS/Patient Management/EK-8771 IS iPhone - Freeze Patient" status="PASSED">
         <system-out><![CDATA[08-05-2024T13:41:43 - [TEST_CASE][PASSED] - Test Cases/IOS/Patient Management/EK-8771 IS iPhone - Freeze Patient: Test Cases/IOS/Patient Management/EK-8771 IS iPhone - Freeze Patient

08-05-2024T13:41:43 - [TEST_STEP][PASSED] - Start listener action : beforeTestCase: null

08-05-2024T13:41:43 - [TEST_STEP][PASSED] - addDefaultPackages(): null

08-05-2024T13:41:43 - [TEST_STEP][PASSED] - runFeatureFile("Include/features/EK-8771 IS iPhone - Freeze Patient.feature"): Feature file: 'Include/features/EK-8771 IS iPhone - Freeze Patient.feature' was passed

08-05-2024T13:41:43 - [MESSAGE][INFO] - Starting run keyword runFeatureFile: 'Include/features/EK-8771 IS iPhone - Freeze Patient.feature' and extract report to folder: '/Users/safaamarir/git/Android_Automation/Reports/20240508_133913/IS iPhone/Patient Management/20240508_133914/cucumber_report/1715172103769'...

08-05-2024T13:41:43 - [MESSAGE][PASSED] - Feature file: 'Include/features/EK-8771 IS iPhone - Freeze Patient.feature' was passed

08-05-2024T13:41:43 - [TEST_STEP][PASSED] - setText(findTestObject("IOS/Patient Management/Freeze Patient/XCUIElementTypeTextField - Search Bar"), "6767", 30): Text '6767' has been set to element 'Object Repository/IOS/Patient Management/Freeze Patient/XCUIElementTypeTextField - Search Bar'

08-05-2024T13:41:46 - [MESSAGE][PASSED] - Text '6767' has been set to element 'Object Repository/IOS/Patient Management/Freeze Patient/XCUIElementTypeTextField - Search Bar'

08-05-2024T13:41:46 - [TEST_STEP][PASSED] - delay(3, STOP_ON_FAILURE): Delayed 3 second(s)

08-05-2024T13:41:49 - [MESSAGE][PASSED] - Delayed 3 second(s)

08-05-2024T13:41:49 - [TEST_STEP][PASSED] - tap(findTestObject("IOS/Patient Management/Freeze Patient/XCUIElementTypeOther - Freeze, Patient 08052024 26M    MRN 6767 No Consent"), 30): Tapped on element 'Object Repository/IOS/Patient Management/Freeze Patient/XCUIElementTypeOther - Freeze, Patient 08052024 26M    MRN 6767 No Consent'

08-05-2024T13:41:50 - [MESSAGE][PASSED] - Tapped on element 'Object Repository/IOS/Patient Management/Freeze Patient/XCUIElementTypeOther - Freeze, Patient 08052024 26M    MRN 6767 No Consent'

08-05-2024T13:41:50 - [TEST_STEP][PASSED] - tap(findTestObject("IOS/Patient Management/Freeze Patient/XCUIElementTypeOther - Freeze, Patient 08052024 26M    MRN 6767 No Consent"), 30): Tapped on element 'Object Repository/IOS/Patient Management/Freeze Patient/XCUIElementTypeOther - Freeze, Patient 08052024 26M    MRN 6767 No Consent'

08-05-2024T13:41:51 - [MESSAGE][PASSED] - Tapped on element 'Object Repository/IOS/Patient Management/Freeze Patient/XCUIElementTypeOther - Freeze, Patient 08052024 26M    MRN 6767 No Consent'

08-05-2024T13:41:51 - [TEST_STEP][PASSED] - tap(findTestObject("Object Repository/IOS/Patient Management/Freeze Patient/XCUIElementTypeOther - Menu"), 30): Tapped on element 'Object Repository/IOS/Patient Management/Freeze Patient/XCUIElementTypeOther - Menu'

08-05-2024T13:41:53 - [MESSAGE][PASSED] - Tapped on element 'Object Repository/IOS/Patient Management/Freeze Patient/XCUIElementTypeOther - Menu'

08-05-2024T13:41:53 - [TEST_STEP][PASSED] - tap(findTestObject("Object Repository/IOS/Patient Management/Freeze Patient/XCUIElementTypeOther - Freeze patient"), 30): Tapped on element 'Object Repository/IOS/Patient Management/Freeze Patient/XCUIElementTypeOther - Freeze patient'

08-05-2024T13:41:54 - [MESSAGE][PASSED] - Tapped on element 'Object Repository/IOS/Patient Management/Freeze Patient/XCUIElementTypeOther - Freeze patient'

08-05-2024T13:41:54 - [TEST_STEP][PASSED] - verifyElementText(findTestObject("Object Repository/IOS/Patient Management/Freeze Patient/XCUIElementTypeOther - Change patient status to Inactive"), "Change patient status to Inactive ?"): Actual text and expected text of test object 'Object Repository/IOS/Patient Management/Freeze Patient/XCUIElementTypeOther - Change patient status to Inactive' are matched.

08-05-2024T13:41:55 - [MESSAGE][PASSED] - Actual text and expected text of test object 'Object Repository/IOS/Patient Management/Freeze Patient/XCUIElementTypeOther - Change patient status to Inactive' are matched.

08-05-2024T13:41:55 - [TEST_STEP][PASSED] - verifyElementText(findTestObject("Object Repository/IOS/Patient Management/Freeze Patient/XCUIElementTypeOther - Confirm"), "Confirm"): Actual text and expected text of test object 'Object Repository/IOS/Patient Management/Freeze Patient/XCUIElementTypeOther - Confirm' are matched.

08-05-2024T13:41:56 - [MESSAGE][PASSED] - Actual text and expected text of test object 'Object Repository/IOS/Patient Management/Freeze Patient/XCUIElementTypeOther - Confirm' are matched.

08-05-2024T13:41:56 - [TEST_STEP][PASSED] - verifyElementText(findTestObject("Object Repository/IOS/Patient Management/Freeze Patient/XCUIElementTypeOther - Cancel"), "Cancel"): Actual text and expected text of test object 'Object Repository/IOS/Patient Management/Freeze Patient/XCUIElementTypeOther - Cancel' are matched.

08-05-2024T13:41:57 - [MESSAGE][PASSED] - Actual text and expected text of test object 'Object Repository/IOS/Patient Management/Freeze Patient/XCUIElementTypeOther - Cancel' are matched.

08-05-2024T13:41:57 - [TEST_STEP][PASSED] - tap(findTestObject("Object Repository/IOS/Patient Management/Freeze Patient/XCUIElementTypeOther - Confirm"), 30): Tapped on element 'Object Repository/IOS/Patient Management/Freeze Patient/XCUIElementTypeOther - Confirm'

08-05-2024T13:41:58 - [MESSAGE][PASSED] - Tapped on element 'Object Repository/IOS/Patient Management/Freeze Patient/XCUIElementTypeOther - Confirm'

08-05-2024T13:42:00 - [TEST_STEP][PASSED] - Video: Video recording for test case 'Test Cases/IOS/Patient Management/EK-8771 IS iPhone - Freeze Patient' .

08-05-2024T13:42:00 - [MESSAGE][INFO] - Video recording for test case 'Test Cases/IOS/Patient Management/EK-8771 IS iPhone - Freeze Patient' .]]></system-out>
         <system-err><![CDATA[]]></system-err>
      </testcase>
      <testcase name="Test Cases/IOS/Patient Management/EK-8773 IS iPhone - Filter Patient" time="6.673" classname="Test Cases/IOS/Patient Management/EK-8773 IS iPhone - Filter Patient" status="PASSED">
         <system-out><![CDATA[08-05-2024T13:42:00 - [TEST_CASE][PASSED] - Test Cases/IOS/Patient Management/EK-8773 IS iPhone - Filter Patient: Test Cases/IOS/Patient Management/EK-8773 IS iPhone - Filter Patient

08-05-2024T13:42:00 - [TEST_STEP][PASSED] - Start listener action : beforeTestCase: null

08-05-2024T13:42:00 - [TEST_STEP][PASSED] - addDefaultPackages(): null

08-05-2024T13:42:00 - [TEST_STEP][PASSED] - runFeatureFile("Include/features/EK-8773 IS iPhone - Filter Patient.feature"): Feature file: 'Include/features/EK-8773 IS iPhone - Filter Patient.feature' was passed

08-05-2024T13:42:00 - [MESSAGE][INFO] - Starting run keyword runFeatureFile: 'Include/features/EK-8773 IS iPhone - Filter Patient.feature' and extract report to folder: '/Users/safaamarir/git/Android_Automation/Reports/20240508_133913/IS iPhone/Patient Management/20240508_133914/cucumber_report/1715172120923'...

08-05-2024T13:42:00 - [MESSAGE][PASSED] - Feature file: 'Include/features/EK-8773 IS iPhone - Filter Patient.feature' was passed

08-05-2024T13:42:00 - [TEST_STEP][PASSED] - tap(findTestObject("Object Repository/IOS/Patient Management/Filter Patient/XCUIElementTypeOther - Filter icon"), 30): Tapped on element 'Object Repository/IOS/Patient Management/Filter Patient/XCUIElementTypeOther - Filter icon'

08-05-2024T13:42:01 - [MESSAGE][PASSED] - Tapped on element 'Object Repository/IOS/Patient Management/Filter Patient/XCUIElementTypeOther - Filter icon'

08-05-2024T13:42:01 - [TEST_STEP][PASSED] - tap(findTestObject("Object Repository/IOS/Patient Management/Filter Patient/XCUIElementTypeSwitch - 1"), 30): Tapped on element 'Object Repository/IOS/Patient Management/Filter Patient/XCUIElementTypeSwitch - 1'

08-05-2024T13:42:02 - [MESSAGE][PASSED] - Tapped on element 'Object Repository/IOS/Patient Management/Filter Patient/XCUIElementTypeSwitch - 1'

08-05-2024T13:42:02 - [TEST_STEP][PASSED] - tap(findTestObject("Object Repository/IOS/Patient Management/Filter Patient/XCUIElementTypeOther - Apply"), 30): Tapped on element 'Object Repository/IOS/Patient Management/Filter Patient/XCUIElementTypeOther - Apply'

08-05-2024T13:42:04 - [MESSAGE][PASSED] - Tapped on element 'Object Repository/IOS/Patient Management/Filter Patient/XCUIElementTypeOther - Apply'

08-05-2024T13:42:04 - [TEST_STEP][PASSED] - verifyElementText(findTestObject("Object Repository/IOS/Patient Management/Filter Patient/XCUIElementTypeStaticText - All Patients"), "All Patients"): Actual text and expected text of test object 'Object Repository/IOS/Patient Management/Filter Patient/XCUIElementTypeStaticText - All Patients' are matched.

08-05-2024T13:42:05 - [MESSAGE][PASSED] - Actual text and expected text of test object 'Object Repository/IOS/Patient Management/Filter Patient/XCUIElementTypeStaticText - All Patients' are matched.

08-05-2024T13:42:07 - [TEST_STEP][PASSED] - Video: Video recording for test case 'Test Cases/IOS/Patient Management/EK-8773 IS iPhone - Filter Patient' .

08-05-2024T13:42:07 - [MESSAGE][INFO] - Video recording for test case 'Test Cases/IOS/Patient Management/EK-8773 IS iPhone - Filter Patient' .]]></system-out>
         <system-err><![CDATA[]]></system-err>
      </testcase>
      <testcase name="Test Cases/IOS/Patient Management/EK-8772 IS iPhone - Unfreeze Patient" time="58.032" classname="Test Cases/IOS/Patient Management/EK-8772 IS iPhone - Unfreeze Patient" status="FAILED">
         <failure type="FAILED" message="Test Cases/IOS/Patient Management/EK-8772 IS iPhone - Unfreeze Patient FAILED.&#xa;Reason:&#xa;com.kms.katalon.core.exception.StepFailedException: Failed to tap on element 'Object Repository/IOS/Patient Management/Unfreeze Pateint/XCUIElementTypeOther - x'&#xa;	at com.kms.katalon.core.mobile.keyword.internal.MobileKeywordMain.stepFailed(MobileKeywordMain.groovy:38)&#xa;	at com.kms.katalon.core.mobile.keyword.internal.MobileKeywordMain.runKeyword(MobileKeywordMain.groovy:21)&#xa;	at com.kms.katalon.core.mobile.keyword.builtin.TapKeyword.tap(TapKeyword.groovy:51)&#xa;	at com.kms.katalon.core.mobile.keyword.builtin.TapKeyword.execute(TapKeyword.groovy:35)&#xa;	at com.kms.katalon.core.keyword.internal.KeywordExecutor.executeKeywordForPlatform(KeywordExecutor.groovy:74)&#xa;	at com.kms.katalon.core.mobile.keyword.MobileBuiltInKeywords.tap(MobileBuiltInKeywords.groovy:1490)&#xa;	at EK-8772 IS iPhone - Unfreeze Patient.run(EK-8772 IS iPhone - Unfreeze Patient:48)&#xa;	at com.kms.katalon.core.main.ScriptEngine.run(ScriptEngine.java:194)&#xa;	at com.kms.katalon.core.main.ScriptEngine.runScriptAsRawText(ScriptEngine.java:119)&#xa;	at com.kms.katalon.core.main.TestCaseExecutor.runScript(TestCaseExecutor.java:448)&#xa;	at com.kms.katalon.core.main.TestCaseExecutor.doExecute(TestCaseExecutor.java:439)&#xa;	at com.kms.katalon.core.main.TestCaseExecutor.processExecutionPhase(TestCaseExecutor.java:418)&#xa;	at com.kms.katalon.core.main.TestCaseExecutor.accessMainPhase(TestCaseExecutor.java:410)&#xa;	at com.kms.katalon.core.main.TestCaseExecutor.execute(TestCaseExecutor.java:285)&#xa;	at com.kms.katalon.core.common.CommonExecutor.accessTestCaseMainPhase(CommonExecutor.java:65)&#xa;	at com.kms.katalon.core.main.TestSuiteExecutor.accessTestSuiteMainPhase(TestSuiteExecutor.java:148)&#xa;	at com.kms.katalon.core.main.TestSuiteExecutor.execute(TestSuiteExecutor.java:106)&#xa;	at com.kms.katalon.core.main.TestCaseMain.startTestSuite(TestCaseMain.java:180)&#xa;	at TempTestSuite1715171954525.run(TempTestSuite1715171954525.groovy:36)&#xa;	at java.base/jdk.internal.reflect.NativeMethodAccessorImpl.invoke0(Native Method)&#xa;	at java.base/jdk.internal.reflect.NativeMethodAccessorImpl.invoke(NativeMethodAccessorImpl.java:77)&#xa;	at java.base/jdk.internal.reflect.DelegatingMethodAccessorImpl.invoke(DelegatingMethodAccessorImpl.java:43)&#xa;Caused by: com.kms.katalon.core.exception.StepFailedException: Object Object Repository/IOS/Patient Management/Unfreeze Pateint/XCUIElementTypeOther - x not found&#xa;	at com.kms.katalon.core.mobile.keyword.internal.MobileKeywordMain.stepFailed(MobileKeywordMain.groovy:38)&#xa;	at com.kms.katalon.core.mobile.keyword.builtin.TapKeyword$_tap_closure1.doCall(TapKeyword.groovy:46)&#xa;	at com.kms.katalon.core.mobile.keyword.builtin.TapKeyword$_tap_closure1.call(TapKeyword.groovy)&#xa;	at com.kms.katalon.core.mobile.keyword.internal.MobileKeywordMain.runKeyword(MobileKeywordMain.groovy:19)&#xa;	... 20 more&#xa;"/>
         <system-out><![CDATA[08-05-2024T13:42:07 - [TEST_CASE][FAILED] - Test Cases/IOS/Patient Management/EK-8772 IS iPhone - Unfreeze Patient: Test Cases/IOS/Patient Management/EK-8772 IS iPhone - Unfreeze Patient FAILED.
Reason:
com.kms.katalon.core.exception.StepFailedException: Failed to tap on element 'Object Repository/IOS/Patient Management/Unfreeze Pateint/XCUIElementTypeOther - x'
	at com.kms.katalon.core.mobile.keyword.internal.MobileKeywordMain.stepFailed(MobileKeywordMain.groovy:38)
	at com.kms.katalon.core.mobile.keyword.internal.MobileKeywordMain.runKeyword(MobileKeywordMain.groovy:21)
	at com.kms.katalon.core.mobile.keyword.builtin.TapKeyword.tap(TapKeyword.groovy:51)
	at com.kms.katalon.core.mobile.keyword.builtin.TapKeyword.execute(TapKeyword.groovy:35)
	at com.kms.katalon.core.keyword.internal.KeywordExecutor.executeKeywordForPlatform(KeywordExecutor.groovy:74)
	at com.kms.katalon.core.mobile.keyword.MobileBuiltInKeywords.tap(MobileBuiltInKeywords.groovy:1490)
	at EK-8772 IS iPhone - Unfreeze Patient.run(EK-8772 IS iPhone - Unfreeze Patient:48)
	at com.kms.katalon.core.main.ScriptEngine.run(ScriptEngine.java:194)
	at com.kms.katalon.core.main.ScriptEngine.runScriptAsRawText(ScriptEngine.java:119)
	at com.kms.katalon.core.main.TestCaseExecutor.runScript(TestCaseExecutor.java:448)
	at com.kms.katalon.core.main.TestCaseExecutor.doExecute(TestCaseExecutor.java:439)
	at com.kms.katalon.core.main.TestCaseExecutor.processExecutionPhase(TestCaseExecutor.java:418)
	at com.kms.katalon.core.main.TestCaseExecutor.accessMainPhase(TestCaseExecutor.java:410)
	at com.kms.katalon.core.main.TestCaseExecutor.execute(TestCaseExecutor.java:285)
	at com.kms.katalon.core.common.CommonExecutor.accessTestCaseMainPhase(CommonExecutor.java:65)
	at com.kms.katalon.core.main.TestSuiteExecutor.accessTestSuiteMainPhase(TestSuiteExecutor.java:148)
	at com.kms.katalon.core.main.TestSuiteExecutor.execute(TestSuiteExecutor.java:106)
	at com.kms.katalon.core.main.TestCaseMain.startTestSuite(TestCaseMain.java:180)
	at TempTestSuite1715171954525.run(TempTestSuite1715171954525.groovy:36)
	at java.base/jdk.internal.reflect.NativeMethodAccessorImpl.invoke0(Native Method)
	at java.base/jdk.internal.reflect.NativeMethodAccessorImpl.invoke(NativeMethodAccessorImpl.java:77)
	at java.base/jdk.internal.reflect.DelegatingMethodAccessorImpl.invoke(DelegatingMethodAccessorImpl.java:43)
Caused by: com.kms.katalon.core.exception.StepFailedException: Object Object Repository/IOS/Patient Management/Unfreeze Pateint/XCUIElementTypeOther - x not found
	at com.kms.katalon.core.mobile.keyword.internal.MobileKeywordMain.stepFailed(MobileKeywordMain.groovy:38)
	at com.kms.katalon.core.mobile.keyword.builtin.TapKeyword$_tap_closure1.doCall(TapKeyword.groovy:46)
	at com.kms.katalon.core.mobile.keyword.builtin.TapKeyword$_tap_closure1.call(TapKeyword.groovy)
	at com.kms.katalon.core.mobile.keyword.internal.MobileKeywordMain.runKeyword(MobileKeywordMain.groovy:19)
	... 20 more


08-05-2024T13:42:07 - [TEST_STEP][PASSED] - Start listener action : beforeTestCase: null

08-05-2024T13:42:07 - [TEST_STEP][PASSED] - addDefaultPackages(): null

08-05-2024T13:42:07 - [TEST_STEP][PASSED] - runFeatureFile("Include/features/EK-8772 IS iPhone - Unfreeze Patient.feature"): Feature file: 'Include/features/EK-8772 IS iPhone - Unfreeze Patient.feature' was passed

08-05-2024T13:42:07 - [MESSAGE][INFO] - Starting run keyword runFeatureFile: 'Include/features/EK-8772 IS iPhone - Unfreeze Patient.feature' and extract report to folder: '/Users/safaamarir/git/Android_Automation/Reports/20240508_133913/IS iPhone/Patient Management/20240508_133914/cucumber_report/1715172127612'...

08-05-2024T13:42:07 - [MESSAGE][PASSED] - Feature file: 'Include/features/EK-8772 IS iPhone - Unfreeze Patient.feature' was passed

08-05-2024T13:42:07 - [TEST_STEP][PASSED] - setText(findTestObject("IOS/Patient Management/Freeze Patient/XCUIElementTypeTextField - Search Bar"), "6768", 30): Text '6768' has been set to element 'Object Repository/IOS/Patient Management/Freeze Patient/XCUIElementTypeTextField - Search Bar'

08-05-2024T13:42:10 - [MESSAGE][PASSED] - Text '6768' has been set to element 'Object Repository/IOS/Patient Management/Freeze Patient/XCUIElementTypeTextField - Search Bar'

08-05-2024T13:42:10 - [TEST_STEP][PASSED] - delay(3, STOP_ON_FAILURE): Delayed 3 second(s)

08-05-2024T13:42:13 - [MESSAGE][PASSED] - Delayed 3 second(s)

08-05-2024T13:42:13 - [TEST_STEP][PASSED] - tap(findTestObject("IOS/Patient Management/Unfreeze Pateint/XCUIElementTypeOther - Unfreeze, Patient 06052024 26M  MRN 6768 Patient Inactive (1)"), 30): Tapped on element 'Object Repository/IOS/Patient Management/Unfreeze Pateint/XCUIElementTypeOther - Unfreeze, Patient 06052024 26M  MRN 6768 Patient Inactive (1)'

08-05-2024T13:42:15 - [MESSAGE][PASSED] - Tapped on element 'Object Repository/IOS/Patient Management/Unfreeze Pateint/XCUIElementTypeOther - Unfreeze, Patient 06052024 26M  MRN 6768 Patient Inactive (1)'

08-05-2024T13:42:15 - [TEST_STEP][PASSED] - tap(findTestObject("IOS/Patient Management/Unfreeze Pateint/XCUIElementTypeOther - Unfreeze, Patient 06052024 26M  MRN 6768 Patient Inactive (1)"), 30): Tapped on element 'Object Repository/IOS/Patient Management/Unfreeze Pateint/XCUIElementTypeOther - Unfreeze, Patient 06052024 26M  MRN 6768 Patient Inactive (1)'

08-05-2024T13:42:16 - [MESSAGE][PASSED] - Tapped on element 'Object Repository/IOS/Patient Management/Unfreeze Pateint/XCUIElementTypeOther - Unfreeze, Patient 06052024 26M  MRN 6768 Patient Inactive (1)'

08-05-2024T13:42:16 - [TEST_STEP][PASSED] - tap(findTestObject("Object Repository/IOS/Patient Management/Unfreeze Pateint/XCUIElementTypeOther - Menu"), 30): Tapped on element 'Object Repository/IOS/Patient Management/Unfreeze Pateint/XCUIElementTypeOther - Menu'

08-05-2024T13:42:17 - [MESSAGE][PASSED] - Tapped on element 'Object Repository/IOS/Patient Management/Unfreeze Pateint/XCUIElementTypeOther - Menu'

08-05-2024T13:42:17 - [TEST_STEP][PASSED] - tap(findTestObject("Object Repository/IOS/Patient Management/Unfreeze Pateint/XCUIElementTypeOther - UnFreeze patient"), 30): Tapped on element 'Object Repository/IOS/Patient Management/Unfreeze Pateint/XCUIElementTypeOther - UnFreeze patient'

08-05-2024T13:42:19 - [MESSAGE][PASSED] - Tapped on element 'Object Repository/IOS/Patient Management/Unfreeze Pateint/XCUIElementTypeOther - UnFreeze patient'

08-05-2024T13:42:19 - [TEST_STEP][PASSED] - verifyElementText(findTestObject("Object Repository/IOS/Patient Management/Unfreeze Pateint/XCUIElementTypeOther - Change patient status to Active"), "Change patient status to Active ?"): Actual text and expected text of test object 'Object Repository/IOS/Patient Management/Unfreeze Pateint/XCUIElementTypeOther - Change patient status to Active' are matched.

08-05-2024T13:42:20 - [MESSAGE][PASSED] - Actual text and expected text of test object 'Object Repository/IOS/Patient Management/Unfreeze Pateint/XCUIElementTypeOther - Change patient status to Active' are matched.

08-05-2024T13:42:20 - [TEST_STEP][PASSED] - verifyElementText(findTestObject("Object Repository/IOS/Patient Management/Freeze Patient/XCUIElementTypeOther - Confirm"), "Confirm"): Actual text and expected text of test object 'Object Repository/IOS/Patient Management/Freeze Patient/XCUIElementTypeOther - Confirm' are matched.

08-05-2024T13:42:21 - [MESSAGE][PASSED] - Actual text and expected text of test object 'Object Repository/IOS/Patient Management/Freeze Patient/XCUIElementTypeOther - Confirm' are matched.

08-05-2024T13:42:21 - [TEST_STEP][PASSED] - verifyElementText(findTestObject("Object Repository/IOS/Patient Management/Freeze Patient/XCUIElementTypeOther - Cancel"), "Cancel"): Actual text and expected text of test object 'Object Repository/IOS/Patient Management/Freeze Patient/XCUIElementTypeOther - Cancel' are matched.

08-05-2024T13:42:22 - [MESSAGE][PASSED] - Actual text and expected text of test object 'Object Repository/IOS/Patient Management/Freeze Patient/XCUIElementTypeOther - Cancel' are matched.

08-05-2024T13:42:22 - [TEST_STEP][PASSED] - tap(findTestObject("Object Repository/IOS/Patient Management/Freeze Patient/XCUIElementTypeOther - Confirm"), 30): Tapped on element 'Object Repository/IOS/Patient Management/Freeze Patient/XCUIElementTypeOther - Confirm'

08-05-2024T13:42:23 - [MESSAGE][PASSED] - Tapped on element 'Object Repository/IOS/Patient Management/Freeze Patient/XCUIElementTypeOther - Confirm'

08-05-2024T13:42:23 - [TEST_STEP][FAILED] - tap(findTestObject("IOS/Patient Management/Unfreeze Pateint/XCUIElementTypeOther - x"), 30): Failed to tap on element 'Object Repository/IOS/Patient Management/Unfreeze Pateint/XCUIElementTypeOther - x' (Root cause: com.kms.katalon.core.exception.StepFailedException: Failed to tap on element 'Object Repository/IOS/Patient Management/Unfreeze Pateint/XCUIElementTypeOther - x'
	at com.kms.katalon.core.mobile.keyword.internal.MobileKeywordMain.stepFailed(MobileKeywordMain.groovy:38)
	at com.kms.katalon.core.mobile.keyword.internal.MobileKeywordMain.runKeyword(MobileKeywordMain.groovy:21)
	at com.kms.katalon.core.mobile.keyword.builtin.TapKeyword.tap(TapKeyword.groovy:51)
	at com.kms.katalon.core.mobile.keyword.builtin.TapKeyword.execute(TapKeyword.groovy:35)
	at com.kms.katalon.core.keyword.internal.KeywordExecutor.executeKeywordForPlatform(KeywordExecutor.groovy:74)
	at com.kms.katalon.core.mobile.keyword.MobileBuiltInKeywords.tap(MobileBuiltInKeywords.groovy:1490)
	at EK-8772 IS iPhone - Unfreeze Patient.run(EK-8772 IS iPhone - Unfreeze Patient:48)
	at com.kms.katalon.core.main.ScriptEngine.run(ScriptEngine.java:194)
	at com.kms.katalon.core.main.ScriptEngine.runScriptAsRawText(ScriptEngine.java:119)
	at com.kms.katalon.core.main.TestCaseExecutor.runScript(TestCaseExecutor.java:448)
	at com.kms.katalon.core.main.TestCaseExecutor.doExecute(TestCaseExecutor.java:439)
	at com.kms.katalon.core.main.TestCaseExecutor.processExecutionPhase(TestCaseExecutor.java:418)
	at com.kms.katalon.core.main.TestCaseExecutor.accessMainPhase(TestCaseExecutor.java:410)
	at com.kms.katalon.core.main.TestCaseExecutor.execute(TestCaseExecutor.java:285)
	at com.kms.katalon.core.common.CommonExecutor.accessTestCaseMainPhase(CommonExecutor.java:65)
	at com.kms.katalon.core.main.TestSuiteExecutor.accessTestSuiteMainPhase(TestSuiteExecutor.java:148)
	at com.kms.katalon.core.main.TestSuiteExecutor.execute(TestSuiteExecutor.java:106)
	at com.kms.katalon.core.main.TestCaseMain.startTestSuite(TestCaseMain.java:180)
	at TempTestSuite1715171954525.run(TempTestSuite1715171954525.groovy:36)
	at java.base/jdk.internal.reflect.NativeMethodAccessorImpl.invoke0(Native Method)
	at java.base/jdk.internal.reflect.NativeMethodAccessorImpl.invoke(NativeMethodAccessorImpl.java:77)
	at java.base/jdk.internal.reflect.DelegatingMethodAccessorImpl.invoke(DelegatingMethodAccessorImpl.java:43)
Caused by: com.kms.katalon.core.exception.StepFailedException: Object Object Repository/IOS/Patient Management/Unfreeze Pateint/XCUIElementTypeOther - x not found
	at com.kms.katalon.core.mobile.keyword.internal.MobileKeywordMain.stepFailed(MobileKeywordMain.groovy:38)
	at com.kms.katalon.core.mobile.keyword.builtin.TapKeyword$_tap_closure1.doCall(TapKeyword.groovy:46)
	at com.kms.katalon.core.mobile.keyword.builtin.TapKeyword$_tap_closure1.call(TapKeyword.groovy)
	at com.kms.katalon.core.mobile.keyword.internal.MobileKeywordMain.runKeyword(MobileKeywordMain.groovy:19)
	... 20 more
)

08-05-2024T13:42:53 - [MESSAGE][FAILED] - Object Object Repository/IOS/Patient Management/Unfreeze Pateint/XCUIElementTypeOther - x not found (Root cause: com.kms.katalon.core.exception.StepFailedException: Object Object Repository/IOS/Patient Management/Unfreeze Pateint/XCUIElementTypeOther - x not found
	at com.kms.katalon.core.mobile.keyword.internal.MobileKeywordMain.stepFailed(MobileKeywordMain.groovy:38)
	at com.kms.katalon.core.mobile.keyword.builtin.TapKeyword$_tap_closure1.doCall(TapKeyword.groovy:46)
	at com.kms.katalon.core.mobile.keyword.builtin.TapKeyword$_tap_closure1.call(TapKeyword.groovy)
	at com.kms.katalon.core.mobile.keyword.internal.MobileKeywordMain.runKeyword(MobileKeywordMain.groovy:19)
	at com.kms.katalon.core.mobile.keyword.builtin.TapKeyword.tap(TapKeyword.groovy:51)
	at com.kms.katalon.core.mobile.keyword.builtin.TapKeyword.execute(TapKeyword.groovy:35)
	at com.kms.katalon.core.keyword.internal.KeywordExecutor.executeKeywordForPlatform(KeywordExecutor.groovy:74)
	at com.kms.katalon.core.mobile.keyword.MobileBuiltInKeywords.tap(MobileBuiltInKeywords.groovy:1490)
	at EK-8772 IS iPhone - Unfreeze Patient.run(EK-8772 IS iPhone - Unfreeze Patient:48)
	at com.kms.katalon.core.main.ScriptEngine.run(ScriptEngine.java:194)
	at com.kms.katalon.core.main.ScriptEngine.runScriptAsRawText(ScriptEngine.java:119)
	at com.kms.katalon.core.main.TestCaseExecutor.runScript(TestCaseExecutor.java:448)
	at com.kms.katalon.core.main.TestCaseExecutor.doExecute(TestCaseExecutor.java:439)
	at com.kms.katalon.core.main.TestCaseExecutor.processExecutionPhase(TestCaseExecutor.java:418)
	at com.kms.katalon.core.main.TestCaseExecutor.accessMainPhase(TestCaseExecutor.java:410)
	at com.kms.katalon.core.main.TestCaseExecutor.execute(TestCaseExecutor.java:285)
	at com.kms.katalon.core.common.CommonExecutor.accessTestCaseMainPhase(CommonExecutor.java:65)
	at com.kms.katalon.core.main.TestSuiteExecutor.accessTestSuiteMainPhase(TestSuiteExecutor.java:148)
	at com.kms.katalon.core.main.TestSuiteExecutor.execute(TestSuiteExecutor.java:106)
	at com.kms.katalon.core.main.TestCaseMain.startTestSuite(TestCaseMain.java:180)
	at TempTestSuite1715171954525.run(TempTestSuite1715171954525.groovy:36)
	at java.base/jdk.internal.reflect.NativeMethodAccessorImpl.invoke0(Native Method)
	at java.base/jdk.internal.reflect.NativeMethodAccessorImpl.invoke(NativeMethodAccessorImpl.java:77)
	at java.base/jdk.internal.reflect.DelegatingMethodAccessorImpl.invoke(DelegatingMethodAccessorImpl.java:43)
)
[[ATTACHMENT|/Users/safaamarir/git/Android_Automation/Reports/20240508_133913/IS iPhone/Patient Management/20240508_133914/1715172173397.png]]

08-05-2024T13:43:03 - [MESSAGE][FAILED] - Failed to tap on element 'Object Repository/IOS/Patient Management/Unfreeze Pateint/XCUIElementTypeOther - x' (Root cause: com.kms.katalon.core.exception.StepFailedException: Failed to tap on element 'Object Repository/IOS/Patient Management/Unfreeze Pateint/XCUIElementTypeOther - x'
	at com.kms.katalon.core.mobile.keyword.internal.MobileKeywordMain.stepFailed(MobileKeywordMain.groovy:38)
	at com.kms.katalon.core.mobile.keyword.internal.MobileKeywordMain.runKeyword(MobileKeywordMain.groovy:21)
	at com.kms.katalon.core.mobile.keyword.builtin.TapKeyword.tap(TapKeyword.groovy:51)
	at com.kms.katalon.core.mobile.keyword.builtin.TapKeyword.execute(TapKeyword.groovy:35)
	at com.kms.katalon.core.keyword.internal.KeywordExecutor.executeKeywordForPlatform(KeywordExecutor.groovy:74)
	at com.kms.katalon.core.mobile.keyword.MobileBuiltInKeywords.tap(MobileBuiltInKeywords.groovy:1490)
	at EK-8772 IS iPhone - Unfreeze Patient.run(EK-8772 IS iPhone - Unfreeze Patient:48)
	at com.kms.katalon.core.main.ScriptEngine.run(ScriptEngine.java:194)
	at com.kms.katalon.core.main.ScriptEngine.runScriptAsRawText(ScriptEngine.java:119)
	at com.kms.katalon.core.main.TestCaseExecutor.runScript(TestCaseExecutor.java:448)
	at com.kms.katalon.core.main.TestCaseExecutor.doExecute(TestCaseExecutor.java:439)
	at com.kms.katalon.core.main.TestCaseExecutor.processExecutionPhase(TestCaseExecutor.java:418)
	at com.kms.katalon.core.main.TestCaseExecutor.accessMainPhase(TestCaseExecutor.java:410)
	at com.kms.katalon.core.main.TestCaseExecutor.execute(TestCaseExecutor.java:285)
	at com.kms.katalon.core.common.CommonExecutor.accessTestCaseMainPhase(CommonExecutor.java:65)
	at com.kms.katalon.core.main.TestSuiteExecutor.accessTestSuiteMainPhase(TestSuiteExecutor.java:148)
	at com.kms.katalon.core.main.TestSuiteExecutor.execute(TestSuiteExecutor.java:106)
	at com.kms.katalon.core.main.TestCaseMain.startTestSuite(TestCaseMain.java:180)
	at TempTestSuite1715171954525.run(TempTestSuite1715171954525.groovy:36)
	at java.base/jdk.internal.reflect.NativeMethodAccessorImpl.invoke0(Native Method)
	at java.base/jdk.internal.reflect.NativeMethodAccessorImpl.invoke(NativeMethodAccessorImpl.java:77)
	at java.base/jdk.internal.reflect.DelegatingMethodAccessorImpl.invoke(DelegatingMethodAccessorImpl.java:43)
Caused by: com.kms.katalon.core.exception.StepFailedException: Object Object Repository/IOS/Patient Management/Unfreeze Pateint/XCUIElementTypeOther - x not found
	at com.kms.katalon.core.mobile.keyword.internal.MobileKeywordMain.stepFailed(MobileKeywordMain.groovy:38)
	at com.kms.katalon.core.mobile.keyword.builtin.TapKeyword$_tap_closure1.doCall(TapKeyword.groovy:46)
	at com.kms.katalon.core.mobile.keyword.builtin.TapKeyword$_tap_closure1.call(TapKeyword.groovy)
	at com.kms.katalon.core.mobile.keyword.internal.MobileKeywordMain.runKeyword(MobileKeywordMain.groovy:19)
	... 20 more
)
[[ATTACHMENT|/Users/safaamarir/git/Android_Automation/Reports/20240508_133913/IS iPhone/Patient Management/20240508_133914/1715172173763.png]]

08-05-2024T13:43:05 - [TEST_STEP][PASSED] - Video: Video recording for test case 'Test Cases/IOS/Patient Management/EK-8772 IS iPhone - Unfreeze Patient' .

08-05-2024T13:43:05 - [MESSAGE][INFO] - Video recording for test case 'Test Cases/IOS/Patient Management/EK-8772 IS iPhone - Unfreeze Patient' .]]></system-out>
         <system-err><![CDATA[08-05-2024T13:42:07 - [TEST_CASE][FAILED] - Test Cases/IOS/Patient Management/EK-8772 IS iPhone - Unfreeze Patient: Test Cases/IOS/Patient Management/EK-8772 IS iPhone - Unfreeze Patient FAILED.
Reason:
com.kms.katalon.core.exception.StepFailedException: Failed to tap on element 'Object Repository/IOS/Patient Management/Unfreeze Pateint/XCUIElementTypeOther - x'
	at com.kms.katalon.core.mobile.keyword.internal.MobileKeywordMain.stepFailed(MobileKeywordMain.groovy:38)
	at com.kms.katalon.core.mobile.keyword.internal.MobileKeywordMain.runKeyword(MobileKeywordMain.groovy:21)
	at com.kms.katalon.core.mobile.keyword.builtin.TapKeyword.tap(TapKeyword.groovy:51)
	at com.kms.katalon.core.mobile.keyword.builtin.TapKeyword.execute(TapKeyword.groovy:35)
	at com.kms.katalon.core.keyword.internal.KeywordExecutor.executeKeywordForPlatform(KeywordExecutor.groovy:74)
	at com.kms.katalon.core.mobile.keyword.MobileBuiltInKeywords.tap(MobileBuiltInKeywords.groovy:1490)
	at EK-8772 IS iPhone - Unfreeze Patient.run(EK-8772 IS iPhone - Unfreeze Patient:48)
	at com.kms.katalon.core.main.ScriptEngine.run(ScriptEngine.java:194)
	at com.kms.katalon.core.main.ScriptEngine.runScriptAsRawText(ScriptEngine.java:119)
	at com.kms.katalon.core.main.TestCaseExecutor.runScript(TestCaseExecutor.java:448)
	at com.kms.katalon.core.main.TestCaseExecutor.doExecute(TestCaseExecutor.java:439)
	at com.kms.katalon.core.main.TestCaseExecutor.processExecutionPhase(TestCaseExecutor.java:418)
	at com.kms.katalon.core.main.TestCaseExecutor.accessMainPhase(TestCaseExecutor.java:410)
	at com.kms.katalon.core.main.TestCaseExecutor.execute(TestCaseExecutor.java:285)
	at com.kms.katalon.core.common.CommonExecutor.accessTestCaseMainPhase(CommonExecutor.java:65)
	at com.kms.katalon.core.main.TestSuiteExecutor.accessTestSuiteMainPhase(TestSuiteExecutor.java:148)
	at com.kms.katalon.core.main.TestSuiteExecutor.execute(TestSuiteExecutor.java:106)
	at com.kms.katalon.core.main.TestCaseMain.startTestSuite(TestCaseMain.java:180)
	at TempTestSuite1715171954525.run(TempTestSuite1715171954525.groovy:36)
	at java.base/jdk.internal.reflect.NativeMethodAccessorImpl.invoke0(Native Method)
	at java.base/jdk.internal.reflect.NativeMethodAccessorImpl.invoke(NativeMethodAccessorImpl.java:77)
	at java.base/jdk.internal.reflect.DelegatingMethodAccessorImpl.invoke(DelegatingMethodAccessorImpl.java:43)
Caused by: com.kms.katalon.core.exception.StepFailedException: Object Object Repository/IOS/Patient Management/Unfreeze Pateint/XCUIElementTypeOther - x not found
	at com.kms.katalon.core.mobile.keyword.internal.MobileKeywordMain.stepFailed(MobileKeywordMain.groovy:38)
	at com.kms.katalon.core.mobile.keyword.builtin.TapKeyword$_tap_closure1.doCall(TapKeyword.groovy:46)
	at com.kms.katalon.core.mobile.keyword.builtin.TapKeyword$_tap_closure1.call(TapKeyword.groovy)
	at com.kms.katalon.core.mobile.keyword.internal.MobileKeywordMain.runKeyword(MobileKeywordMain.groovy:19)
	... 20 more]]></system-err>
      </testcase>
      <testcase name="Test Cases/IOS/Patient Management/EK-8774 IS iPhone - Delete Patient" time="90.06" classname="Test Cases/IOS/Patient Management/EK-8774 IS iPhone - Delete Patient" status="FAILED">
         <failure type="FAILED" message="Test Cases/IOS/Patient Management/EK-8774 IS iPhone - Delete Patient FAILED.&#xa;Reason:&#xa;com.kms.katalon.core.exception.StepFailedException: Failed to tap on element 'Object Repository/IOS/Patient Management/Delete Patient/XCUIElementTypeOther - Lite, Test 08052024 22M    MRN 6766 No Consent'&#xa;	at com.kms.katalon.core.mobile.keyword.internal.MobileKeywordMain.stepFailed(MobileKeywordMain.groovy:38)&#xa;	at com.kms.katalon.core.mobile.keyword.internal.MobileKeywordMain.runKeyword(MobileKeywordMain.groovy:21)&#xa;	at com.kms.katalon.core.mobile.keyword.builtin.TapKeyword.tap(TapKeyword.groovy:51)&#xa;	at com.kms.katalon.core.mobile.keyword.builtin.TapKeyword.execute(TapKeyword.groovy:35)&#xa;	at com.kms.katalon.core.keyword.internal.KeywordExecutor.executeKeywordForPlatform(KeywordExecutor.groovy:74)&#xa;	at com.kms.katalon.core.mobile.keyword.MobileBuiltInKeywords.tap(MobileBuiltInKeywords.groovy:1490)&#xa;	at EK-8774 IS iPhone - Delete Patient.run(EK-8774 IS iPhone - Delete Patient:28)&#xa;	at com.kms.katalon.core.main.ScriptEngine.run(ScriptEngine.java:194)&#xa;	at com.kms.katalon.core.main.ScriptEngine.runScriptAsRawText(ScriptEngine.java:119)&#xa;	at com.kms.katalon.core.main.TestCaseExecutor.runScript(TestCaseExecutor.java:448)&#xa;	at com.kms.katalon.core.main.TestCaseExecutor.doExecute(TestCaseExecutor.java:439)&#xa;	at com.kms.katalon.core.main.TestCaseExecutor.processExecutionPhase(TestCaseExecutor.java:418)&#xa;	at com.kms.katalon.core.main.TestCaseExecutor.accessMainPhase(TestCaseExecutor.java:410)&#xa;	at com.kms.katalon.core.main.TestCaseExecutor.execute(TestCaseExecutor.java:285)&#xa;	at com.kms.katalon.core.common.CommonExecutor.accessTestCaseMainPhase(CommonExecutor.java:65)&#xa;	at com.kms.katalon.core.main.TestSuiteExecutor.accessTestSuiteMainPhase(TestSuiteExecutor.java:148)&#xa;	at com.kms.katalon.core.main.TestSuiteExecutor.execute(TestSuiteExecutor.java:106)&#xa;	at com.kms.katalon.core.main.TestCaseMain.startTestSuite(TestCaseMain.java:180)&#xa;	at TempTestSuite1715171954525.run(TempTestSuite1715171954525.groovy:36)&#xa;	at java.base/jdk.internal.reflect.NativeMethodAccessorImpl.invoke0(Native Method)&#xa;	at java.base/jdk.internal.reflect.NativeMethodAccessorImpl.invoke(NativeMethodAccessorImpl.java:77)&#xa;	at java.base/jdk.internal.reflect.DelegatingMethodAccessorImpl.invoke(DelegatingMethodAccessorImpl.java:43)&#xa;Caused by: com.kms.katalon.core.exception.StepFailedException: Object Object Repository/IOS/Patient Management/Delete Patient/XCUIElementTypeOther - Lite, Test 08052024 22M    MRN 6766 No Consent not found&#xa;	at com.kms.katalon.core.mobile.keyword.internal.MobileKeywordMain.stepFailed(MobileKeywordMain.groovy:38)&#xa;	at com.kms.katalon.core.mobile.keyword.builtin.TapKeyword$_tap_closure1.doCall(TapKeyword.groovy:46)&#xa;	at com.kms.katalon.core.mobile.keyword.builtin.TapKeyword$_tap_closure1.call(TapKeyword.groovy)&#xa;	at com.kms.katalon.core.mobile.keyword.internal.MobileKeywordMain.runKeyword(MobileKeywordMain.groovy:19)&#xa;	... 20 more&#xa;"/>
         <system-out><![CDATA[08-05-2024T13:43:05 - [TEST_CASE][FAILED] - Test Cases/IOS/Patient Management/EK-8774 IS iPhone - Delete Patient: Test Cases/IOS/Patient Management/EK-8774 IS iPhone - Delete Patient FAILED.
Reason:
com.kms.katalon.core.exception.StepFailedException: Failed to tap on element 'Object Repository/IOS/Patient Management/Delete Patient/XCUIElementTypeOther - Lite, Test 08052024 22M    MRN 6766 No Consent'
	at com.kms.katalon.core.mobile.keyword.internal.MobileKeywordMain.stepFailed(MobileKeywordMain.groovy:38)
	at com.kms.katalon.core.mobile.keyword.internal.MobileKeywordMain.runKeyword(MobileKeywordMain.groovy:21)
	at com.kms.katalon.core.mobile.keyword.builtin.TapKeyword.tap(TapKeyword.groovy:51)
	at com.kms.katalon.core.mobile.keyword.builtin.TapKeyword.execute(TapKeyword.groovy:35)
	at com.kms.katalon.core.keyword.internal.KeywordExecutor.executeKeywordForPlatform(KeywordExecutor.groovy:74)
	at com.kms.katalon.core.mobile.keyword.MobileBuiltInKeywords.tap(MobileBuiltInKeywords.groovy:1490)
	at EK-8774 IS iPhone - Delete Patient.run(EK-8774 IS iPhone - Delete Patient:28)
	at com.kms.katalon.core.main.ScriptEngine.run(ScriptEngine.java:194)
	at com.kms.katalon.core.main.ScriptEngine.runScriptAsRawText(ScriptEngine.java:119)
	at com.kms.katalon.core.main.TestCaseExecutor.runScript(TestCaseExecutor.java:448)
	at com.kms.katalon.core.main.TestCaseExecutor.doExecute(TestCaseExecutor.java:439)
	at com.kms.katalon.core.main.TestCaseExecutor.processExecutionPhase(TestCaseExecutor.java:418)
	at com.kms.katalon.core.main.TestCaseExecutor.accessMainPhase(TestCaseExecutor.java:410)
	at com.kms.katalon.core.main.TestCaseExecutor.execute(TestCaseExecutor.java:285)
	at com.kms.katalon.core.common.CommonExecutor.accessTestCaseMainPhase(CommonExecutor.java:65)
	at com.kms.katalon.core.main.TestSuiteExecutor.accessTestSuiteMainPhase(TestSuiteExecutor.java:148)
	at com.kms.katalon.core.main.TestSuiteExecutor.execute(TestSuiteExecutor.java:106)
	at com.kms.katalon.core.main.TestCaseMain.startTestSuite(TestCaseMain.java:180)
	at TempTestSuite1715171954525.run(TempTestSuite1715171954525.groovy:36)
	at java.base/jdk.internal.reflect.NativeMethodAccessorImpl.invoke0(Native Method)
	at java.base/jdk.internal.reflect.NativeMethodAccessorImpl.invoke(NativeMethodAccessorImpl.java:77)
	at java.base/jdk.internal.reflect.DelegatingMethodAccessorImpl.invoke(DelegatingMethodAccessorImpl.java:43)
Caused by: com.kms.katalon.core.exception.StepFailedException: Object Object Repository/IOS/Patient Management/Delete Patient/XCUIElementTypeOther - Lite, Test 08052024 22M    MRN 6766 No Consent not found
	at com.kms.katalon.core.mobile.keyword.internal.MobileKeywordMain.stepFailed(MobileKeywordMain.groovy:38)
	at com.kms.katalon.core.mobile.keyword.builtin.TapKeyword$_tap_closure1.doCall(TapKeyword.groovy:46)
	at com.kms.katalon.core.mobile.keyword.builtin.TapKeyword$_tap_closure1.call(TapKeyword.groovy)
	at com.kms.katalon.core.mobile.keyword.internal.MobileKeywordMain.runKeyword(MobileKeywordMain.groovy:19)
	... 20 more


08-05-2024T13:43:05 - [TEST_STEP][PASSED] - Start listener action : beforeTestCase: null

08-05-2024T13:43:05 - [TEST_STEP][PASSED] - addDefaultPackages(): null

08-05-2024T13:43:05 - [TEST_STEP][PASSED] - runFeatureFile("Include/features/EK-8774 IS iPhone - Delete Patient.feature"): Feature file: 'Include/features/EK-8774 IS iPhone - Delete Patient.feature' was passed

08-05-2024T13:43:05 - [MESSAGE][INFO] - Starting run keyword runFeatureFile: 'Include/features/EK-8774 IS iPhone - Delete Patient.feature' and extract report to folder: '/Users/safaamarir/git/Android_Automation/Reports/20240508_133913/IS iPhone/Patient Management/20240508_133914/cucumber_report/1715172185635'...

08-05-2024T13:43:05 - [MESSAGE][PASSED] - Feature file: 'Include/features/EK-8774 IS iPhone - Delete Patient.feature' was passed

08-05-2024T13:43:05 - [TEST_STEP][PASSED] - setText(findTestObject("IOS/Patient Management/Freeze Patient/XCUIElementTypeTextField - Search Bar"), "6766", 30): Text '6766' has been set to element 'Object Repository/IOS/Patient Management/Freeze Patient/XCUIElementTypeTextField - Search Bar'

08-05-2024T13:43:08 - [MESSAGE][PASSED] - Text '6766' has been set to element 'Object Repository/IOS/Patient Management/Freeze Patient/XCUIElementTypeTextField - Search Bar'

08-05-2024T13:43:08 - [TEST_STEP][PASSED] - delay(3, STOP_ON_FAILURE): Delayed 3 second(s)

08-05-2024T13:43:11 - [MESSAGE][PASSED] - Delayed 3 second(s)

08-05-2024T13:43:11 - [TEST_STEP][PASSED] - startApplication("/Users/safaamarir/APK/IOS/IS/IS_Preprod_2.2.1_290.ipa", true): Started app at: '/Users/safaamarir/APK/IOS/IS/IS_Preprod_2.2.1_290.ipa'

08-05-2024T13:43:11 - [MESSAGE][INFO] - User set preference: ['automationName', 'XCUITest']

08-05-2024T13:43:11 - [MESSAGE][INFO] - User set preference: ['deviceId', '00008110-00112D590CD0201E']

08-05-2024T13:43:21 - [MESSAGE][WARNING] - Failed to start ios_webkit_debug_proxy on default port 27753

08-05-2024T13:43:53 - [MESSAGE][PASSED] - Started app at: '/Users/safaamarir/APK/IOS/IS/IS_Preprod_2.2.1_290.ipa'

08-05-2024T13:43:53 - [TEST_STEP][FAILED] - tap(findTestObject("Object Repository/IOS/Patient Management/Delete Patient/XCUIElementTypeOther - Lite, Test 08052024 22M    MRN 6766 No Consent"), 30): Failed to tap on element 'Object Repository/IOS/Patient Management/Delete Patient/XCUIElementTypeOther - Lite, Test 08052024 22M    MRN 6766 No Consent' (Root cause: com.kms.katalon.core.exception.StepFailedException: Failed to tap on element 'Object Repository/IOS/Patient Management/Delete Patient/XCUIElementTypeOther - Lite, Test 08052024 22M    MRN 6766 No Consent'
	at com.kms.katalon.core.mobile.keyword.internal.MobileKeywordMain.stepFailed(MobileKeywordMain.groovy:38)
	at com.kms.katalon.core.mobile.keyword.internal.MobileKeywordMain.runKeyword(MobileKeywordMain.groovy:21)
	at com.kms.katalon.core.mobile.keyword.builtin.TapKeyword.tap(TapKeyword.groovy:51)
	at com.kms.katalon.core.mobile.keyword.builtin.TapKeyword.execute(TapKeyword.groovy:35)
	at com.kms.katalon.core.keyword.internal.KeywordExecutor.executeKeywordForPlatform(KeywordExecutor.groovy:74)
	at com.kms.katalon.core.mobile.keyword.MobileBuiltInKeywords.tap(MobileBuiltInKeywords.groovy:1490)
	at EK-8774 IS iPhone - Delete Patient.run(EK-8774 IS iPhone - Delete Patient:28)
	at com.kms.katalon.core.main.ScriptEngine.run(ScriptEngine.java:194)
	at com.kms.katalon.core.main.ScriptEngine.runScriptAsRawText(ScriptEngine.java:119)
	at com.kms.katalon.core.main.TestCaseExecutor.runScript(TestCaseExecutor.java:448)
	at com.kms.katalon.core.main.TestCaseExecutor.doExecute(TestCaseExecutor.java:439)
	at com.kms.katalon.core.main.TestCaseExecutor.processExecutionPhase(TestCaseExecutor.java:418)
	at com.kms.katalon.core.main.TestCaseExecutor.accessMainPhase(TestCaseExecutor.java:410)
	at com.kms.katalon.core.main.TestCaseExecutor.execute(TestCaseExecutor.java:285)
	at com.kms.katalon.core.common.CommonExecutor.accessTestCaseMainPhase(CommonExecutor.java:65)
	at com.kms.katalon.core.main.TestSuiteExecutor.accessTestSuiteMainPhase(TestSuiteExecutor.java:148)
	at com.kms.katalon.core.main.TestSuiteExecutor.execute(TestSuiteExecutor.java:106)
	at com.kms.katalon.core.main.TestCaseMain.startTestSuite(TestCaseMain.java:180)
	at TempTestSuite1715171954525.run(TempTestSuite1715171954525.groovy:36)
	at java.base/jdk.internal.reflect.NativeMethodAccessorImpl.invoke0(Native Method)
	at java.base/jdk.internal.reflect.NativeMethodAccessorImpl.invoke(NativeMethodAccessorImpl.java:77)
	at java.base/jdk.internal.reflect.DelegatingMethodAccessorImpl.invoke(DelegatingMethodAccessorImpl.java:43)
Caused by: com.kms.katalon.core.exception.StepFailedException: Object Object Repository/IOS/Patient Management/Delete Patient/XCUIElementTypeOther - Lite, Test 08052024 22M    MRN 6766 No Consent not found
	at com.kms.katalon.core.mobile.keyword.internal.MobileKeywordMain.stepFailed(MobileKeywordMain.groovy:38)
	at com.kms.katalon.core.mobile.keyword.builtin.TapKeyword$_tap_closure1.doCall(TapKeyword.groovy:46)
	at com.kms.katalon.core.mobile.keyword.builtin.TapKeyword$_tap_closure1.call(TapKeyword.groovy)
	at com.kms.katalon.core.mobile.keyword.internal.MobileKeywordMain.runKeyword(MobileKeywordMain.groovy:19)
	... 20 more
)

08-05-2024T13:44:23 - [MESSAGE][FAILED] - Object Object Repository/IOS/Patient Management/Delete Patient/XCUIElementTypeOther - Lite, Test 08052024 22M    MRN 6766 No Consent not found (Root cause: com.kms.katalon.core.exception.StepFailedException: Object Object Repository/IOS/Patient Management/Delete Patient/XCUIElementTypeOther - Lite, Test 08052024 22M    MRN 6766 No Consent not found
	at com.kms.katalon.core.mobile.keyword.internal.MobileKeywordMain.stepFailed(MobileKeywordMain.groovy:38)
	at com.kms.katalon.core.mobile.keyword.builtin.TapKeyword$_tap_closure1.doCall(TapKeyword.groovy:46)
	at com.kms.katalon.core.mobile.keyword.builtin.TapKeyword$_tap_closure1.call(TapKeyword.groovy)
	at com.kms.katalon.core.mobile.keyword.internal.MobileKeywordMain.runKeyword(MobileKeywordMain.groovy:19)
	at com.kms.katalon.core.mobile.keyword.builtin.TapKeyword.tap(TapKeyword.groovy:51)
	at com.kms.katalon.core.mobile.keyword.builtin.TapKeyword.execute(TapKeyword.groovy:35)
	at com.kms.katalon.core.keyword.internal.KeywordExecutor.executeKeywordForPlatform(KeywordExecutor.groovy:74)
	at com.kms.katalon.core.mobile.keyword.MobileBuiltInKeywords.tap(MobileBuiltInKeywords.groovy:1490)
	at EK-8774 IS iPhone - Delete Patient.run(EK-8774 IS iPhone - Delete Patient:28)
	at com.kms.katalon.core.main.ScriptEngine.run(ScriptEngine.java:194)
	at com.kms.katalon.core.main.ScriptEngine.runScriptAsRawText(ScriptEngine.java:119)
	at com.kms.katalon.core.main.TestCaseExecutor.runScript(TestCaseExecutor.java:448)
	at com.kms.katalon.core.main.TestCaseExecutor.doExecute(TestCaseExecutor.java:439)
	at com.kms.katalon.core.main.TestCaseExecutor.processExecutionPhase(TestCaseExecutor.java:418)
	at com.kms.katalon.core.main.TestCaseExecutor.accessMainPhase(TestCaseExecutor.java:410)
	at com.kms.katalon.core.main.TestCaseExecutor.execute(TestCaseExecutor.java:285)
	at com.kms.katalon.core.common.CommonExecutor.accessTestCaseMainPhase(CommonExecutor.java:65)
	at com.kms.katalon.core.main.TestSuiteExecutor.accessTestSuiteMainPhase(TestSuiteExecutor.java:148)
	at com.kms.katalon.core.main.TestSuiteExecutor.execute(TestSuiteExecutor.java:106)
	at com.kms.katalon.core.main.TestCaseMain.startTestSuite(TestCaseMain.java:180)
	at TempTestSuite1715171954525.run(TempTestSuite1715171954525.groovy:36)
	at java.base/jdk.internal.reflect.NativeMethodAccessorImpl.invoke0(Native Method)
	at java.base/jdk.internal.reflect.NativeMethodAccessorImpl.invoke(NativeMethodAccessorImpl.java:77)
	at java.base/jdk.internal.reflect.DelegatingMethodAccessorImpl.invoke(DelegatingMethodAccessorImpl.java:43)
)
[[ATTACHMENT|/Users/safaamarir/git/Android_Automation/Reports/20240508_133913/IS iPhone/Patient Management/20240508_133914/1715172263473.png]]

08-05-2024T13:44:33 - [MESSAGE][FAILED] - Failed to tap on element 'Object Repository/IOS/Patient Management/Delete Patient/XCUIElementTypeOther - Lite, Test 08052024 22M    MRN 6766 No Consent' (Root cause: com.kms.katalon.core.exception.StepFailedException: Failed to tap on element 'Object Repository/IOS/Patient Management/Delete Patient/XCUIElementTypeOther - Lite, Test 08052024 22M    MRN 6766 No Consent'
	at com.kms.katalon.core.mobile.keyword.internal.MobileKeywordMain.stepFailed(MobileKeywordMain.groovy:38)
	at com.kms.katalon.core.mobile.keyword.internal.MobileKeywordMain.runKeyword(MobileKeywordMain.groovy:21)
	at com.kms.katalon.core.mobile.keyword.builtin.TapKeyword.tap(TapKeyword.groovy:51)
	at com.kms.katalon.core.mobile.keyword.builtin.TapKeyword.execute(TapKeyword.groovy:35)
	at com.kms.katalon.core.keyword.internal.KeywordExecutor.executeKeywordForPlatform(KeywordExecutor.groovy:74)
	at com.kms.katalon.core.mobile.keyword.MobileBuiltInKeywords.tap(MobileBuiltInKeywords.groovy:1490)
	at EK-8774 IS iPhone - Delete Patient.run(EK-8774 IS iPhone - Delete Patient:28)
	at com.kms.katalon.core.main.ScriptEngine.run(ScriptEngine.java:194)
	at com.kms.katalon.core.main.ScriptEngine.runScriptAsRawText(ScriptEngine.java:119)
	at com.kms.katalon.core.main.TestCaseExecutor.runScript(TestCaseExecutor.java:448)
	at com.kms.katalon.core.main.TestCaseExecutor.doExecute(TestCaseExecutor.java:439)
	at com.kms.katalon.core.main.TestCaseExecutor.processExecutionPhase(TestCaseExecutor.java:418)
	at com.kms.katalon.core.main.TestCaseExecutor.accessMainPhase(TestCaseExecutor.java:410)
	at com.kms.katalon.core.main.TestCaseExecutor.execute(TestCaseExecutor.java:285)
	at com.kms.katalon.core.common.CommonExecutor.accessTestCaseMainPhase(CommonExecutor.java:65)
	at com.kms.katalon.core.main.TestSuiteExecutor.accessTestSuiteMainPhase(TestSuiteExecutor.java:148)
	at com.kms.katalon.core.main.TestSuiteExecutor.execute(TestSuiteExecutor.java:106)
	at com.kms.katalon.core.main.TestCaseMain.startTestSuite(TestCaseMain.java:180)
	at TempTestSuite1715171954525.run(TempTestSuite1715171954525.groovy:36)
	at java.base/jdk.internal.reflect.NativeMethodAccessorImpl.invoke0(Native Method)
	at java.base/jdk.internal.reflect.NativeMethodAccessorImpl.invoke(NativeMethodAccessorImpl.java:77)
	at java.base/jdk.internal.reflect.DelegatingMethodAccessorImpl.invoke(DelegatingMethodAccessorImpl.java:43)
Caused by: com.kms.katalon.core.exception.StepFailedException: Object Object Repository/IOS/Patient Management/Delete Patient/XCUIElementTypeOther - Lite, Test 08052024 22M    MRN 6766 No Consent not found
	at com.kms.katalon.core.mobile.keyword.internal.MobileKeywordMain.stepFailed(MobileKeywordMain.groovy:38)
	at com.kms.katalon.core.mobile.keyword.builtin.TapKeyword$_tap_closure1.doCall(TapKeyword.groovy:46)
	at com.kms.katalon.core.mobile.keyword.builtin.TapKeyword$_tap_closure1.call(TapKeyword.groovy)
	at com.kms.katalon.core.mobile.keyword.internal.MobileKeywordMain.runKeyword(MobileKeywordMain.groovy:19)
	... 20 more
)
[[ATTACHMENT|/Users/safaamarir/git/Android_Automation/Reports/20240508_133913/IS iPhone/Patient Management/20240508_133914/1715172263817.png]]

08-05-2024T13:44:35 - [TEST_STEP][PASSED] - Video: Video recording for test case 'Test Cases/IOS/Patient Management/EK-8774 IS iPhone - Delete Patient' .

08-05-2024T13:44:35 - [MESSAGE][INFO] - Video recording for test case 'Test Cases/IOS/Patient Management/EK-8774 IS iPhone - Delete Patient' .]]></system-out>
         <system-err><![CDATA[08-05-2024T13:43:05 - [TEST_CASE][FAILED] - Test Cases/IOS/Patient Management/EK-8774 IS iPhone - Delete Patient: Test Cases/IOS/Patient Management/EK-8774 IS iPhone - Delete Patient FAILED.
Reason:
com.kms.katalon.core.exception.StepFailedException: Failed to tap on element 'Object Repository/IOS/Patient Management/Delete Patient/XCUIElementTypeOther - Lite, Test 08052024 22M    MRN 6766 No Consent'
	at com.kms.katalon.core.mobile.keyword.internal.MobileKeywordMain.stepFailed(MobileKeywordMain.groovy:38)
	at com.kms.katalon.core.mobile.keyword.internal.MobileKeywordMain.runKeyword(MobileKeywordMain.groovy:21)
	at com.kms.katalon.core.mobile.keyword.builtin.TapKeyword.tap(TapKeyword.groovy:51)
	at com.kms.katalon.core.mobile.keyword.builtin.TapKeyword.execute(TapKeyword.groovy:35)
	at com.kms.katalon.core.keyword.internal.KeywordExecutor.executeKeywordForPlatform(KeywordExecutor.groovy:74)
	at com.kms.katalon.core.mobile.keyword.MobileBuiltInKeywords.tap(MobileBuiltInKeywords.groovy:1490)
	at EK-8774 IS iPhone - Delete Patient.run(EK-8774 IS iPhone - Delete Patient:28)
	at com.kms.katalon.core.main.ScriptEngine.run(ScriptEngine.java:194)
	at com.kms.katalon.core.main.ScriptEngine.runScriptAsRawText(ScriptEngine.java:119)
	at com.kms.katalon.core.main.TestCaseExecutor.runScript(TestCaseExecutor.java:448)
	at com.kms.katalon.core.main.TestCaseExecutor.doExecute(TestCaseExecutor.java:439)
	at com.kms.katalon.core.main.TestCaseExecutor.processExecutionPhase(TestCaseExecutor.java:418)
	at com.kms.katalon.core.main.TestCaseExecutor.accessMainPhase(TestCaseExecutor.java:410)
	at com.kms.katalon.core.main.TestCaseExecutor.execute(TestCaseExecutor.java:285)
	at com.kms.katalon.core.common.CommonExecutor.accessTestCaseMainPhase(CommonExecutor.java:65)
	at com.kms.katalon.core.main.TestSuiteExecutor.accessTestSuiteMainPhase(TestSuiteExecutor.java:148)
	at com.kms.katalon.core.main.TestSuiteExecutor.execute(TestSuiteExecutor.java:106)
	at com.kms.katalon.core.main.TestCaseMain.startTestSuite(TestCaseMain.java:180)
	at TempTestSuite1715171954525.run(TempTestSuite1715171954525.groovy:36)
	at java.base/jdk.internal.reflect.NativeMethodAccessorImpl.invoke0(Native Method)
	at java.base/jdk.internal.reflect.NativeMethodAccessorImpl.invoke(NativeMethodAccessorImpl.java:77)
	at java.base/jdk.internal.reflect.DelegatingMethodAccessorImpl.invoke(DelegatingMethodAccessorImpl.java:43)
Caused by: com.kms.katalon.core.exception.StepFailedException: Object Object Repository/IOS/Patient Management/Delete Patient/XCUIElementTypeOther - Lite, Test 08052024 22M    MRN 6766 No Consent not found
	at com.kms.katalon.core.mobile.keyword.internal.MobileKeywordMain.stepFailed(MobileKeywordMain.groovy:38)
	at com.kms.katalon.core.mobile.keyword.builtin.TapKeyword$_tap_closure1.doCall(TapKeyword.groovy:46)
	at com.kms.katalon.core.mobile.keyword.builtin.TapKeyword$_tap_closure1.call(TapKeyword.groovy)
	at com.kms.katalon.core.mobile.keyword.internal.MobileKeywordMain.runKeyword(MobileKeywordMain.groovy:19)
	... 20 more]]></system-err>
      </testcase>
      <system-out><![CDATA[08-05-2024T13:39:17 - [TEST_SUITE][FAILED] - Patient Management: Test Cases/IOS/Patient Management/EK-8772 IS iPhone - Unfreeze Patient FAILED.
Reason:
com.kms.katalon.core.exception.StepFailedException: Failed to tap on element 'Object Repository/IOS/Patient Management/Unfreeze Pateint/XCUIElementTypeOther - x'
	at com.kms.katalon.core.mobile.keyword.internal.MobileKeywordMain.stepFailed(MobileKeywordMain.groovy:38)
	at com.kms.katalon.core.mobile.keyword.internal.MobileKeywordMain.runKeyword(MobileKeywordMain.groovy:21)
	at com.kms.katalon.core.mobile.keyword.builtin.TapKeyword.tap(TapKeyword.groovy:51)
	at com.kms.katalon.core.mobile.keyword.builtin.TapKeyword.execute(TapKeyword.groovy:35)
	at com.kms.katalon.core.keyword.internal.KeywordExecutor.executeKeywordForPlatform(KeywordExecutor.groovy:74)
	at com.kms.katalon.core.mobile.keyword.MobileBuiltInKeywords.tap(MobileBuiltInKeywords.groovy:1490)
	at EK-8772 IS iPhone - Unfreeze Patient.run(EK-8772 IS iPhone - Unfreeze Patient:48)
	at com.kms.katalon.core.main.ScriptEngine.run(ScriptEngine.java:194)
	at com.kms.katalon.core.main.ScriptEngine.runScriptAsRawText(ScriptEngine.java:119)
	at com.kms.katalon.core.main.TestCaseExecutor.runScript(TestCaseExecutor.java:448)
	at com.kms.katalon.core.main.TestCaseExecutor.doExecute(TestCaseExecutor.java:439)
	at com.kms.katalon.core.main.TestCaseExecutor.processExecutionPhase(TestCaseExecutor.java:418)
	at com.kms.katalon.core.main.TestCaseExecutor.accessMainPhase(TestCaseExecutor.java:410)
	at com.kms.katalon.core.main.TestCaseExecutor.execute(TestCaseExecutor.java:285)
	at com.kms.katalon.core.common.CommonExecutor.accessTestCaseMainPhase(CommonExecutor.java:65)
	at com.kms.katalon.core.main.TestSuiteExecutor.accessTestSuiteMainPhase(TestSuiteExecutor.java:148)
	at com.kms.katalon.core.main.TestSuiteExecutor.execute(TestSuiteExecutor.java:106)
	at com.kms.katalon.core.main.TestCaseMain.startTestSuite(TestCaseMain.java:180)
	at TempTestSuite1715171954525.run(TempTestSuite1715171954525.groovy:36)
	at java.base/jdk.internal.reflect.NativeMethodAccessorImpl.invoke0(Native Method)
	at java.base/jdk.internal.reflect.NativeMethodAccessorImpl.invoke(NativeMethodAccessorImpl.java:77)
	at java.base/jdk.internal.reflect.DelegatingMethodAccessorImpl.invoke(DelegatingMethodAccessorImpl.java:43)
Caused by: com.kms.katalon.core.exception.StepFailedException: Object Object Repository/IOS/Patient Management/Unfreeze Pateint/XCUIElementTypeOther - x not found
	at com.kms.katalon.core.mobile.keyword.internal.MobileKeywordMain.stepFailed(MobileKeywordMain.groovy:38)
	at com.kms.katalon.core.mobile.keyword.builtin.TapKeyword$_tap_closure1.doCall(TapKeyword.groovy:46)
	at com.kms.katalon.core.mobile.keyword.builtin.TapKeyword$_tap_closure1.call(TapKeyword.groovy)
	at com.kms.katalon.core.mobile.keyword.internal.MobileKeywordMain.runKeyword(MobileKeywordMain.groovy:19)
	... 20 more]]></system-out>
      <system-err><![CDATA[08-05-2024T13:39:17 - [TEST_SUITE][FAILED] - Patient Management: Test Cases/IOS/Patient Management/EK-8772 IS iPhone - Unfreeze Patient FAILED.
Reason:
com.kms.katalon.core.exception.StepFailedException: Failed to tap on element 'Object Repository/IOS/Patient Management/Unfreeze Pateint/XCUIElementTypeOther - x'
	at com.kms.katalon.core.mobile.keyword.internal.MobileKeywordMain.stepFailed(MobileKeywordMain.groovy:38)
	at com.kms.katalon.core.mobile.keyword.internal.MobileKeywordMain.runKeyword(MobileKeywordMain.groovy:21)
	at com.kms.katalon.core.mobile.keyword.builtin.TapKeyword.tap(TapKeyword.groovy:51)
	at com.kms.katalon.core.mobile.keyword.builtin.TapKeyword.execute(TapKeyword.groovy:35)
	at com.kms.katalon.core.keyword.internal.KeywordExecutor.executeKeywordForPlatform(KeywordExecutor.groovy:74)
	at com.kms.katalon.core.mobile.keyword.MobileBuiltInKeywords.tap(MobileBuiltInKeywords.groovy:1490)
	at EK-8772 IS iPhone - Unfreeze Patient.run(EK-8772 IS iPhone - Unfreeze Patient:48)
	at com.kms.katalon.core.main.ScriptEngine.run(ScriptEngine.java:194)
	at com.kms.katalon.core.main.ScriptEngine.runScriptAsRawText(ScriptEngine.java:119)
	at com.kms.katalon.core.main.TestCaseExecutor.runScript(TestCaseExecutor.java:448)
	at com.kms.katalon.core.main.TestCaseExecutor.doExecute(TestCaseExecutor.java:439)
	at com.kms.katalon.core.main.TestCaseExecutor.processExecutionPhase(TestCaseExecutor.java:418)
	at com.kms.katalon.core.main.TestCaseExecutor.accessMainPhase(TestCaseExecutor.java:410)
	at com.kms.katalon.core.main.TestCaseExecutor.execute(TestCaseExecutor.java:285)
	at com.kms.katalon.core.common.CommonExecutor.accessTestCaseMainPhase(CommonExecutor.java:65)
	at com.kms.katalon.core.main.TestSuiteExecutor.accessTestSuiteMainPhase(TestSuiteExecutor.java:148)
	at com.kms.katalon.core.main.TestSuiteExecutor.execute(TestSuiteExecutor.java:106)
	at com.kms.katalon.core.main.TestCaseMain.startTestSuite(TestCaseMain.java:180)
	at TempTestSuite1715171954525.run(TempTestSuite1715171954525.groovy:36)
	at java.base/jdk.internal.reflect.NativeMethodAccessorImpl.invoke0(Native Method)
	at java.base/jdk.internal.reflect.NativeMethodAccessorImpl.invoke(NativeMethodAccessorImpl.java:77)
	at java.base/jdk.internal.reflect.DelegatingMethodAccessorImpl.invoke(DelegatingMethodAccessorImpl.java:43)
Caused by: com.kms.katalon.core.exception.StepFailedException: Object Object Repository/IOS/Patient Management/Unfreeze Pateint/XCUIElementTypeOther - x not found
	at com.kms.katalon.core.mobile.keyword.internal.MobileKeywordMain.stepFailed(MobileKeywordMain.groovy:38)
	at com.kms.katalon.core.mobile.keyword.builtin.TapKeyword$_tap_closure1.doCall(TapKeyword.groovy:46)
	at com.kms.katalon.core.mobile.keyword.builtin.TapKeyword$_tap_closure1.call(TapKeyword.groovy)
	at com.kms.katalon.core.mobile.keyword.internal.MobileKeywordMain.runKeyword(MobileKeywordMain.groovy:19)
	... 20 more]]></system-err>
   </testsuite>
</testsuites>
